{"meta": {"format": 3, "version": "7.11.0", "timestamp": "2025-12-22T21:36:01.729804", "branch_coverage": true, "show_contexts": false}, "files": {"src/__init__.py": {"executed_lines": [], "summary": {"covered_lines": 0, "num_statements": 0, "percent_covered": 100.0, "percent_covered_display": "100", "missing_lines": 0, "excluded_lines": 0, "num_branches": 0, "num_partial_branches": 0, "covered_branches": 0, "missing_branches": 0}, "missing_lines": [], "excluded_lines": [], "executed_branches": [], "missing_branches": [], "functions": {"": {"executed_lines": [], "summary": {"covered_lines": 0, "num_statements": 0, "percent_covered": 100.0, "percent_covered_display": "100", "missing_lines": 0, "excluded_lines": 0, "num_branches": 0, "num_partial_branches": 0, "covered_branches": 0, "missing_branches": 0}, "missing_lines": [], "excluded_lines": [], "executed_branches": [], "missing_branches": []}}, "classes": {"": {"executed_lines": [], "summary": {"covered_lines": 0, "num_statements": 0, "percent_covered": 100.0, "percent_covered_display": "100", "missing_lines": 0, "excluded_lines": 0, "num_branches": 0, "num_partial_branches": 0, "covered_branches": 0, "missing_branches": 0}, "missing_lines": [], "excluded_lines": [], "executed_branches": [], "missing_branches": []}}}, "src/advanced_predictive_engine.py": {"executed_lines": [2, 13, 14, 15, 16, 17, 18, 19, 21, 22, 25, 26, 27, 28, 30, 33, 36, 39, 42, 43, 44, 46, 47, 48, 49, 50, 51, 52, 53, 54, 55, 56, 59, 60, 61, 63, 64, 65, 66, 67, 68, 71, 72, 78, 85, 86, 87, 90, 91, 92, 95, 96, 99, 100, 103, 106, 108, 110, 111, 114, 133, 147, 148, 150, 152, 154, 174, 281, 304, 307, 308, 310, 317, 320, 321, 322, 323, 324, 325, 326, 327, 328, 329, 330, 331, 333, 336, 337, 338, 339, 342, 343, 344, 348, 350, 352, 362, 363, 366, 370, 371, 374, 375, 377, 378, 379, 380, 383, 384, 385, 386, 387, 392, 395, 398, 401, 404, 407, 410, 425, 427, 429, 431, 433, 435, 437, 438, 439, 441, 444, 446, 448, 449, 450, 451, 452, 453, 455, 457, 459, 462, 463, 464, 465, 466, 468, 469, 477, 479, 481, 484, 485, 486, 487, 488, 489, 490, 491, 494, 495, 498, 499, 501, 503, 505, 506, 508, 509, 511, 513, 514, 516, 540, 541, 543, 545, 546, 548, 568, 569, 571, 573, 574, 576, 577, 578, 592, 593, 595, 597, 598, 600, 601, 603, 604, 614, 615, 620, 622, 624, 625, 626, 628, 631, 633, 635, 636, 638, 640, 641, 667, 668, 669, 672], "summary": {"covered_lines": 209, "num_statements": 296, "percent_covered": 69.9438202247191, "percent_covered_display": "70", "missing_lines": 87, "excluded_lines": 2, "num_branches": 60, "num_partial_branches": 6, "covered_branches": 40, "missing_branches": 20}, "missing_lines": [185, 186, 187, 190, 193, 196, 199, 200, 201, 204, 205, 211, 214, 215, 216, 219, 220, 226, 229, 230, 231, 234, 235, 241, 244, 245, 248, 249, 250, 253, 254, 256, 259, 269, 272, 273, 274, 275, 276, 277, 279, 283, 284, 285, 288, 289, 292, 297, 298, 299, 300, 302, 346, 367, 388, 389, 442, 588, 589, 591, 605, 606, 607, 608, 610, 611, 613, 617, 643, 644, 645, 646, 647, 648, 649, 650, 652, 653, 655, 656, 657, 659, 660, 661, 663, 664, 665], "excluded_lines": [672, 673], "executed_branches": [[342, 343], [362, 363], [362, 366], [366, 370], [377, 378], [377, 383], [384, 385], [384, 392], [437, 438], [437, 441], [438, 437], [438, 439], [441, 444], [448, 449], [448, 450], [450, 451], [450, 452], [452, 453], [452, 455], [462, 463], [462, 477], [464, 465], [468, 469], [468, 477], [484, 485], [484, 487], [487, 488], [487, 490], [490, 491], [490, 494], [494, 495], [494, 498], [498, 499], [498, 501], [505, 506], [505, 508], [600, 601], [633, 635], [633, 638], [638, 640]], "missing_branches": [[253, 254], [253, 256], [283, 284], [283, 288], [297, 298], [297, 302], [342, 346], [366, 367], [441, 442], [464, 477], [600, 617], [638, -620], [652, 653], [652, 655], [656, 657], [656, 659], [660, 661], [660, 663], [664, -620], [664, 665]], "functions": {"AdvancedPredictiveEngine.__init__": {"executed_lines": [85, 86, 87, 90, 91, 92, 95, 96, 99, 100, 103, 106], "summary": {"covered_lines": 12, "num_statements": 12, "percent_covered": 100.0, "percent_covered_display": "100", "missing_lines": 0, "excluded_lines": 0, "num_branches": 0, "num_partial_branches": 0, "covered_branches": 0, "missing_branches": 0}, "missing_lines": [], "excluded_lines": [], "executed_branches": [], "missing_branches": []}, "AdvancedPredictiveEngine._init_database": {"executed_lines": [110, 111, 114, 133, 147, 148, 150], "summary": {"covered_lines": 7, "num_statements": 7, "percent_covered": 100.0, "percent_covered_display": "100", "missing_lines": 0, "excluded_lines": 0, "num_branches": 0, "num_partial_branches": 0, "covered_branches": 0, "missing_branches": 0}, "missing_lines": [], "excluded_lines": [], "executed_branches": [], "missing_branches": []}, "AdvancedPredictiveEngine._get_param_grids": {"executed_lines": [154], "summary": {"covered_lines": 1, "num_statements": 1, "percent_covered": 100.0, "percent_covered_display": "100", "missing_lines": 0, "excluded_lines": 0, "num_branches": 0, "num_partial_branches": 0, "covered_branches": 0, "missing_branches": 0}, "missing_lines": [], "excluded_lines": [], "executed_branches": [], "missing_branches": []}, "AdvancedPredictiveEngine.automl_train": {"executed_lines": [], "summary": {"covered_lines": 0, "num_statements": 41, "percent_covered": 0.0, "percent_covered_display": "0", "missing_lines": 41, "excluded_lines": 0, "num_branches": 2, "num_partial_branches": 0, "covered_branches": 0, "missing_branches": 2}, "missing_lines": [185, 186, 187, 190, 193, 196, 199, 200, 201, 204, 205, 211, 214, 215, 216, 219, 220, 226, 229, 230, 231, 234, 235, 241, 244, 245, 248, 249, 250, 253, 254, 256, 259, 269, 272, 273, 274, 275, 276, 277, 279], "excluded_lines": [], "executed_branches": [], "missing_branches": [[253, 254], [253, 256]]}, "AdvancedPredictiveEngine._build_ensemble": {"executed_lines": [], "summary": {"covered_lines": 0, "num_statements": 11, "percent_covered": 0.0, "percent_covered_display": "0", "missing_lines": 11, "excluded_lines": 0, "num_branches": 4, "num_partial_branches": 0, "covered_branches": 0, "missing_branches": 4}, "missing_lines": [283, 284, 285, 288, 289, 292, 297, 298, 299, 300, 302], "excluded_lines": [], "executed_branches": [], "missing_branches": [[283, 284], [283, 288], [297, 298], [297, 302]]}, "AdvancedPredictiveEngine._collect_training_data": {"executed_lines": [307, 308, 310, 317, 320, 321, 322, 323, 324, 325, 326, 327, 328, 329, 330, 331, 333, 336, 337, 338, 339, 342, 343, 344, 348, 350], "summary": {"covered_lines": 26, "num_statements": 27, "percent_covered": 93.10344827586206, "percent_covered_display": "93", "missing_lines": 1, "excluded_lines": 0, "num_branches": 2, "num_partial_branches": 1, "covered_branches": 1, "missing_branches": 1}, "missing_lines": [346], "excluded_lines": [], "executed_branches": [[342, 343]], "missing_branches": [[342, 346]]}, "AdvancedPredictiveEngine.predict_advanced": {"executed_lines": [362, 363, 366, 370, 371, 374, 375, 377, 378, 379, 380, 383, 384, 385, 386, 387, 392, 395, 398, 401, 404, 407, 410, 425, 427], "summary": {"covered_lines": 25, "num_statements": 28, "percent_covered": 88.88888888888889, "percent_covered_display": "89", "missing_lines": 3, "excluded_lines": 0, "num_branches": 8, "num_partial_branches": 1, "covered_branches": 7, "missing_branches": 1}, "missing_lines": [367, 388, 389], "excluded_lines": [], "executed_branches": [[362, 363], [362, 366], [366, 370], [377, 378], [377, 383], [384, 385], [384, 392]], "missing_branches": [[366, 367]]}, "AdvancedPredictiveEngine._collect_current_metrics": {"executed_lines": [431], "summary": {"covered_lines": 1, "num_statements": 1, "percent_covered": 100.0, "percent_covered_display": "100", "missing_lines": 0, "excluded_lines": 0, "num_branches": 0, "num_partial_branches": 0, "covered_branches": 0, "missing_branches": 0}, "missing_lines": [], "excluded_lines": [], "executed_branches": [], "missing_branches": []}, "AdvancedPredictiveEngine._build_feature_vector": {"executed_lines": [435, 437, 438, 439, 441, 444], "summary": {"covered_lines": 6, "num_statements": 7, "percent_covered": 84.61538461538461, "percent_covered_display": "85", "missing_lines": 1, "excluded_lines": 0, "num_branches": 6, "num_partial_branches": 1, "covered_branches": 5, "missing_branches": 1}, "missing_lines": [442], "excluded_lines": [], "executed_branches": [[437, 438], [437, 441], [438, 437], [438, 439], [441, 444]], "missing_branches": [[441, 442]]}, "AdvancedPredictiveEngine._determine_risk_level": {"executed_lines": [448, 449, 450, 451, 452, 453, 455], "summary": {"covered_lines": 7, "num_statements": 7, "percent_covered": 100.0, "percent_covered_display": "100", "missing_lines": 0, "excluded_lines": 0, "num_branches": 6, "num_partial_branches": 0, "covered_branches": 6, "missing_branches": 0}, "missing_lines": [], "excluded_lines": [], "executed_branches": [[448, 449], [448, 450], [450, 451], [450, 452], [452, 453], [452, 455]], "missing_branches": []}, "AdvancedPredictiveEngine._analyze_contributing_factors": {"executed_lines": [459, 462, 463, 464, 465, 466, 468, 469, 477], "summary": {"covered_lines": 9, "num_statements": 9, "percent_covered": 93.33333333333333, "percent_covered_display": "93", "missing_lines": 0, "excluded_lines": 0, "num_branches": 6, "num_partial_branches": 1, "covered_branches": 5, "missing_branches": 1}, "missing_lines": [], "excluded_lines": [], "executed_branches": [[462, 463], [462, 477], [464, 465], [468, 469], [468, 477]], "missing_branches": [[464, 477]]}, "AdvancedPredictiveEngine._generate_recommendations": {"executed_lines": [481, 484, 485, 486, 487, 488, 489, 490, 491, 494, 495, 498, 499, 501], "summary": {"covered_lines": 14, "num_statements": 14, "percent_covered": 100.0, "percent_covered_display": "100", "missing_lines": 0, "excluded_lines": 0, "num_branches": 10, "num_partial_branches": 0, "covered_branches": 10, "missing_branches": 0}, "missing_lines": [], "excluded_lines": [], "executed_branches": [[484, 485], [484, 487], [487, 488], [487, 490], [490, 491], [490, 494], [494, 495], [494, 498], [498, 499], [498, 501]], "missing_branches": []}, "AdvancedPredictiveEngine._estimate_failure_time": {"executed_lines": [505, 506, 508, 509], "summary": {"covered_lines": 4, "num_statements": 4, "percent_covered": 100.0, "percent_covered_display": "100", "missing_lines": 0, "excluded_lines": 0, "num_branches": 2, "num_partial_branches": 0, "covered_branches": 2, "missing_branches": 0}, "missing_lines": [], "excluded_lines": [], "executed_branches": [[505, 506], [505, 508]], "missing_branches": []}, "AdvancedPredictiveEngine._save_prediction": {"executed_lines": [513, 514, 516, 540, 541], "summary": {"covered_lines": 5, "num_statements": 5, "percent_covered": 100.0, "percent_covered_display": "100", "missing_lines": 0, "excluded_lines": 0, "num_branches": 0, "num_partial_branches": 0, "covered_branches": 0, "missing_branches": 0}, "missing_lines": [], "excluded_lines": [], "executed_branches": [], "missing_branches": []}, "AdvancedPredictiveEngine._save_automl_experiment": {"executed_lines": [545, 546, 548, 568, 569], "summary": {"covered_lines": 5, "num_statements": 5, "percent_covered": 100.0, "percent_covered_display": "100", "missing_lines": 0, "excluded_lines": 0, "num_branches": 0, "num_partial_branches": 0, "covered_branches": 0, "missing_branches": 0}, "missing_lines": [], "excluded_lines": [], "executed_branches": [], "missing_branches": []}, "AdvancedPredictiveEngine._save_models": {"executed_lines": [573, 574, 576, 577, 578, 592, 593], "summary": {"covered_lines": 7, "num_statements": 10, "percent_covered": 70.0, "percent_covered_display": "70", "missing_lines": 3, "excluded_lines": 0, "num_branches": 0, "num_partial_branches": 0, "covered_branches": 0, "missing_branches": 0}, "missing_lines": [588, 589, 591], "excluded_lines": [], "executed_branches": [], "missing_branches": []}, "AdvancedPredictiveEngine._load_models": {"executed_lines": [597, 598, 600, 601, 603, 604, 614, 615], "summary": {"covered_lines": 8, "num_statements": 16, "percent_covered": 50.0, "percent_covered_display": "50", "missing_lines": 8, "excluded_lines": 0, "num_branches": 2, "num_partial_branches": 1, "covered_branches": 1, "missing_branches": 1}, "missing_lines": [605, 606, 607, 608, 610, 611, 613, 617], "excluded_lines": [], "executed_branches": [[600, 601]], "missing_branches": [[600, 617]]}, "main": {"executed_lines": [622, 624, 625, 626, 628, 631, 633, 635, 636, 638, 640, 641, 667, 668, 669], "summary": {"covered_lines": 15, "num_statements": 34, "percent_covered": 39.130434782608695, "percent_covered_display": "39", "missing_lines": 19, "excluded_lines": 0, "num_branches": 12, "num_partial_branches": 1, "covered_branches": 3, "missing_branches": 9}, "missing_lines": [643, 644, 645, 646, 647, 648, 649, 650, 652, 653, 655, 656, 657, 659, 660, 661, 663, 664, 665], "excluded_lines": [], "executed_branches": [[633, 635], [633, 638], [638, 640]], "missing_branches": [[638, -620], [652, 653], [652, 655], [656, 657], [656, 659], [660, 661], [660, 663], [664, -620], [664, 665]]}, "": {"executed_lines": [2, 13, 14, 15, 16, 17, 18, 19, 21, 22, 25, 26, 27, 28, 30, 33, 36, 39, 42, 43, 44, 46, 47, 48, 49, 50, 51, 52, 53, 54, 55, 56, 59, 60, 61, 63, 64, 65, 66, 67, 68, 71, 72, 78, 108, 152, 174, 281, 304, 352, 429, 433, 446, 457, 479, 503, 511, 543, 571, 595, 620, 672], "summary": {"covered_lines": 57, "num_statements": 57, "percent_covered": 100.0, "percent_covered_display": "100", "missing_lines": 0, "excluded_lines": 2, "num_branches": 0, "num_partial_branches": 0, "covered_branches": 0, "missing_branches": 0}, "missing_lines": [], "excluded_lines": [672, 673], "executed_branches": [], "missing_branches": []}}, "classes": {"AdvancedPrediction": {"executed_lines": [], "summary": {"covered_lines": 0, "num_statements": 0, "percent_covered": 100.0, "percent_covered_display": "100", "missing_lines": 0, "excluded_lines": 0, "num_branches": 0, "num_partial_branches": 0, "covered_branches": 0, "missing_branches": 0}, "missing_lines": [], "excluded_lines": [], "executed_branches": [], "missing_branches": []}, "AutoMLResults": {"executed_lines": [], "summary": {"covered_lines": 0, "num_statements": 0, "percent_covered": 100.0, "percent_covered_display": "100", "missing_lines": 0, "excluded_lines": 0, "num_branches": 0, "num_partial_branches": 0, "covered_branches": 0, "missing_branches": 0}, "missing_lines": [], "excluded_lines": [], "executed_branches": [], "missing_branches": []}, "AdvancedPredictiveEngine": {"executed_lines": [85, 86, 87, 90, 91, 92, 95, 96, 99, 100, 103, 106, 110, 111, 114, 133, 147, 148, 150, 154, 307, 308, 310, 317, 320, 321, 322, 323, 324, 325, 326, 327, 328, 329, 330, 331, 333, 336, 337, 338, 339, 342, 343, 344, 348, 350, 362, 363, 366, 370, 371, 374, 375, 377, 378, 379, 380, 383, 384, 385, 386, 387, 392, 395, 398, 401, 404, 407, 410, 425, 427, 431, 435, 437, 438, 439, 441, 444, 448, 449, 450, 451, 452, 453, 455, 459, 462, 463, 464, 465, 466, 468, 469, 477, 481, 484, 485, 486, 487, 488, 489, 490, 491, 494, 495, 498, 499, 501, 505, 506, 508, 509, 513, 514, 516, 540, 541, 545, 546, 548, 568, 569, 573, 574, 576, 577, 578, 592, 593, 597, 598, 600, 601, 603, 604, 614, 615], "summary": {"covered_lines": 137, "num_statements": 205, "percent_covered": 68.77470355731225, "percent_covered_display": "69", "missing_lines": 68, "excluded_lines": 0, "num_branches": 48, "num_partial_branches": 5, "covered_branches": 37, "missing_branches": 11}, "missing_lines": [185, 186, 187, 190, 193, 196, 199, 200, 201, 204, 205, 211, 214, 215, 216, 219, 220, 226, 229, 230, 231, 234, 235, 241, 244, 245, 248, 249, 250, 253, 254, 256, 259, 269, 272, 273, 274, 275, 276, 277, 279, 283, 284, 285, 288, 289, 292, 297, 298, 299, 300, 302, 346, 367, 388, 389, 442, 588, 589, 591, 605, 606, 607, 608, 610, 611, 613, 617], "excluded_lines": [], "executed_branches": [[342, 343], [362, 363], [362, 366], [366, 370], [377, 378], [377, 383], [384, 385], [384, 392], [437, 438], [437, 441], [438, 437], [438, 439], [441, 444], [448, 449], [448, 450], [450, 451], [450, 452], [452, 453], [452, 455], [462, 463], [462, 477], [464, 465], [468, 469], [468, 477], [484, 485], [484, 487], [487, 488], [487, 490], [490, 491], [490, 494], [494, 495], [494, 498], [498, 499], [498, 501], [505, 506], [505, 508], [600, 601]], "missing_branches": [[253, 254], [253, 256], [283, 284], [283, 288], [297, 298], [297, 302], [342, 346], [366, 367], [441, 442], [464, 477], [600, 617]]}, "": {"executed_lines": [2, 13, 14, 15, 16, 17, 18, 19, 21, 22, 25, 26, 27, 28, 30, 33, 36, 39, 42, 43, 44, 46, 47, 48, 49, 50, 51, 52, 53, 54, 55, 56, 59, 60, 61, 63, 64, 65, 66, 67, 68, 71, 72, 78, 108, 152, 174, 281, 304, 352, 429, 433, 446, 457, 479, 503, 511, 543, 571, 595, 620, 622, 624, 625, 626, 628, 631, 633, 635, 636, 638, 640, 641, 667, 668, 669, 672], "summary": {"covered_lines": 72, "num_statements": 91, "percent_covered": 72.81553398058253, "percent_covered_display": "73", "missing_lines": 19, "excluded_lines": 2, "num_branches": 12, "num_partial_branches": 1, "covered_branches": 3, "missing_branches": 9}, "missing_lines": [643, 644, 645, 646, 647, 648, 649, 650, 652, 653, 655, 656, 657, 659, 660, 661, 663, 664, 665], "excluded_lines": [672, 673], "executed_branches": [[633, 635], [633, 638], [638, 640]], "missing_branches": [[638, -620], [652, 653], [652, 655], [656, 657], [656, 659], [660, 661], [660, 663], [664, -620], [664, 665]]}}}, "src/advanced_trend_dashboard/__init__.py": {"executed_lines": [2, 16, 17, 18, 26, 36], "summary": {"covered_lines": 5, "num_statements": 5, "percent_covered": 100.0, "percent_covered_display": "100", "missing_lines": 0, "excluded_lines": 0, "num_branches": 0, "num_partial_branches": 0, "covered_branches": 0, "missing_branches": 0}, "missing_lines": [], "excluded_lines": [], "executed_branches": [], "missing_branches": [], "functions": {"": {"executed_lines": [2, 16, 17, 18, 26, 36], "summary": {"covered_lines": 5, "num_statements": 5, "percent_covered": 100.0, "percent_covered_display": "100", "missing_lines": 0, "excluded_lines": 0, "num_branches": 0, "num_partial_branches": 0, "covered_branches": 0, "missing_branches": 0}, "missing_lines": [], "excluded_lines": [], "executed_branches": [], "missing_branches": []}}, "classes": {"": {"executed_lines": [2, 16, 17, 18, 26, 36], "summary": {"covered_lines": 5, "num_statements": 5, "percent_covered": 100.0, "percent_covered_display": "100", "missing_lines": 0, "excluded_lines": 0, "num_branches": 0, "num_partial_branches": 0, "covered_branches": 0, "missing_branches": 0}, "missing_lines": [], "excluded_lines": [], "executed_branches": [], "missing_branches": []}}}, "src/advanced_trend_dashboard/dashboard.py": {"executed_lines": [2, 4, 5, 6, 7, 8, 9, 11, 13, 14, 22, 32, 35, 36, 38, 39, 40, 41, 42, 44, 46, 47, 49, 64, 78, 79, 81, 83, 84, 85, 86, 87, 88, 89, 91, 101, 104, 112, 113, 114, 116, 118, 121, 122, 123, 124, 125, 126, 129, 130, 131, 132, 133, 134, 137, 138, 139, 140, 141, 142, 145, 146, 147, 148, 149, 150, 153, 154, 155, 156, 157, 158, 161, 162, 163, 164, 165, 166, 169, 170, 171, 172, 173, 174, 176, 178, 179, 180, 182, 186, 188, 192, 194, 198, 200, 205, 207, 208, 210, 212, 223, 225, 230, 231, 232, 233, 241, 243, 248, 249, 250, 251, 252, 262, 264, 265, 266, 268, 273, 274, 276, 277, 279, 280, 281, 283, 284, 292, 293, 295, 301, 303, 320, 322, 323, 325, 332, 333, 334, 335, 348, 349, 351, 353, 354, 355, 357, 361, 362, 364, 365, 367, 374, 386, 388, 389, 390, 392, 400, 401, 402, 408, 409, 411, 413, 414, 415, 417, 422, 423, 424, 425, 426, 427, 428, 429, 430, 432, 434, 435, 437, 445, 447, 448, 450, 451, 452, 453, 462, 463, 472, 473, 482, 483, 484, 493, 495, 497, 498, 549, 551, 555, 557, 558, 560, 561, 564, 566, 568, 569, 570, 571, 572, 574, 576, 578, 579, 581, 582, 584, 590, 591, 592, 593, 596], "summary": {"covered_lines": 222, "num_statements": 271, "percent_covered": 77.61194029850746, "percent_covered_display": "78", "missing_lines": 49, "excluded_lines": 2, "num_branches": 64, "num_partial_branches": 4, "covered_branches": 38, "missing_branches": 26}, "missing_lines": [105, 106, 107, 108, 109, 110, 500, 503, 504, 505, 506, 507, 508, 509, 512, 513, 514, 515, 516, 517, 518, 521, 522, 523, 524, 525, 526, 527, 530, 531, 532, 533, 534, 535, 536, 539, 540, 541, 542, 543, 544, 545, 547, 552, 553, 585, 586, 587, 588], "excluded_lines": [596, 597], "executed_branches": [[104, 112], [231, 232], [231, 233], [249, 250], [249, 251], [276, 277], [276, 279], [283, 284], [283, 295], [333, 334], [333, 348], [364, 365], [364, 367], [401, 402], [401, 408], [423, 424], [423, 432], [425, 423], [425, 426], [428, 429], [428, 430], [450, 451], [450, 462], [452, 453], [452, 462], [462, 463], [462, 472], [472, 473], [472, 482], [483, 484], [483, 493], [497, 498], [551, 555], [578, 579], [578, 590], [581, 582], [581, 584], [584, -564]], "missing_branches": [[104, 105], [497, 500], [504, 505], [504, 512], [506, 507], [506, 512], [513, 514], [513, 521], [515, 516], [515, 521], [522, 523], [522, 530], [524, 525], [524, 530], [531, 532], [531, 539], [533, 534], [533, 539], [540, 541], [540, 547], [542, 543], [542, 547], [551, 552], [584, 585], [587, -564], [587, 588]], "functions": {"AdvancedTrendDashboard.__init__": {"executed_lines": [39, 40, 41, 42], "summary": {"covered_lines": 4, "num_statements": 4, "percent_covered": 100.0, "percent_covered_display": "100", "missing_lines": 0, "excluded_lines": 0, "num_branches": 0, "num_partial_branches": 0, "covered_branches": 0, "missing_branches": 0}, "missing_lines": [], "excluded_lines": [], "executed_branches": [], "missing_branches": []}, "AdvancedTrendDashboard._init_database_tables": {"executed_lines": [46, 47, 49, 64, 78, 79], "summary": {"covered_lines": 6, "num_statements": 6, "percent_covered": 100.0, "percent_covered_display": "100", "missing_lines": 0, "excluded_lines": 0, "num_branches": 0, "num_partial_branches": 0, "covered_branches": 0, "missing_branches": 0}, "missing_lines": [], "excluded_lines": [], "executed_branches": [], "missing_branches": []}, "AdvancedTrendDashboard.generate_comprehensive_dashboard": {"executed_lines": [83, 84, 85, 86, 87, 88, 89, 91, 101, 104, 112, 113, 114, 116], "summary": {"covered_lines": 14, "num_statements": 20, "percent_covered": 68.18181818181819, "percent_covered_display": "68", "missing_lines": 6, "excluded_lines": 0, "num_branches": 2, "num_partial_branches": 1, "covered_branches": 1, "missing_branches": 1}, "missing_lines": [105, 106, 107, 108, 109, 110], "excluded_lines": [], "executed_branches": [[104, 112]], "missing_branches": [[104, 105]]}, "AdvancedTrendDashboard._build_all_sections": {"executed_lines": [121, 122, 123, 124, 125, 126, 129, 130, 131, 132, 133, 134, 137, 138, 139, 140, 141, 142, 145, 146, 147, 148, 149, 150, 153, 154, 155, 156, 157, 158, 161, 162, 163, 164, 165, 166, 169, 170, 171, 172, 173, 174], "summary": {"covered_lines": 42, "num_statements": 42, "percent_covered": 100.0, "percent_covered_display": "100", "missing_lines": 0, "excluded_lines": 0, "num_branches": 0, "num_partial_branches": 0, "covered_branches": 0, "missing_branches": 0}, "missing_lines": [], "excluded_lines": [], "executed_branches": [], "missing_branches": []}, "AdvancedTrendDashboard._get_summary_metrics": {"executed_lines": [178, 179, 180, 182, 186, 188, 192, 194, 198, 200, 205, 207, 208, 210, 212], "summary": {"covered_lines": 15, "num_statements": 15, "percent_covered": 100.0, "percent_covered_display": "100", "missing_lines": 0, "excluded_lines": 0, "num_branches": 0, "num_partial_branches": 0, "covered_branches": 0, "missing_branches": 0}, "missing_lines": [], "excluded_lines": [], "executed_branches": [], "missing_branches": []}, "AdvancedTrendDashboard._get_latest_prediction": {"executed_lines": [225, 230, 231, 232, 233], "summary": {"covered_lines": 5, "num_statements": 5, "percent_covered": 100.0, "percent_covered_display": "100", "missing_lines": 0, "excluded_lines": 0, "num_branches": 2, "num_partial_branches": 0, "covered_branches": 2, "missing_branches": 0}, "missing_lines": [], "excluded_lines": [], "executed_branches": [[231, 232], [231, 233]], "missing_branches": []}, "AdvancedTrendDashboard._get_latest_experiment": {"executed_lines": [243, 248, 249, 250, 251, 252], "summary": {"covered_lines": 6, "num_statements": 6, "percent_covered": 100.0, "percent_covered_display": "100", "missing_lines": 0, "excluded_lines": 0, "num_branches": 2, "num_partial_branches": 0, "covered_branches": 2, "missing_branches": 0}, "missing_lines": [], "excluded_lines": [], "executed_branches": [[249, 250], [249, 251]], "missing_branches": []}, "AdvancedTrendDashboard._analyze_prediction_trends": {"executed_lines": [264, 265, 266, 268, 273, 274, 276, 277, 279, 280, 281, 283, 284, 292, 293, 295], "summary": {"covered_lines": 16, "num_statements": 16, "percent_covered": 100.0, "percent_covered_display": "100", "missing_lines": 0, "excluded_lines": 0, "num_branches": 4, "num_partial_branches": 0, "covered_branches": 4, "missing_branches": 0}, "missing_lines": [], "excluded_lines": [], "executed_branches": [[276, 277], [276, 279], [283, 284], [283, 295]], "missing_branches": []}, "AdvancedTrendDashboard._compute_statistics": {"executed_lines": [303], "summary": {"covered_lines": 1, "num_statements": 1, "percent_covered": 100.0, "percent_covered_display": "100", "missing_lines": 0, "excluded_lines": 0, "num_branches": 0, "num_partial_branches": 0, "covered_branches": 0, "missing_branches": 0}, "missing_lines": [], "excluded_lines": [], "executed_branches": [], "missing_branches": []}, "AdvancedTrendDashboard._get_automl_history": {"executed_lines": [322, 323, 325, 332, 333, 334, 335, 348, 349], "summary": {"covered_lines": 9, "num_statements": 9, "percent_covered": 100.0, "percent_covered_display": "100", "missing_lines": 0, "excluded_lines": 0, "num_branches": 2, "num_partial_branches": 0, "covered_branches": 2, "missing_branches": 0}, "missing_lines": [], "excluded_lines": [], "executed_branches": [[333, 334], [333, 348]], "missing_branches": []}, "AdvancedTrendDashboard._analyze_model_agreement": {"executed_lines": [353, 354, 355, 357, 361, 362, 364, 365, 367, 374], "summary": {"covered_lines": 10, "num_statements": 10, "percent_covered": 100.0, "percent_covered_display": "100", "missing_lines": 0, "excluded_lines": 0, "num_branches": 2, "num_partial_branches": 0, "covered_branches": 2, "missing_branches": 0}, "missing_lines": [], "excluded_lines": [], "executed_branches": [[364, 365], [364, 367]], "missing_branches": []}, "AdvancedTrendDashboard._analyze_risk_distribution": {"executed_lines": [388, 389, 390, 392, 400, 401, 402, 408, 409], "summary": {"covered_lines": 9, "num_statements": 9, "percent_covered": 100.0, "percent_covered_display": "100", "missing_lines": 0, "excluded_lines": 0, "num_branches": 2, "num_partial_branches": 0, "covered_branches": 2, "missing_branches": 0}, "missing_lines": [], "excluded_lines": [], "executed_branches": [[401, 402], [401, 408]], "missing_branches": []}, "AdvancedTrendDashboard._analyze_contributing_factors": {"executed_lines": [413, 414, 415, 417, 422, 423, 424, 425, 426, 427, 428, 429, 430, 432, 434, 435, 437], "summary": {"covered_lines": 17, "num_statements": 17, "percent_covered": 100.0, "percent_covered_display": "100", "missing_lines": 0, "excluded_lines": 0, "num_branches": 6, "num_partial_branches": 0, "covered_branches": 6, "missing_branches": 0}, "missing_lines": [], "excluded_lines": [], "executed_branches": [[423, 424], [423, 432], [425, 423], [425, 426], [428, 429], [428, 430]], "missing_branches": []}, "AdvancedTrendDashboard._generate_alerts": {"executed_lines": [447, 448, 450, 451, 452, 453, 462, 463, 472, 473, 482, 483, 484, 493], "summary": {"covered_lines": 14, "num_statements": 14, "percent_covered": 100.0, "percent_covered_display": "100", "missing_lines": 0, "excluded_lines": 0, "num_branches": 10, "num_partial_branches": 0, "covered_branches": 10, "missing_branches": 0}, "missing_lines": [], "excluded_lines": [], "executed_branches": [[450, 451], [450, 462], [452, 453], [452, 462], [462, 463], [462, 472], [472, 473], [472, 482], [483, 484], [483, 493]], "missing_branches": []}, "AdvancedTrendDashboard._generate_plotly_graphs": {"executed_lines": [497, 498], "summary": {"covered_lines": 2, "num_statements": 39, "percent_covered": 4.918032786885246, "percent_covered_display": "5", "missing_lines": 37, "excluded_lines": 0, "num_branches": 22, "num_partial_branches": 1, "covered_branches": 1, "missing_branches": 21}, "missing_lines": [500, 503, 504, 505, 506, 507, 508, 509, 512, 513, 514, 515, 516, 517, 518, 521, 522, 523, 524, 525, 526, 527, 530, 531, 532, 533, 534, 535, 536, 539, 540, 541, 542, 543, 544, 545, 547], "excluded_lines": [], "executed_branches": [[497, 498]], "missing_branches": [[497, 500], [504, 505], [504, 512], [506, 507], [506, 512], [513, 514], [513, 521], [515, 516], [515, 521], [522, 523], [522, 530], [524, 525], [524, 530], [531, 532], [531, 539], [533, 534], [533, 539], [540, 541], [540, 547], [542, 543], [542, 547]]}, "AdvancedTrendDashboard.save_dashboard": {"executed_lines": [551, 555, 557, 558, 560, 561], "summary": {"covered_lines": 6, "num_statements": 8, "percent_covered": 70.0, "percent_covered_display": "70", "missing_lines": 2, "excluded_lines": 0, "num_branches": 2, "num_partial_branches": 1, "covered_branches": 1, "missing_branches": 1}, "missing_lines": [552, 553], "excluded_lines": [], "executed_branches": [[551, 555]], "missing_branches": [[551, 552]]}, "main": {"executed_lines": [566, 568, 569, 570, 571, 572, 574, 576, 578, 579, 581, 582, 584, 590, 591, 592, 593], "summary": {"covered_lines": 17, "num_statements": 21, "percent_covered": 75.86206896551724, "percent_covered_display": "76", "missing_lines": 4, "excluded_lines": 0, "num_branches": 8, "num_partial_branches": 1, "covered_branches": 5, "missing_branches": 3}, "missing_lines": [585, 586, 587, 588], "excluded_lines": [], "executed_branches": [[578, 579], [578, 590], [581, 582], [581, 584], [584, -564]], "missing_branches": [[584, 585], [587, -564], [587, 588]]}, "": {"executed_lines": [2, 4, 5, 6, 7, 8, 9, 11, 13, 14, 22, 32, 35, 36, 38, 44, 81, 118, 176, 223, 241, 262, 301, 320, 351, 386, 411, 445, 495, 549, 564, 596], "summary": {"covered_lines": 29, "num_statements": 29, "percent_covered": 100.0, "percent_covered_display": "100", "missing_lines": 0, "excluded_lines": 2, "num_branches": 0, "num_partial_branches": 0, "covered_branches": 0, "missing_branches": 0}, "missing_lines": [], "excluded_lines": [596, 597], "executed_branches": [], "missing_branches": []}}, "classes": {"AdvancedTrendDashboard": {"executed_lines": [39, 40, 41, 42, 46, 47, 49, 64, 78, 79, 83, 84, 85, 86, 87, 88, 89, 91, 101, 104, 112, 113, 114, 116, 121, 122, 123, 124, 125, 126, 129, 130, 131, 132, 133, 134, 137, 138, 139, 140, 141, 142, 145, 146, 147, 148, 149, 150, 153, 154, 155, 156, 157, 158, 161, 162, 163, 164, 165, 166, 169, 170, 171, 172, 173, 174, 178, 179, 180, 182, 186, 188, 192, 194, 198, 200, 205, 207, 208, 210, 212, 225, 230, 231, 232, 233, 243, 248, 249, 250, 251, 252, 264, 265, 266, 268, 273, 274, 276, 277, 279, 280, 281, 283, 284, 292, 293, 295, 303, 322, 323, 325, 332, 333, 334, 335, 348, 349, 353, 354, 355, 357, 361, 362, 364, 365, 367, 374, 388, 389, 390, 392, 400, 401, 402, 408, 409, 413, 414, 415, 417, 422, 423, 424, 425, 426, 427, 428, 429, 430, 432, 434, 435, 437, 447, 448, 450, 451, 452, 453, 462, 463, 472, 473, 482, 483, 484, 493, 497, 498, 551, 555, 557, 558, 560, 561], "summary": {"covered_lines": 176, "num_statements": 221, "percent_covered": 75.45126353790614, "percent_covered_display": "75", "missing_lines": 45, "excluded_lines": 0, "num_branches": 56, "num_partial_branches": 3, "covered_branches": 33, "missing_branches": 23}, "missing_lines": [105, 106, 107, 108, 109, 110, 500, 503, 504, 505, 506, 507, 508, 509, 512, 513, 514, 515, 516, 517, 518, 521, 522, 523, 524, 525, 526, 527, 530, 531, 532, 533, 534, 535, 536, 539, 540, 541, 542, 543, 544, 545, 547, 552, 553], "excluded_lines": [], "executed_branches": [[104, 112], [231, 232], [231, 233], [249, 250], [249, 251], [276, 277], [276, 279], [283, 284], [283, 295], [333, 334], [333, 348], [364, 365], [364, 367], [401, 402], [401, 408], [423, 424], [423, 432], [425, 423], [425, 426], [428, 429], [428, 430], [450, 451], [450, 462], [452, 453], [452, 462], [462, 463], [462, 472], [472, 473], [472, 482], [483, 484], [483, 493], [497, 498], [551, 555]], "missing_branches": [[104, 105], [497, 500], [504, 505], [504, 512], [506, 507], [506, 512], [513, 514], [513, 521], [515, 516], [515, 521], [522, 523], [522, 530], [524, 525], [524, 530], [531, 532], [531, 539], [533, 534], [533, 539], [540, 541], [540, 547], [542, 543], [542, 547], [551, 552]]}, "": {"executed_lines": [2, 4, 5, 6, 7, 8, 9, 11, 13, 14, 22, 32, 35, 36, 38, 44, 81, 118, 176, 223, 241, 262, 301, 320, 351, 386, 411, 445, 495, 549, 564, 566, 568, 569, 570, 571, 572, 574, 576, 578, 579, 581, 582, 584, 590, 591, 592, 593, 596], "summary": {"covered_lines": 46, "num_statements": 50, "percent_covered": 87.93103448275862, "percent_covered_display": "88", "missing_lines": 4, "excluded_lines": 2, "num_branches": 8, "num_partial_branches": 1, "covered_branches": 5, "missing_branches": 3}, "missing_lines": [585, 586, 587, 588], "excluded_lines": [596, 597], "executed_branches": [[578, 579], [578, 590], [581, 582], [581, 584], [584, -564]], "missing_branches": [[584, 585], [587, -564], [587, 588]]}}}, "src/advanced_trend_dashboard/models.py": {"executed_lines": [2, 4, 5, 8, 9, 10, 12, 13, 14, 15, 16, 19, 20, 21, 23, 24, 25, 26, 27, 28, 29, 32, 33, 34, 36, 37, 38, 39, 40, 41, 42, 43], "summary": {"covered_lines": 28, "num_statements": 28, "percent_covered": 100.0, "percent_covered_display": "100", "missing_lines": 0, "excluded_lines": 0, "num_branches": 0, "num_partial_branches": 0, "covered_branches": 0, "missing_branches": 0}, "missing_lines": [], "excluded_lines": [], "executed_branches": [], "missing_branches": [], "functions": {"": {"executed_lines": [2, 4, 5, 8, 9, 10, 12, 13, 14, 15, 16, 19, 20, 21, 23, 24, 25, 26, 27, 28, 29, 32, 33, 34, 36, 37, 38, 39, 40, 41, 42, 43], "summary": {"covered_lines": 28, "num_statements": 28, "percent_covered": 100.0, "percent_covered_display": "100", "missing_lines": 0, "excluded_lines": 0, "num_branches": 0, "num_partial_branches": 0, "covered_branches": 0, "missing_branches": 0}, "missing_lines": [], "excluded_lines": [], "executed_branches": [], "missing_branches": []}}, "classes": {"PredictionTrend": {"executed_lines": [], "summary": {"covered_lines": 0, "num_statements": 0, "percent_covered": 100.0, "percent_covered_display": "100", "missing_lines": 0, "excluded_lines": 0, "num_branches": 0, "num_partial_branches": 0, "covered_branches": 0, "missing_branches": 0}, "missing_lines": [], "excluded_lines": [], "executed_branches": [], "missing_branches": []}, "AutoMLExperiment": {"executed_lines": [], "summary": {"covered_lines": 0, "num_statements": 0, "percent_covered": 100.0, "percent_covered_display": "100", "missing_lines": 0, "excluded_lines": 0, "num_branches": 0, "num_partial_branches": 0, "covered_branches": 0, "missing_branches": 0}, "missing_lines": [], "excluded_lines": [], "executed_branches": [], "missing_branches": []}, "DashboardMetrics": {"executed_lines": [], "summary": {"covered_lines": 0, "num_statements": 0, "percent_covered": 100.0, "percent_covered_display": "100", "missing_lines": 0, "excluded_lines": 0, "num_branches": 0, "num_partial_branches": 0, "covered_branches": 0, "missing_branches": 0}, "missing_lines": [], "excluded_lines": [], "executed_branches": [], "missing_branches": []}, "": {"executed_lines": [2, 4, 5, 8, 9, 10, 12, 13, 14, 15, 16, 19, 20, 21, 23, 24, 25, 26, 27, 28, 29, 32, 33, 34, 36, 37, 38, 39, 40, 41, 42, 43], "summary": {"covered_lines": 28, "num_statements": 28, "percent_covered": 100.0, "percent_covered_display": "100", "missing_lines": 0, "excluded_lines": 0, "num_branches": 0, "num_partial_branches": 0, "covered_branches": 0, "missing_branches": 0}, "missing_lines": [], "excluded_lines": [], "executed_branches": [], "missing_branches": []}}}, "src/advanced_trend_dashboard/plots.py": {"executed_lines": [2, 4, 6, 7, 8, 10, 17, 68, 94, 124, 155], "summary": {"covered_lines": 10, "num_statements": 61, "percent_covered": 14.084507042253522, "percent_covered_display": "14", "missing_lines": 51, "excluded_lines": 0, "num_branches": 10, "num_partial_branches": 0, "covered_branches": 0, "missing_branches": 10}, "missing_lines": [11, 12, 13, 14, 19, 20, 22, 23, 24, 25, 27, 34, 47, 60, 61, 62, 63, 65, 70, 71, 73, 74, 75, 76, 78, 89, 91, 96, 97, 99, 100, 101, 103, 114, 121, 126, 127, 129, 130, 131, 133, 145, 152, 157, 158, 160, 161, 162, 164, 176, 183], "excluded_lines": [], "executed_branches": [], "missing_branches": [[19, 20], [19, 22], [70, 71], [70, 73], [96, 97], [96, 99], [126, 127], [126, 129], [157, 158], [157, 160]], "functions": {"create_prediction_trend_plot": {"executed_lines": [], "summary": {"covered_lines": 0, "num_statements": 14, "percent_covered": 0.0, "percent_covered_display": "0", "missing_lines": 14, "excluded_lines": 0, "num_branches": 2, "num_partial_branches": 0, "covered_branches": 0, "missing_branches": 2}, "missing_lines": [19, 20, 22, 23, 24, 25, 27, 34, 47, 60, 61, 62, 63, 65], "excluded_lines": [], "executed_branches": [], "missing_branches": [[19, 20], [19, 22]]}, "create_risk_distribution_plot": {"executed_lines": [], "summary": {"covered_lines": 0, "num_statements": 9, "percent_covered": 0.0, "percent_covered_display": "0", "missing_lines": 9, "excluded_lines": 0, "num_branches": 2, "num_partial_branches": 0, "covered_branches": 0, "missing_branches": 2}, "missing_lines": [70, 71, 73, 74, 75, 76, 78, 89, 91], "excluded_lines": [], "executed_branches": [], "missing_branches": [[70, 71], [70, 73]]}, "create_agreement_distribution_plot": {"executed_lines": [], "summary": {"covered_lines": 0, "num_statements": 8, "percent_covered": 0.0, "percent_covered_display": "0", "missing_lines": 8, "excluded_lines": 0, "num_branches": 2, "num_partial_branches": 0, "covered_branches": 0, "missing_branches": 2}, "missing_lines": [96, 97, 99, 100, 101, 103, 114, 121], "excluded_lines": [], "executed_branches": [], "missing_branches": [[96, 97], [96, 99]]}, "create_contributing_factors_plot": {"executed_lines": [], "summary": {"covered_lines": 0, "num_statements": 8, "percent_covered": 0.0, "percent_covered_display": "0", "missing_lines": 8, "excluded_lines": 0, "num_branches": 2, "num_partial_branches": 0, "covered_branches": 0, "missing_branches": 2}, "missing_lines": [126, 127, 129, 130, 131, 133, 145, 152], "excluded_lines": [], "executed_branches": [], "missing_branches": [[126, 127], [126, 129]]}, "create_automl_history_plot": {"executed_lines": [], "summary": {"covered_lines": 0, "num_statements": 8, "percent_covered": 0.0, "percent_covered_display": "0", "missing_lines": 8, "excluded_lines": 0, "num_branches": 2, "num_partial_branches": 0, "covered_branches": 0, "missing_branches": 2}, "missing_lines": [157, 158, 160, 161, 162, 164, 176, 183], "excluded_lines": [], "executed_branches": [], "missing_branches": [[157, 158], [157, 160]]}, "": {"executed_lines": [2, 4, 6, 7, 8, 10, 17, 68, 94, 124, 155], "summary": {"covered_lines": 10, "num_statements": 14, "percent_covered": 71.42857142857143, "percent_covered_display": "71", "missing_lines": 4, "excluded_lines": 0, "num_branches": 0, "num_partial_branches": 0, "covered_branches": 0, "missing_branches": 0}, "missing_lines": [11, 12, 13, 14], "excluded_lines": [], "executed_branches": [], "missing_branches": []}}, "classes": {"": {"executed_lines": [2, 4, 6, 7, 8, 10, 17, 68, 94, 124, 155], "summary": {"covered_lines": 10, "num_statements": 61, "percent_covered": 14.084507042253522, "percent_covered_display": "14", "missing_lines": 51, "excluded_lines": 0, "num_branches": 10, "num_partial_branches": 0, "covered_branches": 0, "missing_branches": 10}, "missing_lines": [11, 12, 13, 14, 19, 20, 22, 23, 24, 25, 27, 34, 47, 60, 61, 62, 63, 65, 70, 71, 73, 74, 75, 76, 78, 89, 91, 96, 97, 99, 100, 101, 103, 114, 121, 126, 127, 129, 130, 131, 133, 145, 152, 157, 158, 160, 161, 162, 164, 176, 183], "excluded_lines": [], "executed_branches": [], "missing_branches": [[19, 20], [19, 22], [70, 71], [70, 73], [96, 97], [96, 99], [126, 127], [126, 129], [157, 158], [157, 160]]}}}, "src/advanced_trend_dashboard/printers.py": {"executed_lines": [2, 4, 6, 9, 11, 12, 13, 14, 15, 16, 17, 18, 20, 21, 22, 23, 24, 25, 26, 29, 31, 33, 34, 35, 36, 37, 38, 39, 40, 41, 42, 43, 44, 45, 46, 47, 48, 49, 52, 54, 56, 57, 58, 59, 60, 61, 62, 66, 68, 69, 70, 72, 73, 75, 76, 77, 78, 79, 80, 81, 82, 83, 84, 85, 86, 89, 91, 92, 93, 95, 96, 97, 98, 99, 100, 103, 105, 107, 108, 109, 110, 111, 114, 116, 118, 119, 120, 121, 122, 123, 124], "summary": {"covered_lines": 90, "num_statements": 91, "percent_covered": 98.26086956521739, "percent_covered_display": "98", "missing_lines": 1, "excluded_lines": 0, "num_branches": 24, "num_partial_branches": 1, "covered_branches": 23, "missing_branches": 1}, "missing_lines": [63], "excluded_lines": [], "executed_branches": [[20, -9], [20, 21], [33, -29], [33, 34], [56, -52], [56, 57], [59, -52], [59, 60], [62, 59], [68, 69], [68, 72], [91, 92], [91, 95], [95, -89], [95, 96], [107, -103], [107, 108], [110, -103], [110, 111], [118, -114], [118, 119], [121, -114], [121, 122]], "missing_branches": [[62, 63]], "functions": {"print_summary_metrics": {"executed_lines": [11, 12, 13, 14, 15, 16, 17, 18, 20, 21, 22, 23, 24, 25, 26], "summary": {"covered_lines": 15, "num_statements": 15, "percent_covered": 100.0, "percent_covered_display": "100", "missing_lines": 0, "excluded_lines": 0, "num_branches": 2, "num_partial_branches": 0, "covered_branches": 2, "missing_branches": 0}, "missing_lines": [], "excluded_lines": [], "executed_branches": [[20, -9], [20, 21]], "missing_branches": []}, "print_prediction_trends": {"executed_lines": [31, 33, 34, 35, 36, 37, 38, 39, 40, 41, 42, 43, 44, 45, 46, 47, 48, 49], "summary": {"covered_lines": 18, "num_statements": 18, "percent_covered": 100.0, "percent_covered_display": "100", "missing_lines": 0, "excluded_lines": 0, "num_branches": 2, "num_partial_branches": 0, "covered_branches": 2, "missing_branches": 0}, "missing_lines": [], "excluded_lines": [], "executed_branches": [[33, -29], [33, 34]], "missing_branches": []}, "print_automl_history": {"executed_lines": [54, 56, 57, 58, 59, 60, 61, 62], "summary": {"covered_lines": 8, "num_statements": 9, "percent_covered": 86.66666666666667, "percent_covered_display": "87", "missing_lines": 1, "excluded_lines": 0, "num_branches": 6, "num_partial_branches": 1, "covered_branches": 5, "missing_branches": 1}, "missing_lines": [63], "excluded_lines": [], "executed_branches": [[56, -52], [56, 57], [59, -52], [59, 60], [62, 59]], "missing_branches": [[62, 63]]}, "print_agreement_analysis": {"executed_lines": [68, 69, 70, 72, 73, 75, 76, 77, 78, 79, 80, 81, 82, 83, 84, 85, 86], "summary": {"covered_lines": 17, "num_statements": 17, "percent_covered": 100.0, "percent_covered_display": "100", "missing_lines": 0, "excluded_lines": 0, "num_branches": 2, "num_partial_branches": 0, "covered_branches": 2, "missing_branches": 0}, "missing_lines": [], "excluded_lines": [], "executed_branches": [[68, 69], [68, 72]], "missing_branches": []}, "print_risk_distribution": {"executed_lines": [91, 92, 93, 95, 96, 97, 98, 99, 100], "summary": {"covered_lines": 9, "num_statements": 9, "percent_covered": 100.0, "percent_covered_display": "100", "missing_lines": 0, "excluded_lines": 0, "num_branches": 4, "num_partial_branches": 0, "covered_branches": 4, "missing_branches": 0}, "missing_lines": [], "excluded_lines": [], "executed_branches": [[91, 92], [91, 95], [95, -89], [95, 96]], "missing_branches": []}, "print_factor_analysis": {"executed_lines": [105, 107, 108, 109, 110, 111], "summary": {"covered_lines": 6, "num_statements": 6, "percent_covered": 100.0, "percent_covered_display": "100", "missing_lines": 0, "excluded_lines": 0, "num_branches": 4, "num_partial_branches": 0, "covered_branches": 4, "missing_branches": 0}, "missing_lines": [], "excluded_lines": [], "executed_branches": [[107, -103], [107, 108], [110, -103], [110, 111]], "missing_branches": []}, "print_alerts": {"executed_lines": [116, 118, 119, 120, 121, 122, 123, 124], "summary": {"covered_lines": 8, "num_statements": 8, "percent_covered": 100.0, "percent_covered_display": "100", "missing_lines": 0, "excluded_lines": 0, "num_branches": 4, "num_partial_branches": 0, "covered_branches": 4, "missing_branches": 0}, "missing_lines": [], "excluded_lines": [], "executed_branches": [[118, -114], [118, 119], [121, -114], [121, 122]], "missing_branches": []}, "": {"executed_lines": [2, 4, 6, 9, 29, 52, 66, 89, 103, 114], "summary": {"covered_lines": 9, "num_statements": 9, "percent_covered": 100.0, "percent_covered_display": "100", "missing_lines": 0, "excluded_lines": 0, "num_branches": 0, "num_partial_branches": 0, "covered_branches": 0, "missing_branches": 0}, "missing_lines": [], "excluded_lines": [], "executed_branches": [], "missing_branches": []}}, "classes": {"": {"executed_lines": [2, 4, 6, 9, 11, 12, 13, 14, 15, 16, 17, 18, 20, 21, 22, 23, 24, 25, 26, 29, 31, 33, 34, 35, 36, 37, 38, 39, 40, 41, 42, 43, 44, 45, 46, 47, 48, 49, 52, 54, 56, 57, 58, 59, 60, 61, 62, 66, 68, 69, 70, 72, 73, 75, 76, 77, 78, 79, 80, 81, 82, 83, 84, 85, 86, 89, 91, 92, 93, 95, 96, 97, 98, 99, 100, 103, 105, 107, 108, 109, 110, 111, 114, 116, 118, 119, 120, 121, 122, 123, 124], "summary": {"covered_lines": 90, "num_statements": 91, "percent_covered": 98.26086956521739, "percent_covered_display": "98", "missing_lines": 1, "excluded_lines": 0, "num_branches": 24, "num_partial_branches": 1, "covered_branches": 23, "missing_branches": 1}, "missing_lines": [63], "excluded_lines": [], "executed_branches": [[20, -9], [20, 21], [33, -29], [33, 34], [56, -52], [56, 57], [59, -52], [59, 60], [62, 59], [68, 69], [68, 72], [91, 92], [91, 95], [95, -89], [95, 96], [107, -103], [107, 108], [110, -103], [110, 111], [118, -114], [118, 119], [121, -114], [121, 122]], "missing_branches": [[62, 63]]}}}, "src/age_data_validator.py": {"executed_lines": [2, 11, 12, 13, 14, 15, 18, 19, 21, 22, 23, 26, 27, 29, 30, 31, 32, 33, 34, 37, 38, 39, 41, 42, 43, 44, 47, 48, 54, 59, 61, 83, 84, 91, 92, 93, 100, 102, 103, 111, 112, 113, 114, 122, 123, 124, 125, 132, 138, 162, 163, 164, 170, 171, 180, 198, 199, 200, 201, 203, 211, 214], "summary": {"covered_lines": 56, "num_statements": 56, "percent_covered": 100.0, "percent_covered_display": "100", "missing_lines": 0, "excluded_lines": 12, "num_branches": 20, "num_partial_branches": 0, "covered_branches": 20, "missing_branches": 0}, "missing_lines": [], "excluded_lines": [214, 216, 219, 220, 223, 224, 226, 227, 230, 231, 233, 234], "executed_branches": [[83, 84], [83, 91], [92, 93], [92, 100], [100, 102], [100, 132], [102, 103], [102, 111], [111, 112], [111, 122], [113, 114], [113, 122], [122, 123], [122, 132], [124, 125], [124, 132], [163, 164], [163, 170], [200, 201], [200, 203]], "missing_branches": [], "functions": {"AgeDataValidator.__init__": {"executed_lines": [59], "summary": {"covered_lines": 1, "num_statements": 1, "percent_covered": 100.0, "percent_covered_display": "100", "missing_lines": 0, "excluded_lines": 0, "num_branches": 0, "num_partial_branches": 0, "covered_branches": 0, "missing_branches": 0}, "missing_lines": [], "excluded_lines": [], "executed_branches": [], "missing_branches": []}, "AgeDataValidator.validate_age": {"executed_lines": [83, 84, 91, 92, 93, 100, 102, 103, 111, 112, 113, 114, 122, 123, 124, 125, 132], "summary": {"covered_lines": 17, "num_statements": 17, "percent_covered": 100.0, "percent_covered_display": "100", "missing_lines": 0, "excluded_lines": 0, "num_branches": 16, "num_partial_branches": 0, "covered_branches": 16, "missing_branches": 0}, "missing_lines": [], "excluded_lines": [], "executed_branches": [[83, 84], [83, 91], [92, 93], [92, 100], [100, 102], [100, 132], [102, 103], [102, 111], [111, 112], [111, 122], [113, 114], [113, 122], [122, 123], [122, 132], [124, 125], [124, 132]], "missing_branches": []}, "AgeDataValidator.validate_episode_age": {"executed_lines": [162, 163, 164, 170, 171], "summary": {"covered_lines": 5, "num_statements": 5, "percent_covered": 100.0, "percent_covered_display": "100", "missing_lines": 0, "excluded_lines": 0, "num_branches": 2, "num_partial_branches": 0, "covered_branches": 2, "missing_branches": 0}, "missing_lines": [], "excluded_lines": [], "executed_branches": [[163, 164], [163, 170]], "missing_branches": []}, "validate_age_for_generation": {"executed_lines": [198, 199, 200, 201, 203, 211], "summary": {"covered_lines": 6, "num_statements": 6, "percent_covered": 100.0, "percent_covered_display": "100", "missing_lines": 0, "excluded_lines": 0, "num_branches": 2, "num_partial_branches": 0, "covered_branches": 2, "missing_branches": 0}, "missing_lines": [], "excluded_lines": [], "executed_branches": [[200, 201], [200, 203]], "missing_branches": []}, "": {"executed_lines": [2, 11, 12, 13, 14, 15, 18, 19, 21, 22, 23, 26, 27, 29, 30, 31, 32, 33, 34, 37, 38, 39, 41, 42, 43, 44, 47, 48, 54, 61, 138, 180, 214], "summary": {"covered_lines": 27, "num_statements": 27, "percent_covered": 100.0, "percent_covered_display": "100", "missing_lines": 0, "excluded_lines": 12, "num_branches": 0, "num_partial_branches": 0, "covered_branches": 0, "missing_branches": 0}, "missing_lines": [], "excluded_lines": [214, 216, 219, 220, 223, 224, 226, 227, 230, 231, 233, 234], "executed_branches": [], "missing_branches": []}}, "classes": {"PersonType": {"executed_lines": [], "summary": {"covered_lines": 0, "num_statements": 0, "percent_covered": 100.0, "percent_covered_display": "100", "missing_lines": 0, "excluded_lines": 0, "num_branches": 0, "num_partial_branches": 0, "covered_branches": 0, "missing_branches": 0}, "missing_lines": [], "excluded_lines": [], "executed_branches": [], "missing_branches": []}, "ValidationStatus": {"executed_lines": [], "summary": {"covered_lines": 0, "num_statements": 0, "percent_covered": 100.0, "percent_covered_display": "100", "missing_lines": 0, "excluded_lines": 0, "num_branches": 0, "num_partial_branches": 0, "covered_branches": 0, "missing_branches": 0}, "missing_lines": [], "excluded_lines": [], "executed_branches": [], "missing_branches": []}, "ValidationResult": {"executed_lines": [], "summary": {"covered_lines": 0, "num_statements": 0, "percent_covered": 100.0, "percent_covered_display": "100", "missing_lines": 0, "excluded_lines": 0, "num_branches": 0, "num_partial_branches": 0, "covered_branches": 0, "missing_branches": 0}, "missing_lines": [], "excluded_lines": [], "executed_branches": [], "missing_branches": []}, "AgeDataValidator": {"executed_lines": [59, 83, 84, 91, 92, 93, 100, 102, 103, 111, 112, 113, 114, 122, 123, 124, 125, 132, 162, 163, 164, 170, 171], "summary": {"covered_lines": 23, "num_statements": 23, "percent_covered": 100.0, "percent_covered_display": "100", "missing_lines": 0, "excluded_lines": 0, "num_branches": 18, "num_partial_branches": 0, "covered_branches": 18, "missing_branches": 0}, "missing_lines": [], "excluded_lines": [], "executed_branches": [[83, 84], [83, 91], [92, 93], [92, 100], [100, 102], [100, 132], [102, 103], [102, 111], [111, 112], [111, 122], [113, 114], [113, 122], [122, 123], [122, 132], [124, 125], [124, 132], [163, 164], [163, 170]], "missing_branches": []}, "": {"executed_lines": [2, 11, 12, 13, 14, 15, 18, 19, 21, 22, 23, 26, 27, 29, 30, 31, 32, 33, 34, 37, 38, 39, 41, 42, 43, 44, 47, 48, 54, 61, 138, 180, 198, 199, 200, 201, 203, 211, 214], "summary": {"covered_lines": 33, "num_statements": 33, "percent_covered": 100.0, "percent_covered_display": "100", "missing_lines": 0, "excluded_lines": 12, "num_branches": 2, "num_partial_branches": 0, "covered_branches": 2, "missing_branches": 0}, "missing_lines": [], "excluded_lines": [214, 216, 219, 220, 223, 224, 226, 227, 230, 231, 233, 234], "executed_branches": [[200, 201], [200, 203]], "missing_branches": []}}}, "src/ai_recommendation_system/__init__.py": {"executed_lines": [2, 13, 14, 16], "summary": {"covered_lines": 3, "num_statements": 3, "percent_covered": 100.0, "percent_covered_display": "100", "missing_lines": 0, "excluded_lines": 0, "num_branches": 0, "num_partial_branches": 0, "covered_branches": 0, "missing_branches": 0}, "missing_lines": [], "excluded_lines": [], "executed_branches": [], "missing_branches": [], "functions": {"": {"executed_lines": [2, 13, 14, 16], "summary": {"covered_lines": 3, "num_statements": 3, "percent_covered": 100.0, "percent_covered_display": "100", "missing_lines": 0, "excluded_lines": 0, "num_branches": 0, "num_partial_branches": 0, "covered_branches": 0, "missing_branches": 0}, "missing_lines": [], "excluded_lines": [], "executed_branches": [], "missing_branches": []}}, "classes": {"": {"executed_lines": [2, 13, 14, 16], "summary": {"covered_lines": 3, "num_statements": 3, "percent_covered": 100.0, "percent_covered_display": "100", "missing_lines": 0, "excluded_lines": 0, "num_branches": 0, "num_partial_branches": 0, "covered_branches": 0, "missing_branches": 0}, "missing_lines": [], "excluded_lines": [], "executed_branches": [], "missing_branches": []}}}, "src/ai_recommendation_system/models.py": {"executed_lines": [2, 4, 5, 8, 9, 10, 12, 13, 14, 15, 16, 17, 18, 19, 20, 21, 22, 23, 24, 27, 28, 29, 31, 32, 33, 34, 35, 36, 37, 40, 41, 42, 44, 45, 46, 47, 48, 49, 50], "summary": {"covered_lines": 35, "num_statements": 35, "percent_covered": 100.0, "percent_covered_display": "100", "missing_lines": 0, "excluded_lines": 0, "num_branches": 0, "num_partial_branches": 0, "covered_branches": 0, "missing_branches": 0}, "missing_lines": [], "excluded_lines": [], "executed_branches": [], "missing_branches": [], "functions": {"": {"executed_lines": [2, 4, 5, 8, 9, 10, 12, 13, 14, 15, 16, 17, 18, 19, 20, 21, 22, 23, 24, 27, 28, 29, 31, 32, 33, 34, 35, 36, 37, 40, 41, 42, 44, 45, 46, 47, 48, 49, 50], "summary": {"covered_lines": 35, "num_statements": 35, "percent_covered": 100.0, "percent_covered_display": "100", "missing_lines": 0, "excluded_lines": 0, "num_branches": 0, "num_partial_branches": 0, "covered_branches": 0, "missing_branches": 0}, "missing_lines": [], "excluded_lines": [], "executed_branches": [], "missing_branches": []}}, "classes": {"AIRecommendation": {"executed_lines": [], "summary": {"covered_lines": 0, "num_statements": 0, "percent_covered": 100.0, "percent_covered_display": "100", "missing_lines": 0, "excluded_lines": 0, "num_branches": 0, "num_partial_branches": 0, "covered_branches": 0, "missing_branches": 0}, "missing_lines": [], "excluded_lines": [], "executed_branches": [], "missing_branches": []}, "RecommendationFeedback": {"executed_lines": [], "summary": {"covered_lines": 0, "num_statements": 0, "percent_covered": 100.0, "percent_covered_display": "100", "missing_lines": 0, "excluded_lines": 0, "num_branches": 0, "num_partial_branches": 0, "covered_branches": 0, "missing_branches": 0}, "missing_lines": [], "excluded_lines": [], "executed_branches": [], "missing_branches": []}, "ModelPerformanceMetrics": {"executed_lines": [], "summary": {"covered_lines": 0, "num_statements": 0, "percent_covered": 100.0, "percent_covered_display": "100", "missing_lines": 0, "excluded_lines": 0, "num_branches": 0, "num_partial_branches": 0, "covered_branches": 0, "missing_branches": 0}, "missing_lines": [], "excluded_lines": [], "executed_branches": [], "missing_branches": []}, "": {"executed_lines": [2, 4, 5, 8, 9, 10, 12, 13, 14, 15, 16, 17, 18, 19, 20, 21, 22, 23, 24, 27, 28, 29, 31, 32, 33, 34, 35, 36, 37, 40, 41, 42, 44, 45, 46, 47, 48, 49, 50], "summary": {"covered_lines": 35, "num_statements": 35, "percent_covered": 100.0, "percent_covered_display": "100", "missing_lines": 0, "excluded_lines": 0, "num_branches": 0, "num_partial_branches": 0, "covered_branches": 0, "missing_branches": 0}, "missing_lines": [], "excluded_lines": [], "executed_branches": [], "missing_branches": []}}}, "src/ai_recommendation_system/recommender.py": {"executed_lines": [2, 4, 5, 6, 7, 8, 9, 10, 11, 13, 15, 17, 18, 19, 20, 21, 22, 24, 35, 36, 38, 39, 40, 41, 43, 46, 47, 48, 51, 53, 55, 56, 59, 80, 96, 111, 123, 124, 126, 128, 129, 131, 132, 133, 135, 136, 138, 140, 145, 147, 148, 150, 151, 152, 153, 154, 155, 156, 160, 162, 163, 165, 168, 175, 176, 177, 178, 179, 180, 181, 183, 184, 187, 193, 194, 195, 196, 198, 199, 202, 208, 209, 210, 211, 213, 214, 216, 217, 220, 226, 227, 228, 229, 231, 234, 240, 241, 243, 244, 246, 248, 250, 251, 252, 253, 254, 255, 258, 259, 261, 262, 263, 264, 266, 267, 268, 269, 272, 273, 275, 276, 277, 280, 281, 283, 284, 288, 289, 292, 293, 295, 296, 298, 299, 302, 303, 305, 306, 307, 308, 309, 310, 311, 312, 313, 314, 315, 318, 320, 321, 322, 323, 325, 327, 329, 330, 331, 332, 348, 350, 351, 352, 353, 369, 371, 372, 373, 374, 375, 376, 392, 394, 395, 396, 397, 398, 399, 415, 417, 418, 419, 420, 421, 437, 441, 448, 449, 450, 451, 452, 453, 455, 457, 458, 460, 462, 464, 465, 467, 470, 471, 472, 475, 476, 481, 483, 499, 501, 502, 503, 505, 507, 521, 523, 525, 527, 528, 529, 530, 533, 535, 537, 539, 540, 542, 543, 569, 570, 572, 574, 576, 578, 579, 581, 592, 593, 595, 596, 597, 599, 600, 601, 603, 604, 605, 606, 607, 608, 609, 610, 613, 614, 615, 616, 617, 618, 620, 622, 624, 625, 627, 629, 630, 633, 634, 635, 637, 638, 639, 641, 642, 644, 645, 648], "summary": {"covered_lines": 272, "num_statements": 290, "percent_covered": 92.61363636363636, "percent_covered_display": "93", "missing_lines": 18, "excluded_lines": 0, "num_branches": 62, "num_partial_branches": 8, "covered_branches": 54, "missing_branches": 8}, "missing_lines": [25, 26, 27, 28, 29, 30, 31, 32, 137, 139, 141, 142, 143, 157, 158, 285, 286, 478], "excluded_lines": [], "executed_branches": [[128, 129], [128, 131], [136, 138], [138, 140], [140, -126], [147, 148], [147, 150], [151, 152], [153, 154], [155, 156], [176, 177], [176, 183], [194, 195], [194, 198], [209, 210], [209, 216], [227, 228], [227, 231], [262, 263], [262, 266], [267, 268], [267, 269], [284, 288], [305, 306], [305, 320], [329, 330], [329, 331], [350, 351], [350, 352], [372, 373], [372, 374], [395, 396], [395, 397], [418, 419], [418, 420], [449, 450], [449, 453], [451, 449], [451, 452], [457, 458], [457, 460], [464, 465], [464, 467], [475, 476], [595, 596], [595, 599], [603, -576], [603, 604], [624, 625], [624, 644], [627, -613], [627, 629], [644, 645], [644, 648]], "missing_branches": [[136, 137], [138, 139], [140, 141], [151, 153], [153, 155], [155, -145], [284, 285], [475, 478]], "functions": {"AIRecommendationSystem.__init__": {"executed_lines": [39, 40, 41, 43, 46, 47, 48, 51], "summary": {"covered_lines": 8, "num_statements": 8, "percent_covered": 100.0, "percent_covered_display": "100", "missing_lines": 0, "excluded_lines": 0, "num_branches": 0, "num_partial_branches": 0, "covered_branches": 0, "missing_branches": 0}, "missing_lines": [], "excluded_lines": [], "executed_branches": [], "missing_branches": []}, "AIRecommendationSystem._init_database_tables": {"executed_lines": [55, 56, 59, 80, 96, 111, 123, 124], "summary": {"covered_lines": 8, "num_statements": 8, "percent_covered": 100.0, "percent_covered_display": "100", "missing_lines": 0, "excluded_lines": 0, "num_branches": 0, "num_partial_branches": 0, "covered_branches": 0, "missing_branches": 0}, "missing_lines": [], "excluded_lines": [], "executed_branches": [], "missing_branches": []}, "AIRecommendationSystem._load_models": {"executed_lines": [128, 129, 131, 132, 133, 135, 136, 138, 140], "summary": {"covered_lines": 9, "num_statements": 14, "percent_covered": 63.63636363636363, "percent_covered_display": "64", "missing_lines": 5, "excluded_lines": 0, "num_branches": 8, "num_partial_branches": 3, "covered_branches": 5, "missing_branches": 3}, "missing_lines": [137, 139, 141, 142, 143], "excluded_lines": [], "executed_branches": [[128, 129], [128, 131], [136, 138], [138, 140], [140, -126]], "missing_branches": [[136, 137], [138, 139], [140, 141]]}, "AIRecommendationSystem._save_models": {"executed_lines": [147, 148, 150, 151, 152, 153, 154, 155, 156], "summary": {"covered_lines": 9, "num_statements": 11, "percent_covered": 73.6842105263158, "percent_covered_display": "74", "missing_lines": 2, "excluded_lines": 0, "num_branches": 8, "num_partial_branches": 3, "covered_branches": 5, "missing_branches": 3}, "missing_lines": [157, 158], "excluded_lines": [], "executed_branches": [[147, 148], [147, 150], [151, 152], [153, 154], [155, 156]], "missing_branches": [[151, 153], [153, 155], [155, -145]]}, "AIRecommendationSystem.collect_system_features": {"executed_lines": [162, 163, 165, 168, 175, 176, 177, 178, 179, 180, 181, 183, 184, 187, 193, 194, 195, 196, 198, 199, 202, 208, 209, 210, 211, 213, 214, 216, 217, 220, 226, 227, 228, 229, 231, 234, 240, 241, 243, 244], "summary": {"covered_lines": 40, "num_statements": 40, "percent_covered": 100.0, "percent_covered_display": "100", "missing_lines": 0, "excluded_lines": 0, "num_branches": 8, "num_partial_branches": 0, "covered_branches": 8, "missing_branches": 0}, "missing_lines": [], "excluded_lines": [], "executed_branches": [[176, 177], [176, 183], [194, 195], [194, 198], [209, 210], [209, 216], [227, 228], [227, 231]], "missing_branches": []}, "AIRecommendationSystem.generate_ai_recommendations": {"executed_lines": [248, 250, 251, 252, 253, 254, 255, 258, 259, 261, 262, 263, 264, 266, 267, 268, 269, 272, 273, 275, 276, 277, 280, 281, 283, 284, 288, 289, 292, 293, 295, 296, 298, 299, 302, 303, 305, 306, 307, 308, 309, 310, 311, 312, 313, 314, 315, 318, 320, 321, 322, 323, 325], "summary": {"covered_lines": 53, "num_statements": 55, "percent_covered": 95.23809523809524, "percent_covered_display": "95", "missing_lines": 2, "excluded_lines": 0, "num_branches": 8, "num_partial_branches": 1, "covered_branches": 7, "missing_branches": 1}, "missing_lines": [285, 286], "excluded_lines": [], "executed_branches": [[262, 263], [262, 266], [267, 268], [267, 269], [284, 288], [305, 306], [305, 320]], "missing_branches": [[284, 285]]}, "AIRecommendationSystem._check_cpu_rule": {"executed_lines": [329, 330, 331, 332], "summary": {"covered_lines": 4, "num_statements": 4, "percent_covered": 100.0, "percent_covered_display": "100", "missing_lines": 0, "excluded_lines": 0, "num_branches": 2, "num_partial_branches": 0, "covered_branches": 2, "missing_branches": 0}, "missing_lines": [], "excluded_lines": [], "executed_branches": [[329, 330], [329, 331]], "missing_branches": []}, "AIRecommendationSystem._check_memory_rule": {"executed_lines": [350, 351, 352, 353], "summary": {"covered_lines": 4, "num_statements": 4, "percent_covered": 100.0, "percent_covered_display": "100", "missing_lines": 0, "excluded_lines": 0, "num_branches": 2, "num_partial_branches": 0, "covered_branches": 2, "missing_branches": 0}, "missing_lines": [], "excluded_lines": [], "executed_branches": [[350, 351], [350, 352]], "missing_branches": []}, "AIRecommendationSystem._check_capacity_rule": {"executed_lines": [371, 372, 373, 374, 375, 376], "summary": {"covered_lines": 6, "num_statements": 6, "percent_covered": 100.0, "percent_covered_display": "100", "missing_lines": 0, "excluded_lines": 0, "num_branches": 2, "num_partial_branches": 0, "covered_branches": 2, "missing_branches": 0}, "missing_lines": [], "excluded_lines": [], "executed_branches": [[372, 373], [372, 374]], "missing_branches": []}, "AIRecommendationSystem._check_waste_rule": {"executed_lines": [394, 395, 396, 397, 398, 399], "summary": {"covered_lines": 6, "num_statements": 6, "percent_covered": 100.0, "percent_covered_display": "100", "missing_lines": 0, "excluded_lines": 0, "num_branches": 2, "num_partial_branches": 0, "covered_branches": 2, "missing_branches": 0}, "missing_lines": [], "excluded_lines": [], "executed_branches": [[395, 396], [395, 397]], "missing_branches": []}, "AIRecommendationSystem._check_failure_rule": {"executed_lines": [417, 418, 419, 420, 421], "summary": {"covered_lines": 5, "num_statements": 5, "percent_covered": 100.0, "percent_covered_display": "100", "missing_lines": 0, "excluded_lines": 0, "num_branches": 2, "num_partial_branches": 0, "covered_branches": 2, "missing_branches": 0}, "missing_lines": [], "excluded_lines": [], "executed_branches": [[418, 419], [418, 420]], "missing_branches": []}, "AIRecommendationSystem._generate_rule_based_recommendations": {"executed_lines": [441, 448, 449, 450, 451, 452, 453], "summary": {"covered_lines": 7, "num_statements": 7, "percent_covered": 100.0, "percent_covered_display": "100", "missing_lines": 0, "excluded_lines": 0, "num_branches": 4, "num_partial_branches": 0, "covered_branches": 4, "missing_branches": 0}, "missing_lines": [], "excluded_lines": [], "executed_branches": [[449, 450], [449, 453], [451, 449], [451, 452]], "missing_branches": []}, "AIRecommendationSystem._generate_ml_recommendations": {"executed_lines": [457, 458, 460, 462, 464, 465, 467, 470, 471, 472, 475, 476, 481, 483, 499, 501, 502, 503], "summary": {"covered_lines": 18, "num_statements": 19, "percent_covered": 92.0, "percent_covered_display": "92", "missing_lines": 1, "excluded_lines": 0, "num_branches": 6, "num_partial_branches": 1, "covered_branches": 5, "missing_branches": 1}, "missing_lines": [478], "excluded_lines": [], "executed_branches": [[457, 458], [457, 460], [464, 465], [464, 467], [475, 476]], "missing_branches": [[475, 478]]}, "AIRecommendationSystem._prepare_feature_vector": {"executed_lines": [507, 521], "summary": {"covered_lines": 2, "num_statements": 2, "percent_covered": 100.0, "percent_covered_display": "100", "missing_lines": 0, "excluded_lines": 0, "num_branches": 0, "num_partial_branches": 0, "covered_branches": 0, "missing_branches": 0}, "missing_lines": [], "excluded_lines": [], "executed_branches": [], "missing_branches": []}, "AIRecommendationSystem._rank_recommendations": {"executed_lines": [525, 527, 535], "summary": {"covered_lines": 3, "num_statements": 3, "percent_covered": 100.0, "percent_covered_display": "100", "missing_lines": 0, "excluded_lines": 0, "num_branches": 0, "num_partial_branches": 0, "covered_branches": 0, "missing_branches": 0}, "missing_lines": [], "excluded_lines": [], "executed_branches": [], "missing_branches": []}, "AIRecommendationSystem._rank_recommendations.score_recommendation": {"executed_lines": [528, 529, 530, 533], "summary": {"covered_lines": 4, "num_statements": 4, "percent_covered": 100.0, "percent_covered_display": "100", "missing_lines": 0, "excluded_lines": 0, "num_branches": 0, "num_partial_branches": 0, "covered_branches": 0, "missing_branches": 0}, "missing_lines": [], "excluded_lines": [], "executed_branches": [], "missing_branches": []}, "AIRecommendationSystem._save_recommendation": {"executed_lines": [539, 540, 542, 543, 569, 570, 572, 574], "summary": {"covered_lines": 8, "num_statements": 8, "percent_covered": 100.0, "percent_covered_display": "100", "missing_lines": 0, "excluded_lines": 0, "num_branches": 0, "num_partial_branches": 0, "covered_branches": 0, "missing_branches": 0}, "missing_lines": [], "excluded_lines": [], "executed_branches": [], "missing_branches": []}, "AIRecommendationSystem.show_recommendations_history": {"executed_lines": [578, 579, 581, 592, 593, 595, 596, 597, 599, 600, 601, 603, 604, 605, 606, 607, 608, 609, 610], "summary": {"covered_lines": 19, "num_statements": 19, "percent_covered": 100.0, "percent_covered_display": "100", "missing_lines": 0, "excluded_lines": 0, "num_branches": 4, "num_partial_branches": 0, "covered_branches": 4, "missing_branches": 0}, "missing_lines": [], "excluded_lines": [], "executed_branches": [[595, 596], [595, 599], [603, -576], [603, 604]], "missing_branches": []}, "main": {"executed_lines": [614, 615, 616, 617, 618, 620, 622, 624, 625, 627, 629, 630, 633, 634, 635, 637, 638, 639, 641, 642, 644, 645, 648], "summary": {"covered_lines": 23, "num_statements": 23, "percent_covered": 100.0, "percent_covered_display": "100", "missing_lines": 0, "excluded_lines": 0, "num_branches": 6, "num_partial_branches": 0, "covered_branches": 6, "missing_branches": 0}, "missing_lines": [], "excluded_lines": [], "executed_branches": [[624, 625], [624, 644], [627, -613], [627, 629], [644, 645], [644, 648]], "missing_branches": []}, "": {"executed_lines": [2, 4, 5, 6, 7, 8, 9, 10, 11, 13, 15, 17, 18, 19, 20, 21, 22, 24, 35, 36, 38, 53, 126, 145, 160, 246, 327, 348, 369, 392, 415, 437, 455, 505, 523, 537, 576, 613], "summary": {"covered_lines": 36, "num_statements": 44, "percent_covered": 81.81818181818181, "percent_covered_display": "82", "missing_lines": 8, "excluded_lines": 0, "num_branches": 0, "num_partial_branches": 0, "covered_branches": 0, "missing_branches": 0}, "missing_lines": [25, 26, 27, 28, 29, 30, 31, 32], "excluded_lines": [], "executed_branches": [], "missing_branches": []}}, "classes": {"AIRecommendationSystem": {"executed_lines": [39, 40, 41, 43, 46, 47, 48, 51, 55, 56, 59, 80, 96, 111, 123, 124, 128, 129, 131, 132, 133, 135, 136, 138, 140, 147, 148, 150, 151, 152, 153, 154, 155, 156, 162, 163, 165, 168, 175, 176, 177, 178, 179, 180, 181, 183, 184, 187, 193, 194, 195, 196, 198, 199, 202, 208, 209, 210, 211, 213, 214, 216, 217, 220, 226, 227, 228, 229, 231, 234, 240, 241, 243, 244, 248, 250, 251, 252, 253, 254, 255, 258, 259, 261, 262, 263, 264, 266, 267, 268, 269, 272, 273, 275, 276, 277, 280, 281, 283, 284, 288, 289, 292, 293, 295, 296, 298, 299, 302, 303, 305, 306, 307, 308, 309, 310, 311, 312, 313, 314, 315, 318, 320, 321, 322, 323, 325, 329, 330, 331, 332, 350, 351, 352, 353, 371, 372, 373, 374, 375, 376, 394, 395, 396, 397, 398, 399, 417, 418, 419, 420, 421, 441, 448, 449, 450, 451, 452, 453, 457, 458, 460, 462, 464, 465, 467, 470, 471, 472, 475, 476, 481, 483, 499, 501, 502, 503, 507, 521, 525, 527, 528, 529, 530, 533, 535, 539, 540, 542, 543, 569, 570, 572, 574, 578, 579, 581, 592, 593, 595, 596, 597, 599, 600, 601, 603, 604, 605, 606, 607, 608, 609, 610], "summary": {"covered_lines": 213, "num_statements": 223, "percent_covered": 93.54838709677419, "percent_covered_display": "94", "missing_lines": 10, "excluded_lines": 0, "num_branches": 56, "num_partial_branches": 8, "covered_branches": 48, "missing_branches": 8}, "missing_lines": [137, 139, 141, 142, 143, 157, 158, 285, 286, 478], "excluded_lines": [], "executed_branches": [[128, 129], [128, 131], [136, 138], [138, 140], [140, -126], [147, 148], [147, 150], [151, 152], [153, 154], [155, 156], [176, 177], [176, 183], [194, 195], [194, 198], [209, 210], [209, 216], [227, 228], [227, 231], [262, 263], [262, 266], [267, 268], [267, 269], [284, 288], [305, 306], [305, 320], [329, 330], [329, 331], [350, 351], [350, 352], [372, 373], [372, 374], [395, 396], [395, 397], [418, 419], [418, 420], [449, 450], [449, 453], [451, 449], [451, 452], [457, 458], [457, 460], [464, 465], [464, 467], [475, 476], [595, 596], [595, 599], [603, -576], [603, 604]], "missing_branches": [[136, 137], [138, 139], [140, 141], [151, 153], [153, 155], [155, -145], [284, 285], [475, 478]]}, "": {"executed_lines": [2, 4, 5, 6, 7, 8, 9, 10, 11, 13, 15, 17, 18, 19, 20, 21, 22, 24, 35, 36, 38, 53, 126, 145, 160, 246, 327, 348, 369, 392, 415, 437, 455, 505, 523, 537, 576, 613, 614, 615, 616, 617, 618, 620, 622, 624, 625, 627, 629, 630, 633, 634, 635, 637, 638, 639, 641, 642, 644, 645, 648], "summary": {"covered_lines": 59, "num_statements": 67, "percent_covered": 89.04109589041096, "percent_covered_display": "89", "missing_lines": 8, "excluded_lines": 0, "num_branches": 6, "num_partial_branches": 0, "covered_branches": 6, "missing_branches": 0}, "missing_lines": [25, 26, 27, 28, 29, 30, 31, 32], "excluded_lines": [], "executed_branches": [[624, 625], [624, 644], [627, -613], [627, 629], [644, 645], [644, 648]], "missing_branches": []}}}, "src/auto_updater.py": {"executed_lines": [2, 10, 11, 12, 13, 14, 15, 17, 18, 19, 22, 23, 29, 30, 38, 39, 40, 43, 44, 45, 48, 51, 61, 63, 65, 67, 68, 70, 71, 74, 75, 77, 82, 97, 98, 100, 102, 103, 104, 105, 108, 109, 110, 113, 116, 126, 141, 148, 151, 154, 157, 158, 159, 161, 164, 166, 167, 168, 170, 172, 175, 176, 178, 185, 186, 189, 190, 191, 192, 197, 199, 201, 202, 204, 205, 206, 209, 211, 212, 213, 215, 217, 219, 220, 221, 222, 225, 226, 227, 230, 232, 234, 236, 238, 240, 243, 266, 275, 291, 293, 351, 353, 363, 366, 367, 370, 371, 373, 374, 376, 378, 379, 381, 382, 383, 384, 386, 396], "summary": {"covered_lines": 115, "num_statements": 145, "percent_covered": 78.53107344632768, "percent_covered_display": "79", "missing_lines": 30, "excluded_lines": 7, "num_branches": 32, "num_partial_branches": 2, "covered_branches": 24, "missing_branches": 8}, "missing_lines": [24, 26, 79, 80, 194, 195, 228, 298, 299, 301, 303, 304, 306, 311, 313, 314, 317, 318, 321, 322, 324, 327, 328, 331, 340, 344, 345, 347, 348, 349], "excluded_lines": [396, 398, 400, 403, 412, 413, 414], "executed_branches": [[70, 71], [70, 77], [102, 103], [175, 176], [175, 197], [185, 186], [185, 189], [189, 175], [189, 190], [204, 205], [204, 209], [205, 204], [205, 206], [219, 220], [219, 236], [221, 222], [221, 234], [225, 226], [225, 227], [227, 230], [366, 367], [366, 370], [378, 379], [378, 381]], "missing_branches": [[102, 108], [227, 228], [313, 314], [313, 317], [317, 318], [317, 344], [327, 328], [327, 331]], "functions": {"AutoUpdater.__init__": {"executed_lines": [39, 40, 43, 44, 45, 48, 51, 61, 63], "summary": {"covered_lines": 9, "num_statements": 9, "percent_covered": 100.0, "percent_covered_display": "100", "missing_lines": 0, "excluded_lines": 0, "num_branches": 0, "num_partial_branches": 0, "covered_branches": 0, "missing_branches": 0}, "missing_lines": [], "excluded_lines": [], "executed_branches": [], "missing_branches": []}, "AutoUpdater._init_google_api": {"executed_lines": [67, 68, 70, 71, 74, 75, 77], "summary": {"covered_lines": 7, "num_statements": 9, "percent_covered": 81.81818181818181, "percent_covered_display": "82", "missing_lines": 2, "excluded_lines": 0, "num_branches": 2, "num_partial_branches": 0, "covered_branches": 2, "missing_branches": 0}, "missing_lines": [79, 80], "excluded_lines": [], "executed_branches": [[70, 71], [70, 77]], "missing_branches": []}, "AutoUpdater.atomic_sheet_update": {"executed_lines": [97, 98, 100, 102, 103, 104, 105, 108, 109, 110, 113, 116, 126, 141, 148, 151, 154, 157, 158, 159, 161, 164, 166, 167, 168, 170], "summary": {"covered_lines": 26, "num_statements": 26, "percent_covered": 96.42857142857143, "percent_covered_display": "96", "missing_lines": 0, "excluded_lines": 0, "num_branches": 2, "num_partial_branches": 1, "covered_branches": 1, "missing_branches": 1}, "missing_lines": [], "excluded_lines": [], "executed_branches": [[102, 103]], "missing_branches": [[102, 108]]}, "AutoUpdater.update_with_retry": {"executed_lines": [175, 176, 178, 185, 186, 189, 190, 191, 192, 197], "summary": {"covered_lines": 10, "num_statements": 12, "percent_covered": 88.88888888888889, "percent_covered_display": "89", "missing_lines": 2, "excluded_lines": 0, "num_branches": 6, "num_partial_branches": 0, "covered_branches": 6, "missing_branches": 0}, "missing_lines": [194, 195], "excluded_lines": [], "executed_branches": [[175, 176], [175, 197], [185, 186], [185, 189], [189, 175], [189, 190]], "missing_branches": []}, "AutoUpdater._get_sheet_id": {"executed_lines": [201, 202, 204, 205, 206, 209, 211, 212, 213], "summary": {"covered_lines": 9, "num_statements": 9, "percent_covered": 100.0, "percent_covered_display": "100", "missing_lines": 0, "excluded_lines": 0, "num_branches": 4, "num_partial_branches": 0, "covered_branches": 4, "missing_branches": 0}, "missing_lines": [], "excluded_lines": [], "executed_branches": [[204, 205], [204, 209], [205, 204], [205, 206]], "missing_branches": []}, "AutoUpdater._prepare_rows_data": {"executed_lines": [217, 219, 220, 221, 222, 225, 226, 227, 230, 232, 234, 236], "summary": {"covered_lines": 12, "num_statements": 13, "percent_covered": 90.47619047619048, "percent_covered_display": "90", "missing_lines": 1, "excluded_lines": 0, "num_branches": 8, "num_partial_branches": 1, "covered_branches": 7, "missing_branches": 1}, "missing_lines": [228], "excluded_lines": [], "executed_branches": [[219, 220], [219, 236], [221, 222], [221, 234], [225, 226], [225, 227], [227, 230]], "missing_branches": [[227, 228]]}, "AutoUpdater._create_format_requests": {"executed_lines": [240, 243, 266, 275, 291], "summary": {"covered_lines": 5, "num_statements": 5, "percent_covered": 100.0, "percent_covered_display": "100", "missing_lines": 0, "excluded_lines": 0, "num_branches": 0, "num_partial_branches": 0, "covered_branches": 0, "missing_branches": 0}, "missing_lines": [], "excluded_lines": [], "executed_branches": [], "missing_branches": []}, "AutoUpdater.force_full_replacement": {"executed_lines": [], "summary": {"covered_lines": 0, "num_statements": 23, "percent_covered": 0.0, "percent_covered_display": "0", "missing_lines": 23, "excluded_lines": 0, "num_branches": 6, "num_partial_branches": 0, "covered_branches": 0, "missing_branches": 6}, "missing_lines": [298, 299, 301, 303, 304, 306, 311, 313, 314, 317, 318, 321, 322, 324, 327, 328, 331, 340, 344, 345, 347, 348, 349], "excluded_lines": [], "executed_branches": [], "missing_branches": [[313, 314], [313, 317], [317, 318], [317, 344], [327, 328], [327, 331]]}, "AutoUpdater._record_update_history": {"executed_lines": [353, 363, 366, 367, 370, 371, 373, 374], "summary": {"covered_lines": 8, "num_statements": 8, "percent_covered": 100.0, "percent_covered_display": "100", "missing_lines": 0, "excluded_lines": 0, "num_branches": 2, "num_partial_branches": 0, "covered_branches": 2, "missing_branches": 0}, "missing_lines": [], "excluded_lines": [], "executed_branches": [[366, 367], [366, 370]], "missing_branches": []}, "AutoUpdater.get_update_stats": {"executed_lines": [378, 379, 381, 382, 383, 384, 386], "summary": {"covered_lines": 7, "num_statements": 7, "percent_covered": 100.0, "percent_covered_display": "100", "missing_lines": 0, "excluded_lines": 0, "num_branches": 2, "num_partial_branches": 0, "covered_branches": 2, "missing_branches": 0}, "missing_lines": [], "excluded_lines": [], "executed_branches": [[378, 379], [378, 381]], "missing_branches": []}, "": {"executed_lines": [2, 10, 11, 12, 13, 14, 15, 17, 18, 19, 22, 23, 29, 30, 38, 65, 82, 172, 199, 215, 238, 293, 351, 376, 396], "summary": {"covered_lines": 22, "num_statements": 24, "percent_covered": 91.66666666666667, "percent_covered_display": "92", "missing_lines": 2, "excluded_lines": 7, "num_branches": 0, "num_partial_branches": 0, "covered_branches": 0, "missing_branches": 0}, "missing_lines": [24, 26], "excluded_lines": [396, 398, 400, 403, 412, 413, 414], "executed_branches": [], "missing_branches": []}}, "classes": {"AutoUpdater": {"executed_lines": [39, 40, 43, 44, 45, 48, 51, 61, 63, 67, 68, 70, 71, 74, 75, 77, 97, 98, 100, 102, 103, 104, 105, 108, 109, 110, 113, 116, 126, 141, 148, 151, 154, 157, 158, 159, 161, 164, 166, 167, 168, 170, 175, 176, 178, 185, 186, 189, 190, 191, 192, 197, 201, 202, 204, 205, 206, 209, 211, 212, 213, 217, 219, 220, 221, 222, 225, 226, 227, 230, 232, 234, 236, 240, 243, 266, 275, 291, 353, 363, 366, 367, 370, 371, 373, 374, 378, 379, 381, 382, 383, 384, 386], "summary": {"covered_lines": 93, "num_statements": 121, "percent_covered": 76.47058823529412, "percent_covered_display": "76", "missing_lines": 28, "excluded_lines": 0, "num_branches": 32, "num_partial_branches": 2, "covered_branches": 24, "missing_branches": 8}, "missing_lines": [79, 80, 194, 195, 228, 298, 299, 301, 303, 304, 306, 311, 313, 314, 317, 318, 321, 322, 324, 327, 328, 331, 340, 344, 345, 347, 348, 349], "excluded_lines": []
[...]
347, 348, 349, 350, 351], "excluded_lines": [354, 355], "executed_branches": [], "missing_branches": [[338, -315], [338, 339], [348, 349], [348, 350], [350, 338], [350, 351]]}}}, "src/version_controller.py": {"executed_lines": [2, 10, 11, 12, 13, 14, 15, 17, 20, 21, 29, 30, 31, 32, 33, 36, 37, 38, 41, 42, 45, 47, 49, 51, 52, 53, 54, 57, 59, 61, 62, 63, 67, 69, 71, 72, 74, 77, 79, 81, 83, 86, 87, 88, 91, 93, 95, 98, 99, 100, 102, 105, 106, 107, 109, 112, 120, 125, 126, 127, 129, 132, 135, 145, 146, 149, 150, 151, 154, 155, 158, 161, 163, 164, 166, 169, 170, 171, 172, 175, 176, 177, 178, 181, 184, 185, 187, 189, 191, 192, 193, 194, 196, 199, 202, 204, 205, 207, 209, 210, 212, 213, 214, 215, 216, 218, 220, 222, 224, 225, 226, 227, 230, 232, 234, 235, 237, 239, 241, 242, 243, 245, 246, 247, 254, 257, 258, 262, 263, 264, 265, 270, 272, 273, 275, 277, 279, 281, 283, 284, 287, 288, 289, 290, 292, 293, 294, 296, 299, 300, 302, 330, 332, 333, 335, 336, 337, 347, 349, 351, 352, 353, 355, 358, 359, 361, 363, 368, 370, 372, 375, 377, 379, 380, 385], "summary": {"covered_lines": 172, "num_statements": 201, "percent_covered": 83.78378378378379, "percent_covered_display": "84", "missing_lines": 29, "excluded_lines": 10, "num_branches": 58, "num_partial_branches": 9, "covered_branches": 45, "missing_branches": 13}, "missing_lines": [55, 56, 64, 65, 89, 108, 110, 228, 229, 250, 251, 252, 259, 268, 304, 305, 307, 308, 310, 311, 313, 324, 325, 326, 328, 364, 365, 366, 382], "excluded_lines": [385, 387, 389, 392, 401, 402, 405, 406, 409, 410], "executed_branches": [[51, 52], [51, 57], [69, 71], [69, 72], [72, 74], [72, 77], [86, 87], [86, 93], [88, 91], [99, 100], [99, 112], [100, 102], [107, 109], [109, 112], [126, 127], [126, 129], [176, 177], [176, 181], [192, 193], [192, 196], [213, 214], [213, 220], [224, 225], [224, 230], [239, 241], [239, 243], [243, 245], [258, 262], [263, 264], [272, 273], [272, 275], [279, -277], [279, 281], [283, 284], [283, 299], [292, 293], [292, 296], [293, 292], [293, 294], [336, 337], [336, 347], [352, 353], [352, 355], [363, 368], [377, 379]], "missing_branches": [[88, 89], [100, 112], [107, 108], [109, 110], [243, 250], [258, 259], [263, 268], [307, 308], [307, 310], [324, 325], [324, 328], [363, 364], [377, 382]], "functions": {"VersionController.__init__": {"executed_lines": [30, 31, 32, 33, 36, 37, 38, 41, 42, 45, 47], "summary": {"covered_lines": 11, "num_statements": 11, "percent_covered": 100.0, "percent_covered_display": "100", "missing_lines": 0, "excluded_lines": 0, "num_branches": 0, "num_partial_branches": 0, "covered_branches": 0, "missing_branches": 0}, "missing_lines": [], "excluded_lines": [], "executed_branches": [], "missing_branches": []}, "VersionController._load_history": {"executed_lines": [51, 52, 53, 54, 57], "summary": {"covered_lines": 5, "num_statements": 7, "percent_covered": 77.77777777777777, "percent_covered_display": "78", "missing_lines": 2, "excluded_lines": 0, "num_branches": 2, "num_partial_branches": 0, "covered_branches": 2, "missing_branches": 0}, "missing_lines": [55, 56], "excluded_lines": [], "executed_branches": [[51, 52], [51, 57]], "missing_branches": []}, "VersionController._save_history": {"executed_lines": [61, 62, 63], "summary": {"covered_lines": 3, "num_statements": 5, "percent_covered": 60.0, "percent_covered_display": "60", "missing_lines": 2, "excluded_lines": 0, "num_branches": 0, "num_partial_branches": 0, "covered_branches": 0, "missing_branches": 0}, "missing_lines": [64, 65], "excluded_lines": [], "executed_branches": [], "missing_branches": []}, "VersionController.calculate_hash": {"executed_lines": [69, 71, 72, 74, 77, 79], "summary": {"covered_lines": 6, "num_statements": 6, "percent_covered": 100.0, "percent_covered_display": "100", "missing_lines": 0, "excluded_lines": 0, "num_branches": 4, "num_partial_branches": 0, "covered_branches": 4, "missing_branches": 0}, "missing_lines": [], "excluded_lines": [], "executed_branches": [[69, 71], [69, 72], [72, 74], [72, 77]], "missing_branches": []}, "VersionController.detect_changes": {"executed_lines": [83, 86, 87, 88, 91, 93, 95, 98, 99, 100, 102, 105, 106, 107, 109, 112], "summary": {"covered_lines": 16, "num_statements": 19, "percent_covered": 77.41935483870968, "percent_covered_display": "77", "missing_lines": 3, "excluded_lines": 0, "num_branches": 12, "num_partial_branches": 4, "covered_branches": 8, "missing_branches": 4}, "missing_lines": [89, 108, 110], "excluded_lines": [], "executed_branches": [[86, 87], [86, 93], [88, 91], [99, 100], [99, 112], [100, 102], [107, 109], [109, 112]], "missing_branches": [[88, 89], [100, 112], [107, 108], [109, 110]]}, "VersionController.create_version": {"executed_lines": [125, 126, 127, 129, 132, 135, 145, 146, 149, 150, 151, 154, 155, 158, 161, 163, 164], "summary": {"covered_lines": 17, "num_statements": 17, "percent_covered": 100.0, "percent_covered_display": "100", "missing_lines": 0, "excluded_lines": 0, "num_branches": 2, "num_partial_branches": 0, "covered_branches": 2, "missing_branches": 0}, "missing_lines": [], "excluded_lines": [], "executed_branches": [[126, 127], [126, 129]], "missing_branches": []}, "VersionController.get_version": {"executed_lines": [169, 170, 171, 172, 175, 176, 177, 178, 181, 184, 185, 187], "summary": {"covered_lines": 12, "num_statements": 12, "percent_covered": 100.0, "percent_covered_display": "100", "missing_lines": 0, "excluded_lines": 0, "num_branches": 2, "num_partial_branches": 0, "covered_branches": 2, "missing_branches": 0}, "missing_lines": [], "excluded_lines": [], "executed_branches": [[176, 177], [176, 181]], "missing_branches": []}, "VersionController.rollback": {"executed_lines": [191, 192, 193, 194, 196, 199, 202, 204, 205], "summary": {"covered_lines": 9, "num_statements": 9, "percent_covered": 100.0, "percent_covered_display": "100", "missing_lines": 0, "excluded_lines": 0, "num_branches": 2, "num_partial_branches": 0, "covered_branches": 2, "missing_branches": 0}, "missing_lines": [], "excluded_lines": [], "executed_branches": [[192, 193], [192, 196]], "missing_branches": []}, "VersionController.create_snapshot": {"executed_lines": [209, 210, 212, 213, 214, 215, 216, 218, 220], "summary": {"covered_lines": 9, "num_statements": 9, "percent_covered": 100.0, "percent_covered_display": "100", "missing_lines": 0, "excluded_lines": 0, "num_branches": 2, "num_partial_branches": 0, "covered_branches": 2, "missing_branches": 0}, "missing_lines": [], "excluded_lines": [], "executed_branches": [[213, 214], [213, 220]], "missing_branches": []}, "VersionController.get_current_version": {"executed_lines": [224, 225, 226, 227, 230], "summary": {"covered_lines": 5, "num_statements": 7, "percent_covered": 77.77777777777777, "percent_covered_display": "78", "missing_lines": 2, "excluded_lines": 0, "num_branches": 2, "num_partial_branches": 0, "covered_branches": 2, "missing_branches": 0}, "missing_lines": [228, 229], "excluded_lines": [], "executed_branches": [[224, 225], [224, 230]], "missing_branches": []}, "VersionController._set_current_version": {"executed_lines": [234, 235], "summary": {"covered_lines": 2, "num_statements": 2, "percent_covered": 100.0, "percent_covered_display": "100", "missing_lines": 0, "excluded_lines": 0, "num_branches": 0, "num_partial_branches": 0, "covered_branches": 0, "missing_branches": 0}, "missing_lines": [], "excluded_lines": [], "executed_branches": [], "missing_branches": []}, "VersionController._save_data": {"executed_lines": [239, 241, 242, 243, 245, 246, 247], "summary": {"covered_lines": 7, "num_statements": 10, "percent_covered": 71.42857142857143, "percent_covered_display": "71", "missing_lines": 3, "excluded_lines": 0, "num_branches": 4, "num_partial_branches": 1, "covered_branches": 3, "missing_branches": 1}, "missing_lines": [250, 251, 252], "excluded_lines": [], "executed_branches": [[239, 241], [239, 243], [243, 245]], "missing_branches": [[243, 250]]}, "VersionController._load_data": {"executed_lines": [257, 258, 262, 263, 264, 265], "summary": {"covered_lines": 6, "num_statements": 8, "percent_covered": 66.66666666666667, "percent_covered_display": "67", "missing_lines": 2, "excluded_lines": 0, "num_branches": 4, "num_partial_branches": 2, "covered_branches": 2, "missing_branches": 2}, "missing_lines": [259, 268], "excluded_lines": [], "executed_branches": [[258, 262], [263, 264]], "missing_branches": [[258, 259], [263, 268]]}, "VersionController._get_data_size": {"executed_lines": [272, 273, 275], "summary": {"covered_lines": 3, "num_statements": 3, "percent_covered": 100.0, "percent_covered_display": "100", "missing_lines": 0, "excluded_lines": 0, "num_branches": 2, "num_partial_branches": 0, "covered_branches": 2, "missing_branches": 0}, "missing_lines": [], "excluded_lines": [], "executed_branches": [[272, 273], [272, 275]], "missing_branches": []}, "VersionController._cleanup_old_versions": {"executed_lines": [279, 281, 283, 284, 287, 288, 289, 290, 292, 293, 294, 296, 299, 300], "summary": {"covered_lines": 14, "num_statements": 14, "percent_covered": 100.0, "percent_covered_display": "100", "missing_lines": 0, "excluded_lines": 0, "num_branches": 8, "num_partial_branches": 0, "covered_branches": 8, "missing_branches": 0}, "missing_lines": [], "excluded_lines": [], "executed_branches": [[279, -277], [279, 281], [283, 284], [283, 299], [292, 293], [292, 296], [293, 292], [293, 294]], "missing_branches": []}, "VersionController.get_version_diff": {"executed_lines": [], "summary": {"covered_lines": 0, "num_statements": 11, "percent_covered": 0.0, "percent_covered_display": "0", "missing_lines": 11, "excluded_lines": 0, "num_branches": 4, "num_partial_branches": 0, "covered_branches": 0, "missing_branches": 4}, "missing_lines": [304, 305, 307, 308, 310, 311, 313, 324, 325, 326, 328], "excluded_lines": [], "executed_branches": [], "missing_branches": [[307, 308], [307, 310], [324, 325], [324, 328]]}, "VersionController.list_versions": {"executed_lines": [332, 333, 335, 336, 337, 347], "summary": {"covered_lines": 6, "num_statements": 6, "percent_covered": 100.0, "percent_covered_display": "100", "missing_lines": 0, "excluded_lines": 0, "num_branches": 2, "num_partial_branches": 0, "covered_branches": 2, "missing_branches": 0}, "missing_lines": [], "excluded_lines": [], "executed_branches": [[336, 337], [336, 347]], "missing_branches": []}, "VersionController.validate_integrity": {"executed_lines": [351, 352, 353, 355, 358, 359, 361, 363, 368, 370], "summary": {"covered_lines": 10, "num_statements": 13, "percent_covered": 76.47058823529412, "percent_covered_display": "76", "missing_lines": 3, "excluded_lines": 0, "num_branches": 4, "num_partial_branches": 1, "covered_branches": 3, "missing_branches": 1}, "missing_lines": [364, 365, 366], "excluded_lines": [], "executed_branches": [[352, 353], [352, 355], [363, 368]], "missing_branches": [[363, 364]]}, "VersionController.auto_version_on_change": {"executed_lines": [375, 377, 379, 380], "summary": {"covered_lines": 4, "num_statements": 5, "percent_covered": 71.42857142857143, "percent_covered_display": "71", "missing_lines": 1, "excluded_lines": 0, "num_branches": 2, "num_partial_branches": 1, "covered_branches": 1, "missing_branches": 1}, "missing_lines": [382], "excluded_lines": [], "executed_branches": [[377, 379]], "missing_branches": [[377, 382]]}, "": {"executed_lines": [2, 10, 11, 12, 13, 14, 15, 17, 20, 21, 29, 49, 59, 67, 81, 120, 166, 189, 207, 222, 232, 237, 254, 270, 277, 302, 330, 349, 372, 385], "summary": {"covered_lines": 27, "num_statements": 27, "percent_covered": 100.0, "percent_covered_display": "100", "missing_lines": 0, "excluded_lines": 10, "num_branches": 0, "num_partial_branches": 0, "covered_branches": 0, "missing_branches": 0}, "missing_lines": [], "excluded_lines": [385, 387, 389, 392, 401, 402, 405, 406, 409, 410], "executed_branches": [], "missing_branches": []}}, "classes": {"VersionController": {"executed_lines": [30, 31, 32, 33, 36, 37, 38, 41, 42, 45, 47, 51, 52, 53, 54, 57, 61, 62, 63, 69, 71, 72, 74, 77, 79, 83, 86, 87, 88, 91, 93, 95, 98, 99, 100, 102, 105, 106, 107, 109, 112, 125, 126, 127, 129, 132, 135, 145, 146, 149, 150, 151, 154, 155, 158, 161, 163, 164, 169, 170, 171, 172, 175, 176, 177, 178, 181, 184, 185, 187, 191, 192, 193, 194, 196, 199, 202, 204, 205, 209, 210, 212, 213, 214, 215, 216, 218, 220, 224, 225, 226, 227, 230, 234, 235, 239, 241, 242, 243, 245, 246, 247, 257, 258, 262, 263, 264, 265, 272, 273, 275, 279, 281, 283, 284, 287, 288, 289, 290, 292, 293, 294, 296, 299, 300, 332, 333, 335, 336, 337, 347, 351, 352, 353, 355, 358, 359, 361, 363, 368, 370, 375, 377, 379, 380], "summary": {"covered_lines": 145, "num_statements": 174, "percent_covered": 81.89655172413794, "percent_covered_display": "82", "missing_lines": 29, "excluded_lines": 0, "num_branches": 58, "num_partial_branches": 9, "covered_branches": 45, "missing_branches": 13}, "missing_lines": [55, 56, 64, 65, 89, 108, 110, 228, 229, 250, 251, 252, 259, 268, 304, 305, 307, 308, 310, 311, 313, 324, 325, 326, 328, 364, 365, 366, 382], "excluded_lines": [], "executed_branches": [[51, 52], [51, 57], [69, 71], [69, 72], [72, 74], [72, 77], [86, 87], [86, 93], [88, 91], [99, 100], [99, 112], [100, 102], [107, 109], [109, 112], [126, 127], [126, 129], [176, 177], [176, 181], [192, 193], [192, 196], [213, 214], [213, 220], [224, 225], [224, 230], [239, 241], [239, 243], [243, 245], [258, 262], [263, 264], [272, 273], [272, 275], [279, -277], [279, 281], [283, 284], [283, 299], [292, 293], [292, 296], [293, 292], [293, 294], [336, 337], [336, 347], [352, 353], [352, 355], [363, 368], [377, 379]], "missing_branches": [[88, 89], [100, 112], [107, 108], [109, 110], [243, 250], [258, 259], [263, 268], [307, 308], [307, 310], [324, 325], [324, 328], [363, 364], [377, 382]]}, "": {"executed_lines": [2, 10, 11, 12, 13, 14, 15, 17, 20, 21, 29, 49, 59, 67, 81, 120, 166, 189, 207, 222, 232, 237, 254, 270, 277, 302, 330, 349, 372, 385], "summary": {"covered_lines": 27, "num_statements": 27, "percent_covered": 100.0, "percent_covered_display": "100", "missing_lines": 0, "excluded_lines": 10, "num_branches": 0, "num_partial_branches": 0, "covered_branches": 0, "missing_branches": 0}, "missing_lines": [], "excluded_lines": [385, 387, 389, 392, 401, 402, 405, 406, 409, 410], "executed_branches": [], "missing_branches": []}}}, "src/wikidata_fetcher.py": {"executed_lines": [2, 15, 16, 17, 18, 20, 23, 26, 27, 29, 35, 36, 37, 46, 47, 49, 51, 52, 54, 55, 56, 58, 59, 60, 61, 63, 73, 74, 82, 83, 84, 85, 86, 88, 89, 90, 91, 93, 95, 96, 97, 98, 100, 110, 111, 119, 120, 121, 122, 123, 125, 126, 127, 128, 130, 131, 132, 133, 135, 137, 138, 139, 140, 142, 158, 159, 160, 163, 164, 165, 168, 169, 171, 173, 177], "summary": {"covered_lines": 72, "num_statements": 72, "percent_covered": 100.0, "percent_covered_display": "100", "missing_lines": 0, "excluded_lines": 8, "num_branches": 10, "num_partial_branches": 0, "covered_branches": 10, "missing_branches": 0}, "missing_lines": [], "excluded_lines": [177, 178, 180, 189, 191, 192, 193, 195], "executed_branches": [[51, 52], [51, 54], [89, 90], [89, 93], [131, 132], [131, 135], [158, 159], [158, 163], [164, 165], [164, 168]], "missing_branches": [], "functions": {"WikidataFetcher.__init__": {"executed_lines": [35, 36, 37, 46, 47], "summary": {"covered_lines": 5, "num_statements": 5, "percent_covered": 100.0, "percent_covered_display": "100", "missing_lines": 0, "excluded_lines": 0, "num_branches": 0, "num_partial_branches": 0, "covered_branches": 0, "missing_branches": 0}, "missing_lines": [], "excluded_lines": [], "executed_branches": [], "missing_branches": []}, "WikidataFetcher._load_overrides": {"executed_lines": [51, 52, 54, 55, 56, 58, 59, 60, 61], "summary": {"covered_lines": 9, "num_statements": 9, "percent_covered": 100.0, "percent_covered_display": "100", "missing_lines": 0, "excluded_lines": 0, "num_branches": 2, "num_partial_branches": 0, "covered_branches": 2, "missing_branches": 0}, "missing_lines": [], "excluded_lines": [], "executed_branches": [[51, 52], [51, 54]], "missing_branches": []}, "WikidataFetcher.search_entity": {"executed_lines": [73, 74, 82, 83, 84, 85, 86, 88, 89, 90, 91, 93, 95, 96, 97, 98], "summary": {"covered_lines": 16, "num_statements": 16, "percent_covered": 100.0, "percent_covered_display": "100", "missing_lines": 0, "excluded_lines": 0, "num_branches": 2, "num_partial_branches": 0, "covered_branches": 2, "missing_branches": 0}, "missing_lines": [], "excluded_lines": [], "executed_branches": [[89, 90], [89, 93]], "missing_branches": []}, "WikidataFetcher.get_jawiki_title": {"executed_lines": [110, 111, 119, 120, 121, 122, 123, 125, 126, 127, 128, 130, 131, 132, 133, 135, 137, 138, 139, 140], "summary": {"covered_lines": 20, "num_statements": 20, "percent_covered": 100.0, "percent_covered_display": "100", "missing_lines": 0, "excluded_lines": 0, "num_branches": 2, "num_partial_branches": 0, "covered_branches": 2, "missing_branches": 0}, "missing_lines": [], "excluded_lines": [], "executed_branches": [[131, 132], [131, 135]], "missing_branches": []}, "WikidataFetcher.resolve_person": {"executed_lines": [158, 159, 160, 163, 164, 165, 168, 169], "summary": {"covered_lines": 8, "num_statements": 8, "percent_covered": 100.0, "percent_covered_display": "100", "missing_lines": 0, "excluded_lines": 0, "num_branches": 4, "num_partial_branches": 0, "covered_branches": 4, "missing_branches": 0}, "missing_lines": [], "excluded_lines": [], "executed_branches": [[158, 159], [158, 163], [164, 165], [164, 168]], "missing_branches": []}, "WikidataFetcher.get_stats": {"executed_lines": [173], "summary": {"covered_lines": 1, "num_statements": 1, "percent_covered": 100.0, "percent_covered_display": "100", "missing_lines": 0, "excluded_lines": 0, "num_branches": 0, "num_partial_branches": 0, "covered_branches": 0, "missing_branches": 0}, "missing_lines": [], "excluded_lines": [], "executed_branches": [], "missing_branches": []}, "": {"executed_lines": [2, 15, 16, 17, 18, 20, 23, 26, 27, 29, 49, 63, 100, 142, 171, 177], "summary": {"covered_lines": 13, "num_statements": 13, "percent_covered": 100.0, "percent_covered_display": "100", "missing_lines": 0, "excluded_lines": 8, "num_branches": 0, "num_partial_branches": 0, "covered_branches": 0, "missing_branches": 0}, "missing_lines": [], "excluded_lines": [177, 178, 180, 189, 191, 192, 193, 195], "executed_branches": [], "missing_branches": []}}, "classes": {"WikidataFetcher": {"executed_lines": [35, 36, 37, 46, 47, 51, 52, 54, 55, 56, 58, 59, 60, 61, 73, 74, 82, 83, 84, 85, 86, 88, 89, 90, 91, 93, 95, 96, 97, 98, 110, 111, 119, 120, 121, 122, 123, 125, 126, 127, 128, 130, 131, 132, 133, 135, 137, 138, 139, 140, 158, 159, 160, 163, 164, 165, 168, 169, 173], "summary": {"covered_lines": 59, "num_statements": 59, "percent_covered": 100.0, "percent_covered_display": "100", "missing_lines": 0, "excluded_lines": 0, "num_branches": 10, "num_partial_branches": 0, "covered_branches": 10, "missing_branches": 0}, "missing_lines": [], "excluded_lines": [], "executed_branches": [[51, 52], [51, 54], [89, 90], [89, 93], [131, 132], [131, 135], [158, 159], [158, 163], [164, 165], [164, 168]], "missing_branches": []}, "": {"executed_lines": [2, 15, 16, 17, 18, 20, 23, 26, 27, 29, 49, 63, 100, 142, 171, 177], "summary": {"covered_lines": 13, "num_statements": 13, "percent_covered": 100.0, "percent_covered_display": "100", "missing_lines": 0, "excluded_lines": 8, "num_branches": 0, "num_partial_branches": 0, "covered_branches": 0, "missing_branches": 0}, "missing_lines": [], "excluded_lines": [177, 178, 180, 189, 191, 192, 193, 195], "executed_branches": [], "missing_branches": []}}}}, "totals": {"covered_lines": 7124, "num_statements": 8311, "percent_covered": 83.58420903152513, "percent_covered_display": "84", "missing_lines": 1187, "excluded_lines": 500, "num_branches": 2252, "num_partial_branches": 291, "covered_branches": 1705, "missing_branches": 547}}