{"meta": {"format": 3, "version": "7.11.0", "timestamp": "2025-12-23T09:03:23.709655", "branch_coverage": true, "show_contexts": false}, "files": {"src/__init__.py": {"executed_lines": [], "summary": {"covered_lines": 0, "num_statements": 0, "percent_covered": 100.0, "percent_covered_display": "100", "missing_lines": 0, "excluded_lines": 0, "num_branches": 0, "num_partial_branches": 0, "covered_branches": 0, "missing_branches": 0}, "missing_lines": [], "excluded_lines": [], "executed_branches": [], "missing_branches": [], "functions": {"": {"executed_lines": [], "summary": {"covered_lines": 0, "num_statements": 0, "percent_covered": 100.0, "percent_covered_display": "100", "missing_lines": 0, "excluded_lines": 0, "num_branches": 0, "num_partial_branches": 0, "covered_branches": 0, "missing_branches": 0}, "missing_lines": [], "excluded_lines": [], "executed_branches": [], "missing_branches": []}}, "classes": {"": {"executed_lines": [], "summary": {"covered_lines": 0, "num_statements": 0, "percent_covered": 100.0, "percent_covered_display": "100", "missing_lines": 0, "excluded_lines": 0, "num_branches": 0, "num_partial_branches": 0, "covered_branches": 0, "missing_branches": 0}, "missing_lines": [], "excluded_lines": [], "executed_branches": [], "missing_branches": []}}}, "src/advanced_predictive_engine.py": {"executed_lines": [], "summary": {"covered_lines": 0, "num_statements": 296, "percent_covered": 0.0, "percent_covered_display": "0", "missing_lines": 296, "excluded_lines": 2, "num_branches": 60, "num_partial_branches": 0, "covered_branches": 0, "missing_branches": 60}, "missing_lines": [13, 14, 15, 16, 17, 18, 19, 21, 22, 25, 26, 27, 28, 30, 33, 36, 39, 42, 43, 46, 47, 48, 49, 50, 51, 52, 53, 54, 55, 56, 59, 60, 63, 64, 65, 66, 67, 68, 71, 78, 85, 86, 87, 90, 91, 92, 95, 96, 99, 100, 103, 106, 108, 110, 111, 114, 133, 147, 148, 150, 152, 154, 174, 185, 186, 187, 190, 193, 196, 199, 200, 201, 204, 205, 211, 214, 215, 216, 219, 220, 226, 229, 230, 231, 234, 235, 241, 244, 245, 248, 249, 250, 253, 254, 256, 259, 269, 272, 273, 274, 275, 276, 277, 279, 281, 283, 284, 285, 288, 289, 292, 297, 298, 299, 300, 302, 304, 307, 308, 310, 317, 320, 321, 322, 323, 324, 325, 326, 327, 328, 329, 330, 331, 333, 336, 337, 338, 339, 342, 343, 344, 346, 348, 350, 352, 362, 363, 366, 367, 370, 371, 374, 375, 377, 378, 379, 380, 383, 384, 385, 386, 387, 388, 389, 392, 395, 398, 401, 404, 407, 410, 425, 427, 429, 431, 433, 435, 437, 438, 439, 441, 442, 444, 446, 448, 449, 450, 451, 452, 453, 455, 457, 459, 462, 463, 464, 465, 466, 468, 469, 477, 479, 481, 484, 485, 486, 487, 488, 489, 490, 491, 494, 495, 498, 499, 501, 503, 505, 506, 508, 509, 511, 513, 514, 516, 540, 541, 543, 545, 546, 548, 568, 569, 571, 573, 574, 576, 577, 578, 588, 589, 591, 592, 593, 595, 597, 598, 600, 601, 603, 604, 605, 606, 607, 608, 610, 611, 613, 614, 615, 617, 620, 622, 624, 625, 626, 628, 631, 633, 635, 636, 638, 640, 641, 643, 644, 645, 646, 647, 648, 649, 650, 652, 653, 655, 656, 657, 659, 660, 661, 663, 664, 665, 667, 668, 669], "excluded_lines": [672, 673], "executed_branches": [], "missing_branches": [[253, 254], [253, 256], [283, 284], [283, 288], [297, 298], [297, 302], [342, 343], [342, 346], [362, 363], [362, 366], [366, 367], [366, 370], [377, 378], [377, 383], [384, 385], [384, 392], [437, 438], [437, 441], [438, 437], [438, 439], [441, 442], [441, 444], [448, 449], [448, 450], [450, 451], [450, 452], [452, 453], [452, 455], [462, 463], [462, 477], [464, 465], [464, 477], [468, 469], [468, 477], [484, 485], [484, 487], [487, 488], [487, 490], [490, 491], [490, 494], [494, 495], [494, 498], [498, 499], [498, 501], [505, 506], [505, 508], [600, 601], [600, 617], [633, 635], [633, 638], [638, -620], [638, 640], [652, 653], [652, 655], [656, 657], [656, 659], [660, 661], [660, 663], [664, -620], [664, 665]], "functions": {"AdvancedPredictiveEngine.__init__": {"executed_lines": [], "summary": {"covered_lines": 0, "num_statements": 12, "percent_covered": 0.0, "percent_covered_display": "0", "missing_lines": 12, "excluded_lines": 0, "num_branches": 0, "num_partial_branches": 0, "covered_branches": 0, "missing_branches": 0}, "missing_lines": [85, 86, 87, 90, 91, 92, 95, 96, 99, 100, 103, 106], "excluded_lines": [], "executed_branches": [], "missing_branches": []}, "AdvancedPredictiveEngine._init_database": {"executed_lines": [], "summary": {"covered_lines": 0, "num_statements": 7, "percent_covered": 0.0, "percent_covered_display": "0", "missing_lines": 7, "excluded_lines": 0, "num_branches": 0, "num_partial_branches": 0, "covered_branches": 0, "missing_branches": 0}, "missing_lines": [110, 111, 114, 133, 147, 148, 150], "excluded_lines": [], "executed_branches": [], "missing_branches": []}, "AdvancedPredictiveEngine._get_param_grids": {"executed_lines": [], "summary": {"covered_lines": 0, "num_statements": 1, "percent_covered": 0.0, "percent_covered_display": "0", "missing_lines": 1, "excluded_lines": 0, "num_branches": 0, "num_partial_branches": 0, "covered_branches": 0, "missing_branches": 0}, "missing_lines": [154], "excluded_lines": [], "executed_branches": [], "missing_branches": []}, "AdvancedPredictiveEngine.automl_train": {"executed_lines": [], "summary": {"covered_lines": 0, "num_statements": 41, "percent_covered": 0.0, "percent_covered_display": "0", "missing_lines": 41, "excluded_lines": 0, "num_branches": 2, "num_partial_branches": 0, "covered_branches": 0, "missing_branches": 2}, "missing_lines": [185, 186, 187, 190, 193, 196, 199, 200, 201, 204, 205, 211, 214, 215, 216, 219, 220, 226, 229, 230, 231, 234, 235, 241, 244, 245, 248, 249, 250, 253, 254, 256, 259, 269, 272, 273, 274, 275, 276, 277, 279], "excluded_lines": [], "executed_branches": [], "missing_branches": [[253, 254], [253, 256]]}, "AdvancedPredictiveEngine._build_ensemble": {"executed_lines": [], "summary": {"covered_lines": 0, "num_statements": 11, "percent_covered": 0.0, "percent_covered_display": "0", "missing_lines": 11, "excluded_lines": 0, "num_branches": 4, "num_partial_branches": 0, "covered_branches": 0, "missing_branches": 4}, "missing_lines": [283, 284, 285, 288, 289, 292, 297, 298, 299, 300, 302], "excluded_lines": [], "executed_branches": [], "missing_branches": [[283, 284], [283, 288], [297, 298], [297, 302]]}, "AdvancedPredictiveEngine._collect_training_data": {"executed_lines": [], "summary": {"covered_lines": 0, "num_statements": 27, "percent_covered": 0.0, "percent_covered_display": "0", "missing_lines": 27, "excluded_lines": 0, "num_branches": 2, "num_partial_branches": 0, "covered_branches": 0, "missing_branches": 2}, "missing_lines": [307, 308, 310, 317, 320, 321, 322, 323, 324, 325, 326, 327, 328, 329, 330, 331, 333, 336, 337, 338, 339, 342, 343, 344, 346, 348, 350], "excluded_lines": [], "executed_branches": [], "missing_branches": [[342, 343], [342, 346]]}, "AdvancedPredictiveEngine.predict_advanced": {"executed_lines": [], "summary": {"covered_lines": 0, "num_statements": 28, "percent_covered": 0.0, "percent_covered_display": "0", "missing_lines": 28, "excluded_lines": 0, "num_branches": 8, "num_partial_branches": 0, "covered_branches": 0, "missing_branches": 8}, "missing_lines": [362, 363, 366, 367, 370, 371, 374, 375, 377, 378, 379, 380, 383, 384, 385, 386, 387, 388, 389, 392, 395, 398, 401, 404, 407, 410, 425, 427], "excluded_lines": [], "executed_branches": [], "missing_branches": [[362, 363], [362, 366], [366, 367], [366, 370], [377, 378], [377, 383], [384, 385], [384, 392]]}, "AdvancedPredictiveEngine._collect_current_metrics": {"executed_lines": [], "summary": {"covered_lines": 0, "num_statements": 1, "percent_covered": 0.0, "percent_covered_display": "0", "missing_lines": 1, "excluded_lines": 0, "num_branches": 0, "num_partial_branches": 0, "covered_branches": 0, "missing_branches": 0}, "missing_lines": [431], "excluded_lines": [], "executed_branches": [], "missing_branches": []}, "AdvancedPredictiveEngine._build_feature_vector": {"executed_lines": [], "summary": {"covered_lines": 0, "num_statements": 7, "percent_covered": 0.0, "percent_covered_display": "0", "missing_lines": 7, "excluded_lines": 0, "num_branches": 6, "num_partial_branches": 0, "covered_branches": 0, "missing_branches": 6}, "missing_lines": [435, 437, 438, 439, 441, 442, 444], "excluded_lines": [], "executed_branches": [], "missing_branches": [[437, 438], [437, 441], [438, 437], [438, 439], [441, 442], [441, 444]]}, "AdvancedPredictiveEngine._determine_risk_level": {"executed_lines": [], "summary": {"covered_lines": 0, "num_statements": 7, "percent_covered": 0.0, "percent_covered_display": "0", "missing_lines": 7, "excluded_lines": 0, "num_branches": 6, "num_partial_branches": 0, "covered_branches": 0, "missing_branches": 6}, "missing_lines": [448, 449, 450, 451, 452, 453, 455], "excluded_lines": [], "executed_branches": [], "missing_branches": [[448, 449], [448, 450], [450, 451], [450, 452], [452, 453], [452, 455]]}, "AdvancedPredictiveEngine._analyze_contributing_factors": {"executed_lines": [], "summary": {"covered_lines": 0, "num_statements": 9, "percent_covered": 0.0, "percent_covered_display": "0", "missing_lines": 9, "excluded_lines": 0, "num_branches": 6, "num_partial_branches": 0, "covered_branches": 0, "missing_branches": 6}, "missing_lines": [459, 462, 463, 464, 465, 466, 468, 469, 477], "excluded_lines": [], "executed_branches": [], "missing_branches": [[462, 463], [462, 477], [464, 465], [464, 477], [468, 469], [468, 477]]}, "AdvancedPredictiveEngine._generate_recommendations": {"executed_lines": [], "summary": {"covered_lines": 0, "num_statements": 14, "percent_covered": 0.0, "percent_covered_display": "0", "missing_lines": 14, "excluded_lines": 0, "num_branches": 10, "num_partial_branches": 0, "covered_branches": 0, "missing_branches": 10}, "missing_lines": [481, 484, 485, 486, 487, 488, 489, 490, 491, 494, 495, 498, 499, 501], "excluded_lines": [], "executed_branches": [], "missing_branches": [[484, 485], [484, 487], [487, 488], [487, 490], [490, 491], [490, 494], [494, 495], [494, 498], [498, 499], [498, 501]]}, "AdvancedPredictiveEngine._estimate_failure_time": {"executed_lines": [], "summary": {"covered_lines": 0, "num_statements": 4, "percent_covered": 0.0, "percent_covered_display": "0", "missing_lines": 4, "excluded_lines": 0, "num_branches": 2, "num_partial_branches": 0, "covered_branches": 0, "missing_branches": 2}, "missing_lines": [505, 506, 508, 509], "excluded_lines": [], "executed_branches": [], "missing_branches": [[505, 506], [505, 508]]}, "AdvancedPredictiveEngine._save_prediction": {"executed_lines": [], "summary": {"covered_lines": 0, "num_statements": 5, "percent_covered": 0.0, "percent_covered_display": "0", "missing_lines": 5, "excluded_lines": 0, "num_branches": 0, "num_partial_branches": 0, "covered_branches": 0, "missing_branches": 0}, "missing_lines": [513, 514, 516, 540, 541], "excluded_lines": [], "executed_branches": [], "missing_branches": []}, "AdvancedPredictiveEngine._save_automl_experiment": {"executed_lines": [], "summary": {"covered_lines": 0, "num_statements": 5, "percent_covered": 0.0, "percent_covered_display": "0", "missing_lines": 5, "excluded_lines": 0, "num_branches": 0, "num_partial_branches": 0, "covered_branches": 0, "missing_branches": 0}, "missing_lines": [545, 546, 548, 568, 569], "excluded_lines": [], "executed_branches": [], "missing_branches": []}, "AdvancedPredictiveEngine._save_models": {"executed_lines": [], "summary": {"covered_lines": 0, "num_statements": 10, "percent_covered": 0.0, "percent_covered_display": "0", "missing_lines": 10, "excluded_lines": 0, "num_branches": 0, "num_partial_branches": 0, "covered_branches": 0, "missing_branches": 0}, "missing_lines": [573, 574, 576, 577, 578, 588, 589, 591, 592, 593], "excluded_lines": [], "executed_branches": [], "missing_branches": []}, "AdvancedPredictiveEngine._load_models": {"executed_lines": [], "summary": {"covered_lines": 0, "num_statements": 16, "percent_covered": 0.0, "percent_covered_display": "0", "missing_lines": 16, "excluded_lines": 0, "num_branches": 2, "num_partial_branches": 0, "covered_branches": 0, "missing_branches": 2}, "missing_lines": [597, 598, 600, 601, 603, 604, 605, 606, 607, 608, 610, 611, 613, 614, 615, 617], "excluded_lines": [], "executed_branches": [], "missing_branches": [[600, 601], [600, 617]]}, "main": {"executed_lines": [], "summary": {"covered_lines": 0, "num_statements": 34, "percent_covered": 0.0, "percent_covered_display": "0", "missing_lines": 34, "excluded_lines": 0, "num_branches": 12, "num_partial_branches": 0, "covered_branches": 0, "missing_branches": 12}, "missing_lines": [622, 624, 625, 626, 628, 631, 633, 635, 636, 638, 640, 641, 643, 644, 645, 646, 647, 648, 649, 650, 652, 653, 655, 656, 657, 659, 660, 661, 663, 664, 665, 667, 668, 669], "excluded_lines": [], "executed_branches": [], "missing_branches": [[633, 635], [633, 638], [638, -620], [638, 640], [652, 653], [652, 655], [656, 657], [656, 659], [660, 661], [660, 663], [664, -620], [664, 665]]}, "": {"executed_lines": [], "summary": {"covered_lines": 0, "num_statements": 57, "percent_covered": 0.0, "percent_covered_display": "0", "missing_lines": 57, "excluded_lines": 2, "num_branches": 0, "num_partial_branches": 0, "covered_branches": 0, "missing_branches": 0}, "missing_lines": [13, 14, 15, 16, 17, 18, 19, 21, 22, 25, 26, 27, 28, 30, 33, 36, 39, 42, 43, 46, 47, 48, 49, 50, 51, 52, 53, 54, 55, 56, 59, 60, 63, 64, 65, 66, 67, 68, 71, 78, 108, 152, 174, 281, 304, 352, 429, 433, 446, 457, 479, 503, 511, 543, 571, 595, 620], "excluded_lines": [672, 673], "executed_branches": [], "missing_branches": []}}, "classes": {"AdvancedPrediction": {"executed_lines": [], "summary": {"covered_lines": 0, "num_statements": 0, "percent_covered": 100.0, "percent_covered_display": "100", "missing_lines": 0, "excluded_lines": 0, "num_branches": 0, "num_partial_branches": 0, "covered_branches": 0, "missing_branches": 0}, "missing_lines": [], "excluded_lines": [], "executed_branches": [], "missing_branches": []}, "AutoMLResults": {"executed_lines": [], "summary": {"covered_lines": 0, "num_statements": 0, "percent_covered": 100.0, "percent_covered_display": "100", "missing_lines": 0, "excluded_lines": 0, "num_branches": 0, "num_partial_branches": 0, "covered_branches": 0, "missing_branches": 0}, "missing_lines": [], "excluded_lines": [], "executed_branches": [], "missing_branches": []}, "AdvancedPredictiveEngine": {"executed_lines": [], "summary": {"covered_lines": 0, "num_statements": 205, "percent_covered": 0.0, "percent_covered_display": "0", "missing_lines": 205, "excluded_lines": 0, "num_branches": 48, "num_partial_branches": 0, "covered_branches": 0, "missing_branches": 48}, "missing_lines": [85, 86, 87, 90, 91, 92, 95, 96, 99, 100, 103, 106, 110, 111, 114, 133, 147, 148, 150, 154, 185, 186, 187, 190, 193, 196, 199, 200, 201, 204, 205, 211, 214, 215, 216, 219, 220, 226, 229, 230, 231, 234, 235, 241, 244, 245, 248, 249, 250, 253, 254, 256, 259, 269, 272, 273, 274, 275, 276, 277, 279, 283, 284, 285, 288, 289, 292, 297, 298, 299, 300, 302, 307, 308, 310, 317, 320, 321, 322, 323, 324, 325, 326, 327, 328, 329, 330, 331, 333, 336, 337, 338, 339, 342, 343, 344, 346, 348, 350, 362, 363, 366, 367, 370, 371, 374, 375, 377, 378, 379, 380, 383, 384, 385, 386, 387, 388, 389, 392, 395, 398, 401, 404, 407, 410, 425, 427, 431, 435, 437, 438, 439, 441, 442, 444, 448, 449, 450, 451, 452, 453, 455, 459, 462, 463, 464, 465, 466, 468, 469, 477, 481, 484, 485, 486, 487, 488, 489, 490, 491, 494, 495, 498, 499, 501, 505, 506, 508, 509, 513, 514, 516, 540, 541, 545, 546, 548, 568, 569, 573, 574, 576, 577, 578, 588, 589, 591, 592, 593, 597, 598, 600, 601, 603, 604, 605, 606, 607, 608, 610, 611, 613, 614, 615, 617], "excluded_lines": [], "executed_branches": [], "missing_branches": [[253, 254], [253, 256], [283, 284], [283, 288], [297, 298], [297, 302], [342, 343], [342, 346], [362, 363], [362, 366], [366, 367], [366, 370], [377, 378], [377, 383], [384, 385], [384, 392], [437, 438], [437, 441], [438, 437], [438, 439], [441, 442], [441, 444], [448, 449], [448, 450], [450, 451], [450, 452], [452, 453], [452, 455], [462, 463], [462, 477], [464, 465], [464, 477], [468, 469], [468, 477], [484, 485], [484, 487], [487, 488], [487, 490], [490, 491], [490, 494], [494, 495], [494, 498], [498, 499], [498, 501], [505, 506], [505, 508], [600, 601], [600, 617]]}, "": {"executed_lines": [], "summary": {"covered_lines": 0, "num_statements": 91, "percent_covered": 0.0, "percent_covered_display": "0", "missing_lines": 91, "excluded_lines": 2, "num_branches": 12, "num_partial_branches": 0, "covered_branches": 0, "missing_branches": 12}, "missing_lines": [13, 14, 15, 16, 17, 18, 19, 21, 22, 25, 26, 27, 28, 30, 33, 36, 39, 42, 43, 46, 47, 48, 49, 50, 51, 52, 53, 54, 55, 56, 59, 60, 63, 64, 65, 66, 67, 68, 71, 78, 108, 152, 174, 281, 304, 352, 429, 433, 446, 457, 479, 503, 511, 543, 571, 595, 620, 622, 624, 625, 626, 628, 631, 633, 635, 636, 638, 640, 641, 643, 644, 645, 646, 647, 648, 649, 650, 652, 653, 655, 656, 657, 659, 660, 661, 663, 664, 665, 667, 668, 669], "excluded_lines": [672, 673], "executed_branches": [], "missing_branches": [[633, 635], [633, 638], [638, -620], [638, 640], [652, 653], [652, 655], [656, 657], [656, 659], [660, 661], [660, 663], [664, -620], [664, 665]]}}}, "src/advanced_trend_dashboard/__init__.py": {"executed_lines": [], "summary": {"covered_lines": 0, "num_statements": 5, "percent_covered": 0.0, "percent_covered_display": "0", "missing_lines": 5, "excluded_lines": 0, "num_branches": 0, "num_partial_branches": 0, "covered_branches": 0, "missing_branches": 0}, "missing_lines": [16, 17, 18, 26, 36], "excluded_lines": [], "executed_branches": [], "missing_branches": [], "functions": {"": {"executed_lines": [], "summary": {"covered_lines": 0, "num_statements": 5, "percent_covered": 0.0, "percent_covered_display": "0", "missing_lines": 5, "excluded_lines": 0, "num_branches": 0, "num_partial_branches": 0, "covered_branches": 0, "missing_branches": 0}, "missing_lines": [16, 17, 18, 26, 36], "excluded_lines": [], "executed_branches": [], "missing_branches": []}}, "classes": {"": {"executed_lines": [], "summary": {"covered_lines": 0, "num_statements": 5, "percent_covered": 0.0, "percent_covered_display": "0", "missing_lines": 5, "excluded_lines": 0, "num_branches": 0, "num_partial_branches": 0, "covered_branches": 0, "missing_branches": 0}, "missing_lines": [16, 17, 18, 26, 36], "excluded_lines": [], "executed_branches": [], "missing_branches": []}}}, "src/advanced_trend_dashboard/dashboard.py": {"executed_lines": [], "summary": {"covered_lines": 0, "num_statements": 271, "percent_covered": 0.0, "percent_covered_display": "0", "missing_lines": 271, "excluded_lines": 2, "num_branches": 64, "num_partial_branches": 0, "covered_branches": 0, "missing_branches": 64}, "missing_lines": [4, 5, 6, 7, 8, 9, 11, 13, 14, 22, 32, 35, 38, 39, 40, 41, 42, 44, 46, 47, 49, 64, 78, 79, 81, 83, 84, 85, 86, 87, 88, 89, 91, 101, 104, 105, 106, 107, 108, 109, 110, 112, 113, 114, 116, 118, 121, 122, 123, 124, 125, 126, 129, 130, 131, 132, 133, 134, 137, 138, 139, 140, 141, 142, 145, 146, 147, 148, 149, 150, 153, 154, 155, 156, 157, 158, 161, 162, 163, 164, 165, 166, 169, 170, 171, 172, 173, 174, 176, 178, 179, 180, 182, 186, 188, 192, 194, 198, 200, 205, 207, 208, 210, 212, 223, 225, 230, 231, 232, 233, 241, 243, 248, 249, 250, 251, 252, 262, 264, 265, 266, 268, 273, 274, 276, 277, 279, 280, 281, 283, 284, 292, 293, 295, 301, 303, 320, 322, 323, 325, 332, 333, 334, 335, 348, 349, 351, 353, 354, 355, 357, 361, 362, 364, 365, 367, 374, 386, 388, 389, 390, 392, 400, 401, 402, 408, 409, 411, 413, 414, 415, 417, 422, 423, 424, 425, 426, 427, 428, 429, 430, 432, 434, 435, 437, 445, 447, 448, 450, 451, 452, 453, 462, 463, 472, 473, 482, 483, 484, 493, 495, 497, 498, 500, 503, 504, 505, 506, 507, 508, 509, 512, 513, 514, 515, 516, 517, 518, 521, 522, 523, 524, 525, 526, 527, 530, 531, 532, 533, 534, 535, 536, 539, 540, 541, 542, 543, 544, 545, 547, 549, 551, 552, 553, 555, 557, 558, 560, 561, 564, 566, 568, 569, 570, 571, 572, 574, 576, 578, 579, 581, 582, 584, 585, 586, 587, 588, 590, 591, 592, 593], "excluded_lines": [596, 597], "executed_branches": [], "missing_branches": [[104, 105], [104, 112], [231, 232], [231, 233], [249, 250], [249, 251], [276, 277], [276, 279], [283, 284], [283, 295], [333, 334], [333, 348], [364, 365], [364, 367], [401, 402], [401, 408], [423, 424], [423, 432], [425, 423], [425, 426], [428, 429], [428, 430], [450, 451], [450, 462], [452, 453], [452, 462], [462, 463], [462, 472], [472, 473], [472, 482], [483, 484], [483, 493], [497, 498], [497, 500], [504, 505], [504, 512], [506, 507], [506, 512], [513, 514], [513, 521], [515, 516], [515, 521], [522, 523], [522, 530], [524, 525], [524, 530], [531, 532], [531, 539], [533, 534], [533, 539], [540, 541], [540, 547], [542, 543], [542, 547], [551, 552], [551, 555], [578, 579], [578, 590], [581, 582], [581, 584], [584, -564], [584, 585], [587, -564], [587, 588]], "functions": {"AdvancedTrendDashboard.__init__": {"executed_lines": [], "summary": {"covered_lines": 0, "num_statements": 4, "percent_covered": 0.0, "percent_covered_display": "0", "missing_lines": 4, "excluded_lines": 0, "num_branches": 0, "num_partial_branches": 0, "covered_branches": 0, "missing_branches": 0}, "missing_lines": [39, 40, 41, 42], "excluded_lines": [], "executed_branches": [], "missing_branches": []}, "AdvancedTrendDashboard._init_database_tables": {"executed_lines": [], "summary": {"covered_lines": 0, "num_statements": 6, "percent_covered": 0.0, "percent_covered_display": "0", "missing_lines": 6, "excluded_lines": 0, "num_branches": 0, "num_partial_branches": 0, "covered_branches": 0, "missing_branches": 0}, "missing_lines": [46, 47, 49, 64, 78, 79], "excluded_lines": [], "executed_branches": [], "missing_branches": []}, "AdvancedTrendDashboard.generate_comprehensive_dashboard": {"executed_lines": [], "summary": {"covered_lines": 0, "num_statements": 20, "percent_covered": 0.0, "percent_covered_display": "0", "missing_lines": 20, "excluded_lines": 0, "num_branches": 2, "num_partial_branches": 0, "covered_branches": 0, "missing_branches": 2}, "missing_lines": [83, 84, 85, 86, 87, 88, 89, 91, 101, 104, 105, 106, 107, 108, 109, 110, 112, 113, 114, 116], "excluded_lines": [], "executed_branches": [], "missing_branches": [[104, 105], [104, 112]]}, "AdvancedTrendDashboard._build_all_sections": {"executed_lines": [], "summary": {"covered_lines": 0, "num_statements": 42, "percent_covered": 0.0, "percent_covered_display": "0", "missing_lines": 42, "excluded_lines": 0, "num_branches": 0, "num_partial_branches": 0, "covered_branches": 0, "missing_branches": 0}, "missing_lines": [121, 122, 123, 124, 125, 126, 129, 130, 131, 132, 133, 134, 137, 138, 139, 140, 141, 142, 145, 146, 147, 148, 149, 150, 153, 154, 155, 156, 157, 158, 161, 162, 163, 164, 165, 166, 169, 170, 171, 172, 173, 174], "excluded_lines": [], "executed_branches": [], "missing_branches": []}, "AdvancedTrendDashboard._get_summary_metrics": {"executed_lines": [], "summary": {"covered_lines": 0, "num_statements": 15, "percent_covered": 0.0, "percent_covered_display": "0", "missing_lines": 15, "excluded_lines": 0, "num_branches": 0, "num_partial_branches": 0, "covered_branches": 0, "missing_branches": 0}, "missing_lines": [178, 179, 180, 182, 186, 188, 192, 194, 198, 200, 205, 207, 208, 210, 212], "excluded_lines": [], "executed_branches": [], "missing_branches": []}, "AdvancedTrendDashboard._get_latest_prediction": {"executed_lines": [], "summary": {"covered_lines": 0, "num_statements": 5, "percent_covered": 0.0, "percent_covered_display": "0", "missing_lines": 5, "excluded_lines": 0, "num_branches": 2, "num_partial_branches": 0, "covered_branches": 0, "missing_branches": 2}, "missing_lines": [225, 230, 231, 232, 233], "excluded_lines": [], "executed_branches": [], "missing_branches": [[231, 232], [231, 233]]}, "AdvancedTrendDashboard._get_latest_experiment": {"executed_lines": [], "summary": {"covered_lines": 0, "num_statements": 6, "percent_covered": 0.0, "percent_covered_display": "0", "missing_lines": 6, "excluded_lines": 0, "num_branches": 2, "num_partial_branches": 0, "covered_branches": 0, "missing_branches": 2}, "missing_lines": [243, 248, 249, 250, 251, 252], "excluded_lines": [], "executed_branches": [], "missing_branches": [[249, 250], [249, 251]]}, "AdvancedTrendDashboard._analyze_prediction_trends": {"executed_lines": [], "summary": {"covered_lines": 0, "num_statements": 16, "percent_covered": 0.0, "percent_covered_display": "0", "missing_lines": 16, "excluded_lines": 0, "num_branches": 4, "num_partial_branches": 0, "covered_branches": 0, "missing_branches": 4}, "missing_lines": [264, 265, 266, 268, 273, 274, 276, 277, 279, 280, 281, 283, 284, 292, 293, 295], "excluded_lines": [], "executed_branches": [], "missing_branches": [[276, 277], [276, 279], [283, 284], [283, 295]]}, "AdvancedTrendDashboard._compute_statistics": {"executed_lines": [], "summary": {"covered_lines": 0, "num_statements": 1, "percent_covered": 0.0, "percent_covered_display": "0", "missing_lines": 1, "excluded_lines": 0, "num_branches": 0, "num_partial_branches": 0, "covered_branches": 0, "missing_branches": 0}, "missing_lines": [303], "excluded_lines": [], "executed_branches": [], "missing_branches": []}, "AdvancedTrendDashboard._get_automl_history": {"executed_lines": [], "summary": {"covered_lines": 0, "num_statements": 9, "percent_covered": 0.0, "percent_covered_display": "0", "missing_lines": 9, "excluded_lines": 0, "num_branches": 2, "num_partial_branches": 0, "covered_branches": 0, "missing_branches": 2}, "missing_lines": [322, 323, 325, 332, 333, 334, 335, 348, 349], "excluded_lines": [], "executed_branches": [], "missing_branches": [[333, 334], [333, 348]]}, "AdvancedTrendDashboard._analyze_model_agreement": {"executed_lines": [], "summary": {"covered_lines": 0, "num_statements": 10, "percent_covered": 0.0, "percent_covered_display": "0", "missing_lines": 10, "excluded_lines": 0, "num_branches": 2, "num_partial_branches": 0, "covered_branches": 0, "missing_branches": 2}, "missing_lines": [353, 354, 355, 357, 361, 362, 364, 365, 367, 374], "excluded_lines": [], "executed_branches": [], "missing_branches": [[364, 365], [364, 367]]}, "AdvancedTrendDashboard._analyze_risk_distribution": {"executed_lines": [], "summary": {"covered_lines": 0, "num_statements": 9, "percent_covered": 0.0, "percent_covered_display": "0", "missing_lines": 9, "excluded_lines": 0, "num_branches": 2, "num_partial_branches": 0, "covered_branches": 0, "missing_branches": 2}, "missing_lines": [388, 389, 390, 392, 400, 401, 402, 408, 409], "excluded_lines": [], "executed_branches": [], "missing_branches": [[401, 402], [401, 408]]}, "AdvancedTrendDashboard._analyze_contributing_factors": {"executed_lines": [], "summary": {"covered_lines": 0, "num_statements": 17, "percent_covered": 0.0, "percent_covered_display": "0", "missing_lines": 17, "excluded_lines": 0, "num_branches": 6, "num_partial_branches": 0, "covered_branches": 0, "missing_branches": 6}, "missing_lines": [413, 414, 415, 417, 422, 423, 424, 425, 426, 427, 428, 429, 430, 432, 434, 435, 437], "excluded_lines": [], "executed_branches": [], "missing_branches": [[423, 424], [423, 432], [425, 423], [425, 426], [428, 429], [428, 430]]}, "AdvancedTrendDashboard._generate_alerts": {"executed_lines": [], "summary": {"covered_lines": 0, "num_statements": 14, "percent_covered": 0.0, "percent_covered_display": "0", "missing_lines": 14, "excluded_lines": 0, "num_branches": 10, "num_partial_branches": 0, "covered_branches": 0, "missing_branches": 10}, "missing_lines": [447, 448, 450, 451, 452, 453, 462, 463, 472, 473, 482, 483, 484, 493], "excluded_lines": [], "executed_branches": [], "missing_branches": [[450, 451], [450, 462], [452, 453], [452, 462], [462, 463], [462, 472], [472, 473], [472, 482], [483, 484], [483, 493]]}, "AdvancedTrendDashboard._generate_plotly_graphs": {"executed_lines": [], "summary": {"covered_lines": 0, "num_statements": 39, "percent_covered": 0.0, "percent_covered_display": "0", "missing_lines": 39, "excluded_lines": 0, "num_branches": 22, "num_partial_branches": 0, "covered_branches": 0, "missing_branches": 22}, "missing_lines": [497, 498, 500, 503, 504, 505, 506, 507, 508, 509, 512, 513, 514, 515, 516, 517, 518, 521, 522, 523, 524, 525, 526, 527, 530, 531, 532, 533, 534, 535, 536, 539, 540, 541, 542, 543, 544, 545, 547], "excluded_lines": [], "executed_branches": [], "missing_branches": [[497, 498], [497, 500], [504, 505], [504, 512], [506, 507], [506, 512], [513, 514], [513, 521], [515, 516], [515, 521], [522, 523], [522, 530], [524, 525], [524, 530], [531, 532], [531, 539], [533, 534], [533, 539], [540, 541], [540, 547], [542, 543], [542, 547]]}, "AdvancedTrendDashboard.save_dashboard": {"executed_lines": [], "summary": {"covered_lines": 0, "num_statements": 8, "percent_covered": 0.0, "percent_covered_display": "0", "missing_lines": 8, "excluded_lines": 0, "num_branches": 2, "num_partial_branches": 0, "covered_branches": 0, "missing_branches": 2}, "missing_lines": [551, 552, 553, 555, 557, 558, 560, 561], "excluded_lines": [], "executed_branches": [], "missing_branches": [[551, 552], [551, 555]]}, "main": {"executed_lines": [], "summary": {"covered_lines": 0, "num_statements": 21, "percent_covered": 0.0, "percent_covered_display": "0", "missing_lines": 21, "excluded_lines": 0, "num_branches": 8, "num_partial_branches": 0, "covered_branches": 0, "missing_branches": 8}, "missing_lines": [566, 568, 569, 570, 571, 572, 574, 576, 578, 579, 581, 582, 584, 585, 586, 587, 588, 590, 591, 592, 593], "excluded_lines": [], "executed_branches": [], "missing_branches": [[578, 579], [578, 590], [581, 582], [581, 584], [584, -564], [584, 585], [587, -564], [587, 588]]}, "": {"executed_lines": [], "summary": {"covered_lines": 0, "num_statements": 29, "percent_covered": 0.0, "percent_covered_display": "0", "missing_lines": 29, "excluded_lines": 2, "num_branches": 0, "num_partial_branches": 0, "covered_branches": 0, "missing_branches": 0}, "missing_lines": [4, 5, 6, 7, 8, 9, 11, 13, 14, 22, 32, 35, 38, 44, 81, 118, 176, 223, 241, 262, 301, 320, 351, 386, 411, 445, 495, 549, 564], "excluded_lines": [596, 597], "executed_branches": [], "missing_branches": []}}, "classes": {"AdvancedTrendDashboard": {"executed_lines": [], "summary": {"covered_lines": 0, "num_statements": 221, "percent_covered": 0.0, "percent_covered_display": "0", "missing_lines": 221, "excluded_lines": 0, "num_branches": 56, "num_partial_branches": 0, "covered_branches": 0, "missing_branches": 56}, "missing_lines": [39, 40, 41, 42, 46, 47, 49, 64, 78, 79, 83, 84, 85, 86, 87, 88, 89, 91, 101, 104, 105, 106, 107, 108, 109, 110, 112, 113, 114, 116, 121, 122, 123, 124, 125, 126, 129, 130, 131, 132, 133, 134, 137, 138, 139, 140, 141, 142, 145, 146, 147, 148, 149, 150, 153, 154, 155, 156, 157, 158, 161, 162, 163, 164, 165, 166, 169, 170, 171, 172, 173, 174, 178, 179, 180, 182, 186, 188, 192, 194, 198, 200, 205, 207, 208, 210, 212, 225, 230, 231, 232, 233, 243, 248, 249, 250, 251, 252, 264, 265, 266, 268, 273, 274, 276, 277, 279, 280, 281, 283, 284, 292, 293, 295, 303, 322, 323, 325, 332, 333, 334, 335, 348, 349, 353, 354, 355, 357, 361, 362, 364, 365, 367, 374, 388, 389, 390, 392, 400, 401, 402, 408, 409, 413, 414, 415, 417, 422, 423, 424, 425, 426, 427, 428, 429, 430, 432, 434, 435, 437, 447, 448, 450, 451, 452, 453, 462, 463, 472, 473, 482, 483, 484, 493, 497, 498, 500, 503, 504, 505, 506, 507, 508, 509, 512, 513, 514, 515, 516, 517, 518, 521, 522, 523, 524, 525, 526, 527, 530, 531, 532, 533, 534, 535, 536, 539, 540, 541, 542, 543, 544, 545, 547, 551, 552, 553, 555, 557, 558, 560, 561], "excluded_lines": [], "executed_branches": [], "missing_branches": [[104, 105], [104, 112], [231, 232], [231, 233], [249, 250], [249, 251], [276, 277], [276, 279], [283, 284], [283, 295], [333, 334], [333, 348], [364, 365], [364, 367], [401, 402], [401, 408], [423, 424], [423, 432], [425, 423], [425, 426], [428, 429], [428, 430], [450, 451], [450, 462], [452, 453], [452, 462], [462, 463], [462, 472], [472, 473], [472, 482], [483, 484], [483, 493], [497, 498], [497, 500], [504, 505], [504, 512], [506, 507], [506, 512], [513, 514], [513, 521], [515, 516], [515, 521], [522, 523], [522, 530], [524, 525], [524, 530], [531, 532], [531, 539], [533, 534], [533, 539], [540, 541], [540, 547], [542, 543], [542, 547], [551, 552], [551, 555]]}, "": {"executed_lines": [], "summary": {"covered_lines": 0, "num_statements": 50, "percent_covered": 0.0, "percent_covered_display": "0", "missing_lines": 50, "excluded_lines": 2, "num_branches": 8, "num_partial_branches": 0, "covered_branches": 0, "missing_branches": 8}, "missing_lines": [4, 5, 6, 7, 8, 9, 11, 13, 14, 22, 32, 35, 38, 44, 81, 118, 176, 223, 241, 262, 301, 320, 351, 386, 411, 445, 495, 549, 564, 566, 568, 569, 570, 571, 572, 574, 576, 578, 579, 581, 582, 584, 585, 586, 587, 588, 590, 591, 592, 593], "excluded_lines": [596, 597], "executed_branches": [], "missing_branches": [[578, 579], [578, 590], [581, 582], [581, 584], [584, -564], [584, 585], [587, -564], [587, 588]]}}}, "src/advanced_trend_dashboard/models.py": {"executed_lines": [], "summary": {"covered_lines": 0, "num_statements": 28, "percent_covered": 0.0, "percent_covered_display": "0", "missing_lines": 28, "excluded_lines": 0, "num_branches": 0, "num_partial_branches": 0, "covered_branches": 0, "missing_branches": 0}, "missing_lines": [4, 5, 8, 9, 12, 13, 14, 15, 16, 19, 20, 23, 24, 25, 26, 27, 28, 29, 32, 33, 36, 37, 38, 39, 40, 41, 42, 43], "excluded_lines": [], "executed_branches": [], "missing_branches": [], "functions": {"": {"executed_lines": [], "summary": {"covered_lines": 0, "num_statements": 28, "percent_covered": 0.0, "percent_covered_display": "0", "missing_lines": 28, "excluded_lines": 0, "num_branches": 0, "num_partial_branches": 0, "covered_branches": 0, "missing_branches": 0}, "missing_lines": [4, 5, 8, 9, 12, 13, 14, 15, 16, 19, 20, 23, 24, 25, 26, 27, 28, 29, 32, 33, 36, 37, 38, 39, 40, 41, 42, 43], "excluded_lines": [], "executed_branches": [], "missing_branches": []}}, "classes": {"PredictionTrend": {"executed_lines": [], "summary": {"covered_lines": 0, "num_statements": 0, "percent_covered": 100.0, "percent_covered_display": "100", "missing_lines": 0, "excluded_lines": 0, "num_branches": 0, "num_partial_branches": 0, "covered_branches": 0, "missing_branches": 0}, "missing_lines": [], "excluded_lines": [], "executed_branches": [], "missing_branches": []}, "AutoMLExperiment": {"executed_lines": [], "summary": {"covered_lines": 0, "num_statements": 0, "percent_covered": 100.0, "percent_covered_display": "100", "missing_lines": 0, "excluded_lines": 0, "num_branches": 0, "num_partial_branches": 0, "covered_branches": 0, "missing_branches": 0}, "missing_lines": [], "excluded_lines": [], "executed_branches": [], "missing_branches": []}, "DashboardMetrics": {"executed_lines": [], "summary": {"covered_lines": 0, "num_statements": 0, "percent_covered": 100.0, "percent_covered_display": "100", "missing_lines": 0, "excluded_lines": 0, "num_branches": 0, "num_partial_branches": 0, "covered_branches": 0, "missing_branches": 0}, "missing_lines": [], "excluded_lines": [], "executed_branches": [], "missing_branches": []}, "": {"executed_lines": [], "summary": {"covered_lines": 0, "num_statements": 28, "percent_covered": 0.0, "percent_covered_display": "0", "missing_lines": 28, "excluded_lines": 0, "num_branches": 0, "num_partial_branches": 0, "covered_branches": 0, "missing_branches": 0}, "missing_lines": [4, 5, 8, 9, 12, 13, 14, 15, 16, 19, 20, 23, 24, 25, 26, 27, 28, 29, 32, 33, 36, 37, 38, 39, 40, 41, 42, 43], "excluded_lines": [], "executed_branches": [], "missing_branches": []}}}, "src/advanced_trend_dashboard/plots.py": {"executed_lines": [], "summary": {"covered_lines": 0, "num_statements": 61, "percent_covered": 0.0, "percent_covered_display": "0", "missing_lines": 61, "excluded_lines": 0, "num_branches": 10, "num_partial_branches": 0, "covered_branches": 0, "missing_branches": 10}, "missing_lines": [4, 6, 7, 8, 10, 11, 12, 13, 14, 17, 19, 20, 22, 23, 24, 25, 27, 34, 47, 60, 61, 62, 63, 65, 68, 70, 71, 73, 74, 75, 76, 78, 89, 91, 94, 96, 97, 99, 100, 101, 103, 114, 121, 124, 126, 127, 129, 130, 131, 133, 145, 152, 155, 157, 158, 160, 161, 162, 164, 176, 183], "excluded_lines": [], "executed_branches": [], "missing_branches": [[19, 20], [19, 22], [70, 71], [70, 73], [96, 97], [96, 99], [126, 127], [126, 129], [157, 158], [157, 160]], "functions": {"create_prediction_trend_plot": {"executed_lines": [], "summary": {"covered_lines": 0, "num_statements": 14, "percent_covered": 0.0, "percent_covered_display": "0", "missing_lines": 14, "excluded_lines": 0, "num_branches": 2, "num_partial_branches": 0, "covered_branches": 0, "missing_branches": 2}, "missing_lines": [19, 20, 22, 23, 24, 25, 27, 34, 47, 60, 61, 62, 63, 65], "excluded_lines": [], "executed_branches": [], "missing_branches": [[19, 20], [19, 22]]}, "create_risk_distribution_plot": {"executed_lines": [], "summary": {"covered_lines": 0, "num_statements": 9, "percent_covered": 0.0, "percent_covered_display": "0", "missing_lines": 9, "excluded_lines": 0, "num_branches": 2, "num_partial_branches": 0, "covered_branches": 0, "missing_branches": 2}, "missing_lines": [70, 71, 73, 74, 75, 76, 78, 89, 91], "excluded_lines": [], "executed_branches": [], "missing_branches": [[70, 71], [70, 73]]}, "create_agreement_distribution_plot": {"executed_lines": [], "summary": {"covered_lines": 0, "num_statements": 8, "percent_covered": 0.0, "percent_covered_display": "0", "missing_lines": 8, "excluded_lines": 0, "num_branches": 2, "num_partial_branches": 0, "covered_branches": 0, "missing_branches": 2}, "missing_lines": [96, 97, 99, 100, 101, 103, 114, 121], "excluded_lines": [], "executed_branches": [], "missing_branches": [[96, 97], [96, 99]]}, "create_contributing_factors_plot": {"executed_lines": [], "summary": {"covered_lines": 0, "num_statements": 8, "percent_covered": 0.0, "percent_covered_display": "0", "missing_lines": 8, "excluded_lines": 0, "num_branches": 2, "num_partial_branches": 0, "covered_branches": 0, "missing_branches": 2}, "missing_lines": [126, 127, 129, 130, 131, 133, 145, 152], "excluded_lines": [], "executed_branches": [], "missing_branches": [[126, 127], [126, 129]]}, "create_automl_history_plot": {"executed_lines": [], "summary": {"covered_lines": 0, "num_statements": 8, "percent_covered": 0.0, "percent_covered_display": "0", "missing_lines": 8, "excluded_lines": 0, "num_branches": 2, "num_partial_branches": 0, "covered_branches": 0, "missing_branches": 2}, "missing_lines": [157, 158, 160, 161, 162, 164, 176, 183], "excluded_lines": [], "executed_branches": [], "missing_branches": [[157, 158], [157, 160]]}, "": {"executed_lines": [], "summary": {"covered_lines": 0, "num_statements": 14, "percent_covered": 0.0, "percent_covered_display": "0", "missing_lines": 14, "excluded_lines": 0, "num_branches": 0, "num_partial_branches": 0, "covered_branches": 0, "missing_branches": 0}, "missing_lines": [4, 6, 7, 8, 10, 11, 12, 13, 14, 17, 68, 94, 124, 155], "excluded_lines": [], "executed_branches": [], "missing_branches": []}}, "classes": {"": {"executed_lines": [], "summary": {"covered_lines": 0, "num_statements": 61, "percent_covered": 0.0, "percent_covered_display": "0", "missing_lines": 61, "excluded_lines": 0, "num_branches": 10, "num_partial_branches": 0, "covered_branches": 0, "missing_branches": 10}, "missing_lines": [4, 6, 7, 8, 10, 11, 12, 13, 14, 17, 19, 20, 22, 23, 24, 25, 27, 34, 47, 60, 61, 62, 63, 65, 68, 70, 71, 73, 74, 75, 76, 78, 89, 91, 94, 96, 97, 99, 100, 101, 103, 114, 121, 124, 126, 127, 129, 130, 131, 133, 145, 152, 155, 157, 158, 160, 161, 162, 164, 176, 183], "excluded_lines": [], "executed_branches": [], "missing_branches": [[19, 20], [19, 22], [70, 71], [70, 73], [96, 97], [96, 99], [126, 127], [126, 129], [157, 158], [157, 160]]}}}, "src/advanced_trend_dashboard/printers.py": {"executed_lines": [], "summary": {"covered_lines": 0, "num_statements": 91, "percent_covered": 0.0, "percent_covered_display": "0", "missing_lines": 91, "excluded_lines": 0, "num_branches": 24, "num_partial_branches": 0, "covered_branches": 0, "missing_branches": 24}, "missing_lines": [4, 6, 9, 11, 12, 13, 14, 15, 16, 17, 18, 20, 21, 22, 23, 24, 25, 26, 29, 31, 33, 34, 35, 36, 37, 38, 39, 40, 41, 42, 43, 44, 45, 46, 47, 48, 49, 52, 54, 56, 57, 58, 59, 60, 61, 62, 63, 66, 68, 69, 70, 72, 73, 75, 76, 77, 78, 79, 80, 81, 82, 83, 84, 85, 86, 89, 91, 92, 93, 95, 96, 97, 98, 99, 100, 103, 105, 107, 108, 109, 110, 111, 114, 116, 118, 119, 120, 121, 122, 123, 124], "excluded_lines": [], "executed_branches": [], "missing_branches": [[20, -9], [20, 21], [33, -29], [33, 34], [56, -52], [56, 57], [59, -52], [59, 60], [62, 59], [62, 63], [68, 69], [68, 72], [91, 92], [91, 95], [95, -89], [95, 96], [107, -103], [107, 108], [110, -103], [110, 111], [118, -114], [118, 119], [121, -114], [121, 122]], "functions": {"print_summary_metrics": {"executed_lines": [], "summary": {"covered_lines": 0, "num_statements": 15, "percent_covered": 0.0, "percent_covered_display": "0", "missing_lines": 15, "excluded_lines": 0, "num_branches": 2, "num_partial_branches": 0, "covered_branches": 0, "missing_branches": 2}, "missing_lines": [11, 12, 13, 14, 15, 16, 17, 18, 20, 21, 22, 23, 24, 25, 26], "excluded_lines": [], "executed_branches": [], "missing_branches": [[20, -9], [20, 21]]}, "print_prediction_trends": {"executed_lines": [], "summary": {"covered_lines": 0, "num_statements": 18, "percent_covered": 0.0, "percent_covered_display": "0", "missing_lines": 18, "excluded_lines": 0, "num_branches": 2, "num_partial_branches": 0, "covered_branches": 0, "missing_branches": 2}, "missing_lines": [31, 33, 34, 35, 36, 37, 38, 39, 40, 41, 42, 43, 44, 45, 46, 47, 48, 49], "excluded_lines": [], "executed_branches": [], "missing_branches": [[33, -29], [33, 34]]}, "print_automl_history": {"executed_lines": [], "summary": {"covered_lines": 0, "num_statements": 9, "percent_covered": 0.0, "percent_covered_display": "0", "missing_lines": 9, "excluded_lines": 0, "num_branches": 6, "num_partial_branches": 0, "covered_branches": 0, "missing_branches": 6}, "missing_lines": [54, 56, 57, 58, 59, 60, 61, 62, 63], "excluded_lines": [], "executed_branches": [], "missing_branches": [[56, -52], [56, 57], [59, -52], [59, 60], [62, 59], [62, 63]]}, "print_agreement_analysis": {"executed_lines": [], "summary": {"covered_lines": 0, "num_statements": 17, "percent_covered": 0.0, "percent_covered_display": "0", "missing_lines": 17, "excluded_lines": 0, "num_branches": 2, "num_partial_branches": 0, "covered_branches": 0, "missing_branches": 2}, "missing_lines": [68, 69, 70, 72, 73, 75, 76, 77, 78, 79, 80, 81, 82, 83, 84, 85, 86], "excluded_lines": [], "executed_branches": [], "missing_branches": [[68, 69], [68, 72]]}, "print_risk_distribution": {"executed_lines": [], "summary": {"covered_lines": 0, "num_statements": 9, "percent_covered": 0.0, "percent_covered_display": "0", "missing_lines": 9, "excluded_lines": 0, "num_branches": 4, "num_partial_branches": 0, "covered_branches": 0, "missing_branches": 4}, "missing_lines": [91, 92, 93, 95, 96, 97, 98, 99, 100], "excluded_lines": [], "executed_branches": [], "missing_branches": [[91, 92], [91, 95], [95, -89], [95, 96]]}, "print_factor_analysis": {"executed_lines": [], "summary": {"covered_lines": 0, "num_statements": 6, "percent_covered": 0.0, "percent_covered_display": "0", "missing_lines": 6, "excluded_lines": 0, "num_branches": 4, "num_partial_branches": 0, "covered_branches": 0, "missing_branches": 4}, "missing_lines": [105, 107, 108, 109, 110, 111], "excluded_lines": [], "executed_branches": [], "missing_branches": [[107, -103], [107, 108], [110, -103], [110, 111]]}, "print_alerts": {"executed_lines": [], "summary": {"covered_lines": 0, "num_statements": 8, "percent_covered": 0.0, "percent_covered_display": "0", "missing_lines": 8, "excluded_lines": 0, "num_branches": 4, "num_partial_branches": 0, "covered_branches": 0, "missing_branches": 4}, "missing_lines": [116, 118, 119, 120, 121, 122, 123, 124], "excluded_lines": [], "executed_branches": [], "missing_branches": [[118, -114], [118, 119], [121, -114], [121, 122]]}, "": {"executed_lines": [], "summary": {"covered_lines": 0, "num_statements": 9, "percent_covered": 0.0, "percent_covered_display": "0", "missing_lines": 9, "excluded_lines": 0, "num_branches": 0, "num_partial_branches": 0, "covered_branches": 0, "missing_branches": 0}, "missing_lines": [4, 6, 9, 29, 52, 66, 89, 103, 114], "excluded_lines": [], "executed_branches": [], "missing_branches": []}}, "classes": {"": {"executed_lines": [], "summary": {"covered_lines": 0, "num_statements": 91, "percent_covered": 0.0, "percent_covered_display": "0", "missing_lines": 91, "excluded_lines": 0, "num_branches": 24, "num_partial_branches": 0, "covered_branches": 0, "missing_branches": 24}, "missing_lines": [4, 6, 9, 11, 12, 13, 14, 15, 16, 17, 18, 20, 21, 22, 23, 24, 25, 26, 29, 31, 33, 34, 35, 36, 37, 38, 39, 40, 41, 42, 43, 44, 45, 46, 47, 48, 49, 52, 54, 56, 57, 58, 59, 60, 61, 62, 63, 66, 68, 69, 70, 72, 73, 75, 76, 77, 78, 79, 80, 81, 82, 83, 84, 85, 86, 89, 91, 92, 93, 95, 96, 97, 98, 99, 100, 103, 105, 107, 108, 109, 110, 111, 114, 116, 118, 119, 120, 121, 122, 123, 124], "excluded_lines": [], "executed_branches": [], "missing_branches": [[20, -9], [20, 21], [33, -29], [33, 34], [56, -52], [56, 57], [59, -52], [59, 60], [62, 59], [62, 63], [68, 69], [68, 72], [91, 92], [91, 95], [95, -89], [95, 96], [107, -103], [107, 108], [110, -103], [110, 111], [118, -114], [118, 119], [121, -114], [121, 122]]}}}, "src/age_data_validator.py": {"executed_lines": [2, 11, 12, 13, 14, 15, 18, 19, 21, 22, 23, 26, 27, 29, 30, 31, 32, 33, 34, 37, 38, 39, 41, 42, 43, 44, 47, 48, 54, 61, 138, 180, 214], "summary": {"covered_lines": 27, "num_statements": 56, "percent_covered": 35.526315789473685, "percent_covered_display": "36", "missing_lines": 29, "excluded_lines": 12, "num_branches": 20, "num_partial_branches": 0, "covered_branches": 0, "missing_branches": 20}, "missing_lines": [59, 83, 84, 91, 92, 93, 100, 102, 103, 111, 112, 113, 114, 122, 123, 124, 125, 132, 162, 163, 164, 170, 171, 198, 199, 200, 201, 203, 211], "excluded_lines": [214, 216, 219, 220, 223, 224, 226, 227, 230, 231, 233, 234], "executed_branches": [], "missing_branches": [[83, 84], [83, 91], [92, 93], [92, 100], [100, 102], [100, 132], [102, 103], [102, 111], [111, 112], [111, 122], [113, 114], [113, 122], [122, 123], [122, 132], [124, 125], [124, 132], [163, 164], [163, 170], [200, 201], [200, 203]], "functions": {"AgeDataValidator.__init__": {"executed_lines": [], "summary": {"covered_lines": 0, "num_statements": 1, "percent_covered": 0.0, "percent_covered_display": "0", "missing_lines": 1, "excluded_lines": 0, "num_branches": 0, "num_partial_branches": 0, "covered_branches": 0, "missing_branches": 0}, "missing_lines": [59], "excluded_lines": [], "executed_branches": [], "missing_branches": []}, "AgeDataValidator.validate_age": {"executed_lines": [], "summary": {"covered_lines": 0, "num_statements": 17, "percent_covered": 0.0, "percent_covered_display": "0", "missing_lines": 17, "excluded_lines": 0, "num_branches": 16, "num_partial_branches": 0, "covered_branches": 0, "missing_branches": 16}, "missing_lines": [83, 84, 91, 92, 93, 100, 102, 103, 111, 112, 113, 114, 122, 123, 124, 125, 132], "excluded_lines": [], "executed_branches": [], "missing_branches": [[83, 84], [83, 91], [92, 93], [92, 100], [100, 102], [100, 132], [102, 103], [102, 111], [111, 112], [111, 122], [113, 114], [113, 122], [122, 123], [122, 132], [124, 125], [124, 132]]}, "AgeDataValidator.validate_episode_age": {"executed_lines": [], "summary": {"covered_lines": 0, "num_statements": 5, "percent_covered": 0.0, "percent_covered_display": "0", "missing_lines": 5, "excluded_lines": 0, "num_branches": 2, "num_partial_branches": 0, "covered_branches": 0, "missing_branches": 2}, "missing_lines": [162, 163, 164, 170, 171], "excluded_lines": [], "executed_branches": [], "missing_branches": [[163, 164], [163, 170]]}, "validate_age_for_generation": {"executed_lines": [], "summary": {"covered_lines": 0, "num_statements": 6, "percent_covered": 0.0, "percent_covered_display": "0", "missing_lines": 6, "excluded_lines": 0, "num_branches": 2, "num_partial_branches": 0, "covered_branches": 0, "missing_branches": 2}, "missing_lines": [198, 199, 200, 201, 203, 211], "excluded_lines": [], "executed_branches": [], "missing_branches": [[200, 201], [200, 203]]}, "": {"executed_lines": [2, 11, 12, 13, 14, 15, 18, 19, 21, 22, 23, 26, 27, 29, 30, 31, 32, 33, 34, 37, 38, 39, 41, 42, 43, 44, 47, 48, 54, 61, 138, 180, 214], "summary": {"covered_lines": 27, "num_statements": 27, "percent_covered": 100.0, "percent_covered_display": "100", "missing_lines": 0, "excluded_lines": 12, "num_branches": 0, "num_partial_branches": 0, "covered_branches": 0, "missing_branches": 0}, "missing_lines": [], "excluded_lines": [214, 216, 219, 220, 223, 224, 226, 227, 230, 231, 233, 234], "executed_branches": [], "missing_branches": []}}, "classes": {"PersonType": {"executed_lines": [], "summary": {"covered_lines": 0, "num_statements": 0, "percent_covered": 100.0, "percent_covered_display": "100", "missing_lines": 0, "excluded_lines": 0, "num_branches": 0, "num_partial_branches": 0, "covered_branches": 0, "missing_branches": 0}, "missing_lines": [], "excluded_lines": [], "executed_branches": [], "missing_branches": []}, "ValidationStatus": {"executed_lines": [], "summary": {"covered_lines": 0, "num_statements": 0, "percent_covered": 100.0, "percent_covered_display": "100", "missing_lines": 0, "excluded_lines": 0, "num_branches": 0, "num_partial_branches": 0, "covered_branches": 0, "missing_branches": 0}, "missing_lines": [], "excluded_lines": [], "executed_branches": [], "missing_branches": []}, "ValidationResult": {"executed_lines": [], "summary": {"covered_lines": 0, "num_statements": 0, "percent_covered": 100.0, "percent_covered_display": "100", "missing_lines": 0, "excluded_lines": 0, "num_branches": 0, "num_partial_branches": 0, "covered_branches": 0, "missing_branches": 0}, "missing_lines": [], "excluded_lines": [], "executed_branches": [], "missing_branches": []}, "AgeDataValidator": {"executed_lines": [], "summary": {"covered_lines": 0, "num_statements": 23, "percent_covered": 0.0, "percent_covered_display": "0", "missing_lines": 23, "excluded_lines": 0, "num_branches": 18, "num_partial_branches": 0, "covered_branches": 0, "missing_branches": 18}, "missing_lines": [59, 83, 84, 91, 92, 93, 100, 102, 103, 111, 112, 113, 114, 122, 123, 124, 125, 132, 162, 163, 164, 170, 171], "excluded_lines": [], "executed_branches": [], "missing_branches": [[83, 84], [83, 91], [92, 93], [92, 100], [100, 102], [100, 132], [102, 103], [102, 111], [111, 112], [111, 122], [113, 114], [113, 122], [122, 123], [122, 132], [124, 125], [124, 132], [163, 164], [163, 170]]}, "": {"executed_lines": [2, 11, 12, 13, 14, 15, 18, 19, 21, 22, 23, 26, 27, 29, 30, 31, 32, 33, 34, 37, 38, 39, 41, 42, 43, 44, 47, 48, 54, 61, 138, 180, 214], "summary": {"covered_lines": 27, "num_statements": 33, "percent_covered": 77.14285714285714, "percent_covered_display": "77", "missing_lines": 6, "excluded_lines": 12, "num_branches": 2, "num_partial_branches": 0, "covered_branches": 0, "missing_branches": 2}, "missing_lines": [198, 199, 200, 201, 203, 211], "excluded_lines": [214, 216, 219, 220, 223, 224, 226, 227, 230, 231, 233, 234], "executed_branches": [], "missing_branches": [[200, 201], [200, 203]]}}}, "src/ai_recommendation_system/__init__.py": {"executed_lines": [], "summary": {"covered_lines": 0, "num_statements": 3, "percent_covered": 0.0, "percent_covered_display": "0", "missing_lines": 3, "excluded_lines": 0, "num_branches": 0, "num_partial_branches": 0, "covered_branches": 0, "missing_branches": 0}, "missing_lines": [13, 14, 16], "excluded_lines": [], "executed_branches": [], "missing_branches": [], "functions": {"": {"executed_lines": [], "summary": {"covered_lines": 0, "num_statements": 3, "percent_covered": 0.0, "percent_covered_display": "0", "missing_lines": 3, "excluded_lines": 0, "num_branches": 0, "num_partial_branches": 0, "covered_branches": 0, "missing_branches": 0}, "missing_lines": [13, 14, 16], "excluded_lines": [], "executed_branches": [], "missing_branches": []}}, "classes": {"": {"executed_lines": [], "summary": {"covered_lines": 0, "num_statements": 3, "percent_covered": 0.0, "percent_covered_display": "0", "missing_lines": 3, "excluded_lines": 0, "num_branches": 0, "num_partial_branches": 0, "covered_branches": 0, "missing_branches": 0}, "missing_lines": [13, 14, 16], "excluded_lines": [], "executed_branches": [], "missing_branches": []}}}, "src/ai_recommendation_system/models.py": {"executed_lines": [], "summary": {"covered_lines": 0, "num_statements": 35, "percent_covered": 0.0, "percent_covered_display": "0", "missing_lines": 35, "excluded_lines": 0, "num_branches": 0, "num_partial_branches": 0, "covered_branches": 0, "missing_branches": 0}, "missing_lines": [4, 5, 8, 9, 12, 13, 14, 15, 16, 17, 18, 19, 20, 21, 22, 23, 24, 27, 28, 31, 32, 33, 34, 35, 36, 37, 40, 41, 44, 45, 46, 47, 48, 49, 50], "excluded_lines": [], "executed_branches": [], "missing_branches": [], "functions": {"": {"executed_lines": [], "summary": {"covered_lines": 0, "num_statements": 35, "percent_covered": 0.0, "percent_covered_display": "0", "missing_lines": 35, "excluded_lines": 0, "num_branches": 0, "num_partial_branches": 0, "covered_branches": 0, "missing_branches": 0}, "missing_lines": [4, 5, 8, 9, 12, 13, 14, 15, 16, 17, 18, 19, 20, 21, 22, 23, 24, 27, 28, 31, 32, 33, 34, 35, 36, 37, 40, 41, 44, 45, 46, 47, 48, 49, 50], "excluded_lines": [], "executed_branches": [], "missing_branches": []}}, "classes": {"AIRecommendation": {"executed_lines": [], "summary": {"covered_lines": 0, "num_statements": 0, "percent_covered": 100.0, "percent_covered_display": "100", "missing_lines": 0, "excluded_lines": 0, "num_branches": 0, "num_partial_branches": 0, "covered_branches": 0, "missing_branches": 0}, "missing_lines": [], "excluded_lines": [], "executed_branches": [], "missing_branches": []}, "RecommendationFeedback": {"executed_lines": [], "summary": {"covered_lines": 0, "num_statements": 0, "percent_covered": 100.0, "percent_covered_display": "100", "missing_lines": 0, "excluded_lines": 0, "num_branches": 0, "num_partial_branches": 0, "covered_branches": 0, "missing_branches": 0}, "missing_lines": [], "excluded_lines": [], "executed_branches": [], "missing_branches": []}, "ModelPerformanceMetrics": {"executed_lines": [], "summary": {"covered_lines": 0, "num_statements": 0, "percent_covered": 100.0, "percent_covered_display": "100", "missing_lines": 0, "excluded_lines": 0, "num_branches": 0, "num_partial_branches": 0, "covered_branches": 0, "missing_branches": 0}, "missing_lines": [], "excluded_lines": [], "executed_branches": [], "missing_branches": []}, "": {"executed_lines": [], "summary": {"covered_lines": 0, "num_statements": 35, "percent_covered": 0.0, "percent_covered_display": "0", "missing_lines": 35, "excluded_lines": 0, "num_branches": 0, "num_partial_branches": 0, "covered_branches": 0, "missing_branches": 0}, "missing_lines": [4, 5, 8, 9, 12, 13, 14, 15, 16, 17, 18, 19, 20, 21, 22, 23, 24, 27, 28, 31, 32, 33, 34, 35, 36, 37, 40, 41, 44, 45, 46, 47, 48, 49, 50], "excluded_lines": [], "executed_branches": [], "missing_branches": []}}}, "src/ai_recommendation_system/recommender.py": {"executed_lines": [], "summary": {"covered_lines": 0, "num_statements": 290, "percent_covered": 0.0, "percent_covered_display": "0", "missing_lines": 290, "excluded_lines": 0, "num_branches": 62, "num_partial_branches": 0, "covered_branches": 0, "missing_branches": 62}, "missing_lines": [4, 5, 6, 7, 8, 9, 10, 11, 13, 15, 17, 18, 19, 20, 21, 22, 24, 25, 26, 27, 28, 29, 30, 31, 32, 35, 38, 39, 40, 41, 43, 46, 47, 48, 51, 53, 55, 56, 59, 80, 96, 111, 123, 124, 126, 128, 129, 131, 132, 133, 135, 136, 137, 138, 139, 140, 141, 142, 143, 145, 147, 148, 150, 151, 152, 153, 154, 155, 156, 157, 158, 160, 162, 163, 165, 168, 175, 176, 177, 178, 179, 180, 181, 183, 184, 187, 193, 194, 195, 196, 198, 199, 202, 208, 209, 210, 211, 213, 214, 216, 217, 220, 226, 227, 228, 229, 231, 234, 240, 241, 243, 244, 246, 248, 250, 251, 252, 253, 254, 255, 258, 259, 261, 262, 263, 264, 266, 267, 268, 269, 272, 273, 275, 276, 277, 280, 281, 283, 284, 285, 286, 288, 289, 292, 293, 295, 296, 298, 299, 302, 303, 305, 306, 307, 308, 309, 310, 311, 312, 313, 314, 315, 318, 320, 321, 322, 323, 325, 327, 329, 330, 331, 332, 348, 350, 351, 352, 353, 369, 371, 372, 373, 374, 375, 376, 392, 394, 395, 396, 397, 398, 399, 415, 417, 418, 419, 420, 421, 437, 441, 448, 449, 450, 451, 452, 453, 455, 457, 458, 460, 462, 464, 465, 467, 470, 471, 472, 475, 476, 478, 481, 483, 499, 501, 502, 503, 505, 507, 521, 523, 525, 527, 528, 529, 530, 533, 535, 537, 539, 540, 542, 543, 569, 570, 572, 574, 576, 578, 579, 581, 592, 593, 595, 596, 597, 599, 600, 601, 603, 604, 605, 606, 607, 608, 609, 610, 613, 614, 615, 616, 617, 618, 620, 622, 624, 625, 627, 629, 630, 633, 634, 635, 637, 638, 639, 641, 642, 644, 645, 648], "excluded_lines": [], "executed_branches": [], "missing_branches": [[128, 129], [128, 131], [136, 137], [136, 138], [138, 139], [138, 140], [140, -126], [140, 141], [147, 148], [147, 150], [151, 152], [151, 153], [153, 154], [153, 155], [155, -145], [155, 156], [176, 177], [176, 183], [194, 195], [194, 198], [209, 210], [209, 216], [227, 228], [227, 231], [262, 263], [262, 266], [267, 268], [267, 269], [284, 285], [284, 288], [305, 306], [305, 320], [329, 330], [329, 331], [350, 351], [350, 352], [372, 373], [372, 374], [395, 396], [395, 397], [418, 419], [418, 420], [449, 450], [449, 453], [451, 449], [451, 452], [457, 458], [457, 460], [464, 465], [464, 467], [475, 476], [475, 478], [595, 596], [595, 599], [603, -576], [603, 604], [624, 625], [624, 644], [627, -613], [627, 629], [644, 645], [644, 648]], "functions": {"AIRecommendationSystem.__init__": {"executed_lines": [], "summary": {"covered_lines": 0, "num_statements": 8, "percent_covered": 0.0, "percent_covered_display": "0", "missing_lines": 8, "excluded_lines": 0, "num_branches": 0, "num_partial_branches": 0, "covered_branches": 0, "missing_branches": 0}, "missing_lines": [39, 40, 41, 43, 46, 47, 48, 51], "excluded_lines": [], "executed_branches": [], "missing_branches": []}, "AIRecommendationSystem._init_database_tables": {"executed_lines": [], "summary": {"covered_lines": 0, "num_statements": 8, "percent_covered": 0.0, "percent_covered_display": "0", "missing_lines": 8, "excluded_lines": 0, "num_branches": 0, "num_partial_branches": 0, "covered_branches": 0, "missing_branches": 0}, "missing_lines": [55, 56, 59, 80, 96, 111, 123, 124], "excluded_lines": [], "executed_branches": [], "missing_branches": []}, "AIRecommendationSystem._load_models": {"executed_lines": [], "summary": {"covered_lines": 0, "num_statements": 14, "percent_covered": 0.0, "percent_covered_display": "0", "missing_lines": 14, "excluded_lines": 0, "num_branches": 8, "num_partial_branches": 0, "covered_branches": 0, "missing_branches": 8}, "missing_lines": [128, 129, 131, 132, 133, 135, 136, 137, 138, 139, 140, 141, 142, 143], "excluded_lines": [], "executed_branches": [], "missing_branches": [[128, 129], [128, 131], [136, 137], [136, 138], [138, 139], [138, 140], [140, -126], [140, 141]]}, "AIRecommendationSystem._save_models": {"executed_lines": [], "summary": {"covered_lines": 0, "num_statements": 11, "percent_covered": 0.0, "percent_covered_display": "0", "missing_lines": 11, "excluded_lines": 0, "num_branches": 8, "num_partial_branches": 0, "covered_branches": 0, "missing_branches": 8}, "missing_lines": [147, 148, 150, 151, 152, 153, 154, 155, 156, 157, 158], "excluded_lines": [], "executed_branches": [], "missing_branches": [[147, 148], [147, 150], [151, 152], [151, 153], [153, 154], [153, 155], [155, -145], [155, 156]]}, "AIRecommendationSystem.collect_system_features": {"executed_lines": [], "summary": {"covered_lines": 0, "num_statements": 40, "percent_covered": 0.0, "percent_covered_display": "0", "missing_lines": 40, "excluded_lines": 0, "num_branches": 8, "num_partial_branches": 0, "covered_branches": 0, "missing_branches": 8}, "missing_lines": [162, 163, 165, 168, 175, 176, 177, 178, 179, 180, 181, 183, 184, 187, 193, 194, 195, 196, 198, 199, 202, 208, 209, 210, 211, 213, 214, 216, 217, 220, 226, 227, 228, 229, 231, 234, 240, 241, 243, 244], "excluded_lines": [], "executed_branches": [], "missing_branches": [[176, 177], [176, 183], [194, 195], [194, 198], [209, 210], [209, 216], [227, 228], [227, 231]]}, "AIRecommendationSystem.generate_ai_recommendations": {"executed_lines": [], "summary": {"covered_lines": 0, "num_statements": 55, "percent_covered": 0.0, "percent_covered_display": "0", "missing_lines": 55, "excluded_lines": 0, "num_branches": 8, "num_partial_branches": 0, "covered_branches": 0, "missing_branches": 8}, "missing_lines": [248, 250, 251, 252, 253, 254, 255, 258, 259, 261, 262, 263, 264, 266, 267, 268, 269, 272, 273, 275, 276, 277, 280, 281, 283, 284, 285, 286, 288, 289, 292, 293, 295, 296, 298, 299, 302, 303, 305, 306, 307, 308, 309, 310, 311, 312, 313, 314, 315, 318, 320, 321, 322, 323, 325], "excluded_lines": [], "executed_branches": [], "missing_branches": [[262, 263], [262, 266], [267, 268], [267, 269], [284, 285], [284, 288], [305, 306], [305, 320]]}, "AIRecommendationSystem._check_cpu_rule": {"executed_lines": [], "summary": {"covered_lines": 0, "num_statements": 4, "percent_covered": 0.0, "percent_covered_display": "0", "missing_lines": 4, "excluded_lines": 0, "num_branches": 2, "num_partial_branches": 0, "covered_branches": 0, "missing_branches": 2}, "missing_lines": [329, 330, 331, 332], "excluded_lines": [], "executed_branches": [], "missing_branches": [[329, 330], [329, 331]]}, "AIRecommendationSystem._check_memory_rule": {"executed_lines": [], "summary": {"covered_lines": 0, "num_statements": 4, "percent_covered": 0.0, "percent_covered_display": "0", "missing_lines": 4, "excluded_lines": 0, "num_branches": 2, "num_partial_branches": 0, "covered_branches": 0, "missing_branches": 2}, "missing_lines": [350, 351, 352, 353], "excluded_lines": [], "executed_branches": [], "missing_branches": [[350, 351], [350, 352]]}, "AIRecommendationSystem._check_capacity_rule": {"executed_lines": [], "summary": {"covered_lines": 0, "num_statements": 6, "percent_covered": 0.0, "percent_covered_display": "0", "missing_lines": 6, "excluded_lines": 0, "num_branches": 2, "num_partial_branches": 0, "covered_branches": 0, "missing_branches": 2}, "missing_lines": [371, 372, 373, 374, 375, 376], "excluded_lines": [], "executed_branches": [], "missing_branches": [[372, 373], [372, 374]]}, "AIRecommendationSystem._check_waste_rule": {"executed_lines": [], "summary": {"covered_lines": 0, "num_statements": 6, "percent_covered": 0.0, "percent_covered_display": "0", "missing_lines": 6, "excluded_lines": 0, "num_branches": 2, "num_partial_branches": 0, "covered_branches": 0, "missing_branches": 2}, "missing_lines": [394, 395, 396, 397, 398, 399], "excluded_lines": [], "executed_branches": [], "missing_branches": [[395, 396], [395, 397]]}, "AIRecommendationSystem._check_failure_rule": {"executed_lines": [], "summary": {"covered_lines": 0, "num_statements": 5, "percent_covered": 0.0, "percent_covered_display": "0", "missing_lines": 5, "excluded_lines": 0, "num_branches": 2, "num_partial_branches": 0, "covered_branches": 0, "missing_branches": 2}, "missing_lines": [417, 418, 419, 420, 421], "excluded_lines": [], "executed_branches": [], "missing_branches": [[418, 419], [418, 420]]}, "AIRecommendationSystem._generate_rule_based_recommendations": {"executed_lines": [], "summary": {"covered_lines": 0, "num_statements": 7, "percent_covered": 0.0, "percent_covered_display": "0", "missing_lines": 7, "excluded_lines": 0, "num_branches": 4, "num_partial_branches": 0, "covered_branches": 0, "missing_branches": 4}, "missing_lines": [441, 448, 449, 450, 451, 452, 453], "excluded_lines": [], "executed_branches": [], "missing_branches": [[449, 450], [449, 453], [451, 449], [451, 452]]}, "AIRecommendationSystem._generate_ml_recommendations": {"executed_lines": [], "summary": {"covered_lines": 0, "num_statements": 19, "percent_covered": 0.0, "percent_covered_display": "0", "missing_lines": 19, "excluded_lines": 0, "num_branches": 6, "num_partial_branches": 0, "covered_branches": 0, "missing_branches": 6}, "missing_lines": [457, 458, 460, 462, 464, 465, 467, 470, 471, 472, 475, 476, 478, 481, 483, 499, 501, 502, 503], "excluded_lines": [], "executed_branches": [], "missing_branches": [[457, 458], [457, 460], [464, 465], [464, 467], [475, 476], [475, 478]]}, "AIRecommendationSystem._prepare_feature_vector": {"executed_lines": [], "summary": {"covered_lines": 0, "num_statements": 2, "percent_covered": 0.0, "percent_covered_display": "0", "missing_lines": 2, "excluded_lines": 0, "num_branches": 0, "num_partial_branches": 0, "covered_branches": 0, "missing_branches": 0}, "missing_lines": [507, 521], "excluded_lines": [], "executed_branches": [], "missing_branches": []}, "AIRecommendationSystem._rank_recommendations": {"executed_lines": [], "summary": {"covered_lines": 0, "num_statements": 3, "percent_covered": 0.0, "percent_covered_display": "0", "missing_lines": 3, "excluded_lines": 0, "num_branches": 0, "num_partial_branches": 0, "covered_branches": 0, "missing_branches": 0}, "missing_lines": [525, 527, 535], "excluded_lines": [], "executed_branches": [], "missing_branches": []}, "AIRecommendationSystem._rank_recommendations.score_recommendation": {"executed_lines": [], "summary": {"covered_lines": 0, "num_statements": 4, "percent_covered": 0.0, "percent_covered_display": "0", "missing_lines": 4, "excluded_lines": 0, "num_branches": 0, "num_partial_branches": 0, "covered_branches": 0, "missing_branches": 0}, "missing_lines": [528, 529, 530, 533], "excluded_lines": [], "executed_branches": [], "missing_branches": []}, "AIRecommendationSystem._save_recommendation": {"executed_lines": [], "summary": {"covered_lines": 0, "num_statements": 8, "percent_covered": 0.0, "percent_covered_display": "0", "missing_lines": 8, "excluded_lines": 0, "num_branches": 0, "num_partial_branches": 0, "covered_branches": 0, "missing_branches": 0}, "missing_lines": [539, 540, 542, 543, 569, 570, 572, 574], "excluded_lines": [], "executed_branches": [], "missing_branches": []}, "AIRecommendationSystem.show_recommendations_history": {"executed_lines": [], "summary": {"covered_lines": 0, "num_statements": 19, "percent_covered": 0.0, "percent_covered_display": "0", "missing_lines": 19, "excluded_lines": 0, "num_branches": 4, "num_partial_branches": 0, "covered_branches": 0, "missing_branches": 4}, "missing_lines": [578, 579, 581, 592, 593, 595, 596, 597, 599, 600, 601, 603, 604, 605, 606, 607, 608, 609, 610], "excluded_lines": [], "executed_branches": [], "missing_branches": [[595, 596], [595, 599], [603, -576], [603, 604]]}, "main": {"executed_lines": [], "summary": {"covered_lines": 0, "num_statements": 23, "percent_covered": 0.0, "percent_covered_display": "0", "missing_lines": 23, "excluded_lines": 0, "num_branches": 6, "num_partial_branches": 0, "covered_branches": 0, "missing_branches": 6}, "missing_lines": [614, 615, 616, 617, 618, 620, 622, 624, 625, 627, 629, 630, 633, 634, 635, 637, 638, 639, 641, 642, 644, 645, 648], "excluded_lines": [], "executed_branches": [], "missing_branches": [[624, 625], [624, 644], [627, -613], [627, 629], [644, 645], [644, 648]]}, "": {"executed_lines": [], "summary": {"covered_lines": 0, "num_statements": 44, "percent_covered": 0.0, "percent_covered_display": "0", "missing_lines": 44, "excluded_lines": 0, "num_branches": 0, "num_partial_branches": 0, "covered_branches": 0, "missing_branches": 0}, "missing_lines": [4, 5, 6, 7, 8, 9, 10, 11, 13, 15, 17, 18, 19, 20, 21, 22, 24, 25, 26, 27, 28, 29, 30, 31, 32, 35, 38, 53, 126, 145, 160, 246, 327, 348, 369, 392, 415, 437, 455, 505, 523, 537, 576, 613], "excluded_lines": [], "executed_branches": [], "missing_branches": []}}, "classes": {"AIRecommendationSystem": {"executed_lines": [], "summary": {"covered_lines": 0, "num_statements": 223, "percent_covered": 0.0, "percent_covered_display": "0", "missing_lines": 223, "excluded_lines": 0, "num_branches": 56, "num_partial_branches": 0, "covered_branches": 0, "missing_branches": 56}, "missing_lines": [39, 40, 41, 43, 46, 47, 48, 51, 55, 56, 59, 80, 96, 111, 123, 124, 128, 129, 131, 132, 133, 135, 136, 137, 138, 139, 140, 141, 142, 143, 147, 148, 150, 151, 152, 153, 154, 155, 156, 157, 158, 162, 163, 165, 168, 175, 176, 177, 178, 179, 180, 181, 183, 184, 187, 193, 194, 195, 196, 198, 199, 202, 208, 209, 210, 211, 213, 214, 216, 217, 220, 226, 227, 228, 229, 231, 234, 240, 241, 243, 244, 248, 250, 251, 252, 253, 254, 255, 258, 259, 261, 262, 263, 264, 266, 267, 268, 269, 272, 273, 275, 276, 277, 280, 281, 283, 284, 285, 286, 288, 289, 292, 293, 295, 296, 298, 299, 302, 303, 305, 306, 307, 308, 309, 310, 311, 312, 313, 314, 315, 318, 320, 321, 322, 323, 325, 329, 330, 331, 332, 350, 351, 352, 353, 371, 372, 373, 374, 375, 376, 394, 395, 396, 397, 398, 399, 417, 418, 419, 420, 421, 441, 448, 449, 450, 451, 452, 453, 457, 458, 460, 462, 464, 465, 467, 470, 471, 472, 475, 476, 478, 481, 483, 499, 501, 502, 503, 507, 521, 525, 527, 528, 529, 530, 533, 535, 539, 540, 542, 543, 569, 570, 572, 574, 578, 579, 581, 592, 593, 595, 596, 597, 599, 600, 601, 603, 604, 605, 606, 607, 608, 609, 610], "excluded_lines": [], "executed_branches": [], "missing_branches": [[128, 129], [128, 131], [136, 137], [136, 138], [138, 139], [138, 140], [140, -126], [140, 141], [147, 148], [147, 150], [151, 152], [151, 153], [153, 154], [153, 155], [155, -145], [155, 156], [176, 177], [176, 183], [194, 195], [194, 198], [209, 210], [209, 216], [227, 228], [227, 231], [262, 263], [262, 266], [267, 268], [267, 269], [284, 285], [284, 288], [305, 306], [305, 320], [329, 330], [329, 331], [350, 351], [350, 352], [372, 373], [372, 374], [395, 396], [395, 397], [418, 419], [418, 420], [449, 450], [449, 453], [451, 449], [451, 452], [457, 458], [457, 460], [464, 465], [464, 467], [475, 476], [475, 478], [595, 596], [595, 599], [603, -576], [603, 604]]}, "": {"executed_lines": [], "summary": {"covered_lines": 0, "num_statements": 67, "percent_covered": 0.0, "percent_covered_display": "0", "missing_lines": 67, "excluded_lines": 0, "num_branches": 6, "num_partial_branches": 0, "covered_branches": 0, "missing_branches": 6}, "missing_lines": [4, 5, 6, 7, 8, 9, 10, 11, 13, 15, 17, 18, 19, 20, 21, 22, 24, 25, 26, 27, 28, 29, 30, 31, 32, 35, 38, 53, 126, 145, 160, 246, 327, 348, 369, 392, 415, 437, 455, 505, 523, 537, 576, 613, 614, 615, 616, 617, 618, 620, 622, 624, 625, 627, 629, 630, 633, 634, 635, 637, 638, 639, 641, 642, 644, 645, 648], "excluded_lines": [], "executed_branches": [], "missing_branches": [[624, 625], [624, 644], [627, -613], [627, 629], [644, 645], [644, 648]]}}}, "src/auto_updater.py": {"executed_lines": [2, 10, 11, 12, 13, 14, 15, 17, 18, 19, 22, 23, 29, 30, 38, 65, 82, 172, 199, 215, 238, 293, 351, 376, 396], "summary": {"covered_lines": 22, "num_statements": 145, "percent_covered": 12.429378531073446, "percent_covered_display": "12", "missing_lines": 123, "excluded_lines": 7, "num_branches": 32, "num_partial_branches": 0, "covered_branches": 0, "missing_branches": 32}, "missing_lines": [24, 26, 39, 40, 43, 44, 45, 48, 51, 61, 63, 67, 68, 70, 71, 74, 75, 77, 79, 80, 97, 98, 100, 102, 103, 104, 105, 108, 109, 110, 113, 116, 126, 141, 148, 151, 154, 157, 158, 159, 161, 164, 166, 167, 168, 170, 175, 176, 178, 185, 186, 189, 190, 191, 192, 194, 195, 197, 201, 202, 204, 205, 206, 209, 211, 212, 213, 217, 219, 220, 221, 222, 225, 226, 227, 228, 230, 232, 234, 236, 240, 243, 266, 275, 291, 298, 299, 301, 303, 304, 306, 311, 313, 314, 317, 318, 321, 322, 324, 327, 328, 331, 340, 344, 345, 347, 348, 349, 353, 363, 366, 367, 370, 371, 373, 374, 378, 379, 381, 382, 383, 384, 386], "excluded_lines": [396, 398, 400, 403, 412, 413, 414], "executed_branches": [], "missing_branches": [[70, 71], [70, 77], [102, 103], [102, 108], [175, 176], [175, 197], [185, 186], [185, 189], [189, 175], [189, 190], [204, 205], [204, 209], [205, 204], [205, 206], [219, 220], [219, 236], [221, 222], [221, 234], [225, 226], [225, 227], [227, 228], [227, 230], [313, 314], [313, 317], [317, 318], [317, 344], [327, 328], [327, 331], [366, 367], [366, 370], [378, 379], [378, 381]], "functions": {"AutoUpdater.__init__": {"executed_lines": [], "summary": {"covered_lines": 0, "num_statements": 9, "percent_covered": 0.0, "percent_covered_display": "0", "missing_lines": 9, "excluded_lines": 0, "num_branches": 0, "num_partial_branches": 0, "covered_branches": 0, "missing_branches": 0}, "missing_lines": [39, 40, 43, 44, 45, 48, 51, 61, 63], "excluded_lines": [], "executed_branches": [], "missing_branches": []}, "AutoUpdater._init_google_api": {"executed_lines": [], "summary": {"covered_lines": 0, "num_statements": 9, "percent_covered": 0.0, "percent_covered_display": "0", "missing_lines": 9, "excluded_lines": 0, "num_branches": 2, "num_partial_branches": 0, "covered_branches": 0, "missing_branches": 2}, "missing_lines": [67, 68, 70, 71, 74, 75, 77, 79, 80], "excluded_lines": [], "executed_branches": [], "missing_branches": [[70, 71], [70, 77]]}, "AutoUpdater.atomic_sheet_update": {"executed_lines": [], "summary": {"covered_lines": 0, "num_statements": 26, "percent_covered": 0.0, "percent_covered_display": "0", "missing_lines": 26, "excluded_lines": 0, "num_branches": 2, "num_partial_branches": 0, "covered_branches": 0, "missing_branches": 2}, "missing_lines": [97, 98, 100, 102, 103, 104, 105, 108, 109, 110, 113, 116, 126, 141, 148, 151, 154, 157, 158, 159, 161, 164, 166, 167, 168, 170], "excluded_lines": [], "executed_branches": [], "missing_branches": [[102, 103], [102, 108]]}, "AutoUpdater.update_with_retry": {"executed_lines": [], "summary": {"covered_lines": 0, "num_statements": 12, "percent_covered": 0.0, "percent_covered_display": "0", "missing_lines": 12, "excluded_lines": 0, "num_branches": 6, "num_partial_branches": 0, "covered_branches": 0, "missing_branches": 6}, "missing_lines": [175, 176, 178, 185, 186, 189, 190, 191, 192, 194, 195, 197], "excluded_lines": [], "executed_branches": [], "missing_branches": [[175, 176], [175, 197], [185, 186], [185, 189], [189, 175], [189, 190]]}, "AutoUpdater._get_sheet_id": {"executed_lines": [], "summary": {"covered_lines": 0, "num_statements": 9, "percent_covered": 0.0, "percent_covered_display": "0", "missing_lines": 9, "excluded_lines": 0, "num_branches": 4, "num_partial_branches": 0, "covered_branches": 0, "missing_branches": 4}, "missing_lines": [201, 202, 204, 205, 206, 209, 211, 212, 213], "excluded_lines": [], "executed_branches": [], "missing_branches": [[204, 205], [204, 209], [205, 204], [205, 206]]}, "AutoUpdater._prepare_rows_data": {"executed_lines": [], "summary": {"covered_lines": 0, "num_statements": 13, "percent_covered": 0.0, "percent_covered_display": "0", "missing_lines": 13, "excluded_lines": 0, "num_branches": 8, "num_partial_branches": 0, "covered_branches": 0, "missing_branches": 8}, "missing_lines": [217, 219, 220, 221, 222, 225, 226, 227, 228, 230, 232, 234, 236], "excluded_lines": [], "executed_branches": [], "missing_branches": [[219, 220], [219, 236], [221, 222], [221, 234], [225, 226], [225, 227], [227, 228], [227, 230]]}, "AutoUpdater._create_format_requests": {"executed_lines": [], "summary": {"covered_lines": 0, "num_statements": 5, "percent_covered": 0.0, "percent_covered_display": "0", "missing_lines": 5, "excluded_lines": 0, "num_branches": 0, "num_partial_branches": 0, "covered_branches": 0, "missing_branches": 0}, "missing_lines": [240, 243, 266, 275, 291], "excluded_lines": [], "executed_branches": [], "missing_branches": []}, "AutoUpdater.force_full_replacement": {"executed_lines": [], "summary": {"covered_lines": 0, "num_statements": 23, "percent_covered": 0.0, "percent_covered_display": "0", "missing_lines": 23, "excluded_lines": 0, "num_branches": 6, "num_partial_branches": 0, "covered_branches": 0, "missing_branches": 6}, "missing_lines": [298, 299, 301, 303, 304, 306, 311, 313, 314, 317, 318, 321, 322, 324, 327, 328, 331, 340, 344, 345, 347, 348, 349], "excluded_lines": [], "executed_branches": [], "missing_branches": [[313, 314], [313, 317], [317, 318], [317, 344], [327, 328], [327, 331]]}, "AutoUpdater._record_update_history": {"executed_lines": [], "summary": {"covered_lines": 0, "num_statements": 8, "percent_covered": 0.0, "percent_covered_display": "0", "missing_lines": 8, "excluded_lines": 0, "num_branches": 2, "num_partial_branches": 0, "covered_branches": 0, "missing_branches": 2}, "missing_lines": [353, 363, 366, 367, 370, 371, 373, 374], "excluded_lines": [], "executed_branches": [], "missing_branches": [[366, 367], [366, 370]]}, "AutoUpdater.get_update_stats": {"executed_lines": [], "summary": {"covered_lines": 0, "num_statements": 7, "percent_covered": 0.0, "percent_covered_display": "0", "missing_lines": 7, "excluded_lines": 0, "num_branches": 2, "num_partial_branches": 0, "covered_branches": 0, "missing_branches": 2}, "missing_lines": [378, 379, 381, 382, 383, 384, 386], "excluded_lines": [], "executed_branches": [], "missing_branches": [[378, 379], [378, 381]]}, "": {"executed_lines": [2, 10, 11, 12, 13, 14, 15, 17, 18, 19, 22, 23, 29, 30, 38, 65, 82, 172, 199, 215, 238, 293, 351, 376, 396], "summary": {"covered_lines": 22, "num_statements": 24, "percent_covered": 91.66666666666667, "percent_covered_display": "92", "missing_lines": 2, "excluded_lines": 7, "num_branches": 0, "num_partial_branches": 0, "covered_branches": 0, "missing_branches": 0}, "missing_lines": [24, 26], "excluded_lines": [396, 398, 400, 403, 412, 413, 414], "executed_branches": [], "missing_branches": []}}, "classes": {"AutoUpdater": {"executed_lines": [], "summary": {"covered_lines": 0, "num_statements": 121, "percent_covered": 0.0, "percent_covered_display": "0", "missing_lines": 121, "excluded_lines": 0, "num_branches": 32, "num_partial_branches": 0, "covered_branches": 0, "missing_branches": 32}, "missing_lines": [39, 40, 43, 44, 45, 48, 51, 61, 63, 67, 68, 70, 71, 74, 75, 77, 79, 80, 97, 98, 100, 102, 103, 104, 105, 108, 109, 110, 113, 116, 126, 141, 148, 151, 154, 157, 158, 159, 161, 164, 166, 167, 168, 170, 175, 176, 178, 185, 186, 189, 190, 191, 192, 194, 195, 197, 201, 202, 204, 205, 206, 209, 211, 212, 213, 217, 219, 220, 221, 222, 225, 226, 227, 228, 230, 232, 234, 236, 240, 243, 266, 275, 291, 298, 299, 301, 303, 304, 306, 311, 313, 314, 317, 318, 321, 322, 324, 327, 328, 331, 340, 344, 345, 347, 348, 349, 353, 363, 366, 367, 370, 371, 373, 374, 378, 379, 381, 382, 383, 384, 386], "excluded_lines": [], "executed_branches": [], "missing_branches": [[70, 71], [70, 77], [102, 103], [102, 108], [175, 176], [175, 197], [185, 186], [185, 189], [189, 175], [189, 190], [204, 205], [204, 209], [205, 204], [205, 206], [219, 220], [219, 236], [221, 222], [221, 234], [225, 226], [225, 227], [227, 228], [227, 230], [313, 314], [313, 317], [317, 318], [317, 344], [327, 328], [327, 331], [366, 367], [366, 370], [378, 379], [378, 381]]}, "": {"executed_lines": [2, 10, 11, 12, 13, 14, 15, 17, 18, 19, 22, 23, 29, 30, 38, 65, 82, 172, 199, 215, 238, 293, 351, 376, 396], "summary": {"covered_lines": 22, "num_statements": 24, "percent_covered": 91.66666666666667, "percent_covered_display": "92", "missing_lines": 2, "excluded_lines": 7, "num_branches": 0, "num_partial_branches": 0, "covered_branches": 0, "missing_branches": 0}, "missing_lines": [24, 26], "excluded_lines":
[...]
, "num_partial_branches": 0, "covered_branches": 0, "missing_branches": 6}, "missing_lines": [317, 320, 338, 339, 340, 341, 342, 343, 344, 345, 346, 347, 348, 349, 350, 351], "excluded_lines": [354, 355], "executed_branches": [], "missing_branches": [[338, -315], [338, 339], [348, 349], [348, 350], [350, 338], [350, 351]]}}}, "src/version_controller.py": {"executed_lines": [2, 10, 11, 12, 13, 14, 15, 17, 20, 21, 29, 49, 59, 67, 81, 120, 166, 189, 207, 222, 232, 237, 254, 270, 277, 302, 330, 349, 372, 385], "summary": {"covered_lines": 27, "num_statements": 201, "percent_covered": 10.424710424710424, "percent_covered_display": "10", "missing_lines": 174, "excluded_lines": 10, "num_branches": 58, "num_partial_branches": 0, "covered_branches": 0, "missing_branches": 58}, "missing_lines": [30, 31, 32, 33, 36, 37, 38, 41, 42, 45, 47, 51, 52, 53, 54, 55, 56, 57, 61, 62, 63, 64, 65, 69, 71, 72, 74, 77, 79, 83, 86, 87, 88, 89, 91, 93, 95, 98, 99, 100, 102, 105, 106, 107, 108, 109, 110, 112, 125, 126, 127, 129, 132, 135, 145, 146, 149, 150, 151, 154, 155, 158, 161, 163, 164, 169, 170, 171, 172, 175, 176, 177, 178, 181, 184, 185, 187, 191, 192, 193, 194, 196, 199, 202, 204, 205, 209, 210, 212, 213, 214, 215, 216, 218, 220, 224, 225, 226, 227, 228, 229, 230, 234, 235, 239, 241, 242, 243, 245, 246, 247, 250, 251, 252, 257, 258, 259, 262, 263, 264, 265, 268, 272, 273, 275, 279, 281, 283, 284, 287, 288, 289, 290, 292, 293, 294, 296, 299, 300, 304, 305, 307, 308, 310, 311, 313, 324, 325, 326, 328, 332, 333, 335, 336, 337, 347, 351, 352, 353, 355, 358, 359, 361, 363, 364, 365, 366, 368, 370, 375, 377, 379, 380, 382], "excluded_lines": [385, 387, 389, 392, 401, 402, 405, 406, 409, 410], "executed_branches": [], "missing_branches": [[51, 52], [51, 57], [69, 71], [69, 72], [72, 74], [72, 77], [86, 87], [86, 93], [88, 89], [88, 91], [99, 100], [99, 112], [100, 102], [100, 112], [107, 108], [107, 109], [109, 110], [109, 112], [126, 127], [126, 129], [176, 177], [176, 181], [192, 193], [192, 196], [213, 214], [213, 220], [224, 225], [224, 230], [239, 241], [239, 243], [243, 245], [243, 250], [258, 259], [258, 262], [263, 264], [263, 268], [272, 273], [272, 275], [279, -277], [279, 281], [283, 284], [283, 299], [292, 293], [292, 296], [293, 292], [293, 294], [307, 308], [307, 310], [324, 325], [324, 328], [336, 337], [336, 347], [352, 353], [352, 355], [363, 364], [363, 368], [377, 379], [377, 382]], "functions": {"VersionController.__init__": {"executed_lines": [], "summary": {"covered_lines": 0, "num_statements": 11, "percent_covered": 0.0, "percent_covered_display": "0", "missing_lines": 11, "excluded_lines": 0, "num_branches": 0, "num_partial_branches": 0, "covered_branches": 0, "missing_branches": 0}, "missing_lines": [30, 31, 32, 33, 36, 37, 38, 41, 42, 45, 47], "excluded_lines": [], "executed_branches": [], "missing_branches": []}, "VersionController._load_history": {"executed_lines": [], "summary": {"covered_lines": 0, "num_statements": 7, "percent_covered": 0.0, "percent_covered_display": "0", "missing_lines": 7, "excluded_lines": 0, "num_branches": 2, "num_partial_branches": 0, "covered_branches": 0, "missing_branches": 2}, "missing_lines": [51, 52, 53, 54, 55, 56, 57], "excluded_lines": [], "executed_branches": [], "missing_branches": [[51, 52], [51, 57]]}, "VersionController._save_history": {"executed_lines": [], "summary": {"covered_lines": 0, "num_statements": 5, "percent_covered": 0.0, "percent_covered_display": "0", "missing_lines": 5, "excluded_lines": 0, "num_branches": 0, "num_partial_branches": 0, "covered_branches": 0, "missing_branches": 0}, "missing_lines": [61, 62, 63, 64, 65], "excluded_lines": [], "executed_branches": [], "missing_branches": []}, "VersionController.calculate_hash": {"executed_lines": [], "summary": {"covered_lines": 0, "num_statements": 6, "percent_covered": 0.0, "percent_covered_display": "0", "missing_lines": 6, "excluded_lines": 0, "num_branches": 4, "num_partial_branches": 0, "covered_branches": 0, "missing_branches": 4}, "missing_lines": [69, 71, 72, 74, 77, 79], "excluded_lines": [], "executed_branches": [], "missing_branches": [[69, 71], [69, 72], [72, 74], [72, 77]]}, "VersionController.detect_changes": {"executed_lines": [], "summary": {"covered_lines": 0, "num_statements": 19, "percent_covered": 0.0, "percent_covered_display": "0", "missing_lines": 19, "excluded_lines": 0, "num_branches": 12, "num_partial_branches": 0, "covered_branches": 0, "missing_branches": 12}, "missing_lines": [83, 86, 87, 88, 89, 91, 93, 95, 98, 99, 100, 102, 105, 106, 107, 108, 109, 110, 112], "excluded_lines": [], "executed_branches": [], "missing_branches": [[86, 87], [86, 93], [88, 89], [88, 91], [99, 100], [99, 112], [100, 102], [100, 112], [107, 108], [107, 109], [109, 110], [109, 112]]}, "VersionController.create_version": {"executed_lines": [], "summary": {"covered_lines": 0, "num_statements": 17, "percent_covered": 0.0, "percent_covered_display": "0", "missing_lines": 17, "excluded_lines": 0, "num_branches": 2, "num_partial_branches": 0, "covered_branches": 0, "missing_branches": 2}, "missing_lines": [125, 126, 127, 129, 132, 135, 145, 146, 149, 150, 151, 154, 155, 158, 161, 163, 164], "excluded_lines": [], "executed_branches": [], "missing_branches": [[126, 127], [126, 129]]}, "VersionController.get_version": {"executed_lines": [], "summary": {"covered_lines": 0, "num_statements": 12, "percent_covered": 0.0, "percent_covered_display": "0", "missing_lines": 12, "excluded_lines": 0, "num_branches": 2, "num_partial_branches": 0, "covered_branches": 0, "missing_branches": 2}, "missing_lines": [169, 170, 171, 172, 175, 176, 177, 178, 181, 184, 185, 187], "excluded_lines": [], "executed_branches": [], "missing_branches": [[176, 177], [176, 181]]}, "VersionController.rollback": {"executed_lines": [], "summary": {"covered_lines": 0, "num_statements": 9, "percent_covered": 0.0, "percent_covered_display": "0", "missing_lines": 9, "excluded_lines": 0, "num_branches": 2, "num_partial_branches": 0, "covered_branches": 0, "missing_branches": 2}, "missing_lines": [191, 192, 193, 194, 196, 199, 202, 204, 205], "excluded_lines": [], "executed_branches": [], "missing_branches": [[192, 193], [192, 196]]}, "VersionController.create_snapshot": {"executed_lines": [], "summary": {"covered_lines": 0, "num_statements": 9, "percent_covered": 0.0, "percent_covered_display": "0", "missing_lines": 9, "excluded_lines": 0, "num_branches": 2, "num_partial_branches": 0, "covered_branches": 0, "missing_branches": 2}, "missing_lines": [209, 210, 212, 213, 214, 215, 216, 218, 220], "excluded_lines": [], "executed_branches": [], "missing_branches": [[213, 214], [213, 220]]}, "VersionController.get_current_version": {"executed_lines": [], "summary": {"covered_lines": 0, "num_statements": 7, "percent_covered": 0.0, "percent_covered_display": "0", "missing_lines": 7, "excluded_lines": 0, "num_branches": 2, "num_partial_branches": 0, "covered_branches": 0, "missing_branches": 2}, "missing_lines": [224, 225, 226, 227, 228, 229, 230], "excluded_lines": [], "executed_branches": [], "missing_branches": [[224, 225], [224, 230]]}, "VersionController._set_current_version": {"executed_lines": [], "summary": {"covered_lines": 0, "num_statements": 2, "percent_covered": 0.0, "percent_covered_display": "0", "missing_lines": 2, "excluded_lines": 0, "num_branches": 0, "num_partial_branches": 0, "covered_branches": 0, "missing_branches": 0}, "missing_lines": [234, 235], "excluded_lines": [], "executed_branches": [], "missing_branches": []}, "VersionController._save_data": {"executed_lines": [], "summary": {"covered_lines": 0, "num_statements": 10, "percent_covered": 0.0, "percent_covered_display": "0", "missing_lines": 10, "excluded_lines": 0, "num_branches": 4, "num_partial_branches": 0, "covered_branches": 0, "missing_branches": 4}, "missing_lines": [239, 241, 242, 243, 245, 246, 247, 250, 251, 252], "excluded_lines": [], "executed_branches": [], "missing_branches": [[239, 241], [239, 243], [243, 245], [243, 250]]}, "VersionController._load_data": {"executed_lines": [], "summary": {"covered_lines": 0, "num_statements": 8, "percent_covered": 0.0, "percent_covered_display": "0", "missing_lines": 8, "excluded_lines": 0, "num_branches": 4, "num_partial_branches": 0, "covered_branches": 0, "missing_branches": 4}, "missing_lines": [257, 258, 259, 262, 263, 264, 265, 268], "excluded_lines": [], "executed_branches": [], "missing_branches": [[258, 259], [258, 262], [263, 264], [263, 268]]}, "VersionController._get_data_size": {"executed_lines": [], "summary": {"covered_lines": 0, "num_statements": 3, "percent_covered": 0.0, "percent_covered_display": "0", "missing_lines": 3, "excluded_lines": 0, "num_branches": 2, "num_partial_branches": 0, "covered_branches": 0, "missing_branches": 2}, "missing_lines": [272, 273, 275], "excluded_lines": [], "executed_branches": [], "missing_branches": [[272, 273], [272, 275]]}, "VersionController._cleanup_old_versions": {"executed_lines": [], "summary": {"covered_lines": 0, "num_statements": 14, "percent_covered": 0.0, "percent_covered_display": "0", "missing_lines": 14, "excluded_lines": 0, "num_branches": 8, "num_partial_branches": 0, "covered_branches": 0, "missing_branches": 8}, "missing_lines": [279, 281, 283, 284, 287, 288, 289, 290, 292, 293, 294, 296, 299, 300], "excluded_lines": [], "executed_branches": [], "missing_branches": [[279, -277], [279, 281], [283, 284], [283, 299], [292, 293], [292, 296], [293, 292], [293, 294]]}, "VersionController.get_version_diff": {"executed_lines": [], "summary": {"covered_lines": 0, "num_statements": 11, "percent_covered": 0.0, "percent_covered_display": "0", "missing_lines": 11, "excluded_lines": 0, "num_branches": 4, "num_partial_branches": 0, "covered_branches": 0, "missing_branches": 4}, "missing_lines": [304, 305, 307, 308, 310, 311, 313, 324, 325, 326, 328], "excluded_lines": [], "executed_branches": [], "missing_branches": [[307, 308], [307, 310], [324, 325], [324, 328]]}, "VersionController.list_versions": {"executed_lines": [], "summary": {"covered_lines": 0, "num_statements": 6, "percent_covered": 0.0, "percent_covered_display": "0", "missing_lines": 6, "excluded_lines": 0, "num_branches": 2, "num_partial_branches": 0, "covered_branches": 0, "missing_branches": 2}, "missing_lines": [332, 333, 335, 336, 337, 347], "excluded_lines": [], "executed_branches": [], "missing_branches": [[336, 337], [336, 347]]}, "VersionController.validate_integrity": {"executed_lines": [], "summary": {"covered_lines": 0, "num_statements": 13, "percent_covered": 0.0, "percent_covered_display": "0", "missing_lines": 13, "excluded_lines": 0, "num_branches": 4, "num_partial_branches": 0, "covered_branches": 0, "missing_branches": 4}, "missing_lines": [351, 352, 353, 355, 358, 359, 361, 363, 364, 365, 366, 368, 370], "excluded_lines": [], "executed_branches": [], "missing_branches": [[352, 353], [352, 355], [363, 364], [363, 368]]}, "VersionController.auto_version_on_change": {"executed_lines": [], "summary": {"covered_lines": 0, "num_statements": 5, "percent_covered": 0.0, "percent_covered_display": "0", "missing_lines": 5, "excluded_lines": 0, "num_branches": 2, "num_partial_branches": 0, "covered_branches": 0, "missing_branches": 2}, "missing_lines": [375, 377, 379, 380, 382], "excluded_lines": [], "executed_branches": [], "missing_branches": [[377, 379], [377, 382]]}, "": {"executed_lines": [2, 10, 11, 12, 13, 14, 15, 17, 20, 21, 29, 49, 59, 67, 81, 120, 166, 189, 207, 222, 232, 237, 254, 270, 277, 302, 330, 349, 372, 385], "summary": {"covered_lines": 27, "num_statements": 27, "percent_covered": 100.0, "percent_covered_display": "100", "missing_lines": 0, "excluded_lines": 10, "num_branches": 0, "num_partial_branches": 0, "covered_branches": 0, "missing_branches": 0}, "missing_lines": [], "excluded_lines": [385, 387, 389, 392, 401, 402, 405, 406, 409, 410], "executed_branches": [], "missing_branches": []}}, "classes": {"VersionController": {"executed_lines": [], "summary": {"covered_lines": 0, "num_statements": 174, "percent_covered": 0.0, "percent_covered_display": "0", "missing_lines": 174, "excluded_lines": 0, "num_branches": 58, "num_partial_branches": 0, "covered_branches": 0, "missing_branches": 58}, "missing_lines": [30, 31, 32, 33, 36, 37, 38, 41, 42, 45, 47, 51, 52, 53, 54, 55, 56, 57, 61, 62, 63, 64, 65, 69, 71, 72, 74, 77, 79, 83, 86, 87, 88, 89, 91, 93, 95, 98, 99, 100, 102, 105, 106, 107, 108, 109, 110, 112, 125, 126, 127, 129, 132, 135, 145, 146, 149, 150, 151, 154, 155, 158, 161, 163, 164, 169, 170, 171, 172, 175, 176, 177, 178, 181, 184, 185, 187, 191, 192, 193, 194, 196, 199, 202, 204, 205, 209, 210, 212, 213, 214, 215, 216, 218, 220, 224, 225, 226, 227, 228, 229, 230, 234, 235, 239, 241, 242, 243, 245, 246, 247, 250, 251, 252, 257, 258, 259, 262, 263, 264, 265, 268, 272, 273, 275, 279, 281, 283, 284, 287, 288, 289, 290, 292, 293, 294, 296, 299, 300, 304, 305, 307, 308, 310, 311, 313, 324, 325, 326, 328, 332, 333, 335, 336, 337, 347, 351, 352, 353, 355, 358, 359, 361, 363, 364, 365, 366, 368, 370, 375, 377, 379, 380, 382], "excluded_lines": [], "executed_branches": [], "missing_branches": [[51, 52], [51, 57], [69, 71], [69, 72], [72, 74], [72, 77], [86, 87], [86, 93], [88, 89], [88, 91], [99, 100], [99, 112], [100, 102], [100, 112], [107, 108], [107, 109], [109, 110], [109, 112], [126, 127], [126, 129], [176, 177], [176, 181], [192, 193], [192, 196], [213, 214], [213, 220], [224, 225], [224, 230], [239, 241], [239, 243], [243, 245], [243, 250], [258, 259], [258, 262], [263, 264], [263, 268], [272, 273], [272, 275], [279, -277], [279, 281], [283, 284], [283, 299], [292, 293], [292, 296], [293, 292], [293, 294], [307, 308], [307, 310], [324, 325], [324, 328], [336, 337], [336, 347], [352, 353], [352, 355], [363, 364], [363, 368], [377, 379], [377, 382]]}, "": {"executed_lines": [2, 10, 11, 12, 13, 14, 15, 17, 20, 21, 29, 49, 59, 67, 81, 120, 166, 189, 207, 222, 232, 237, 254, 270, 277, 302, 330, 349, 372, 385], "summary": {"covered_lines": 27, "num_statements": 27, "percent_covered": 100.0, "percent_covered_display": "100", "missing_lines": 0, "excluded_lines": 10, "num_branches": 0, "num_partial_branches": 0, "covered_branches": 0, "missing_branches": 0}, "missing_lines": [], "excluded_lines": [385, 387, 389, 392, 401, 402, 405, 406, 409, 410], "executed_branches": [], "missing_branches": []}}}, "src/wikidata_fetcher.py": {"executed_lines": [2, 15, 16, 17, 18, 20, 23, 26, 27, 29, 49, 63, 100, 142, 171, 177], "summary": {"covered_lines": 13, "num_statements": 72, "percent_covered": 15.853658536585366, "percent_covered_display": "16", "missing_lines": 59, "excluded_lines": 8, "num_branches": 10, "num_partial_branches": 0, "covered_branches": 0, "missing_branches": 10}, "missing_lines": [35, 36, 37, 46, 47, 51, 52, 54, 55, 56, 58, 59, 60, 61, 73, 74, 82, 83, 84, 85, 86, 88, 89, 90, 91, 93, 95, 96, 97, 98, 110, 111, 119, 120, 121, 122, 123, 125, 126, 127, 128, 130, 131, 132, 133, 135, 137, 138, 139, 140, 158, 159, 160, 163, 164, 165, 168, 169, 173], "excluded_lines": [177, 178, 180, 189, 191, 192, 193, 195], "executed_branches": [], "missing_branches": [[51, 52], [51, 54], [89, 90], [89, 93], [131, 132], [131, 135], [158, 159], [158, 163], [164, 165], [164, 168]], "functions": {"WikidataFetcher.__init__": {"executed_lines": [], "summary": {"covered_lines": 0, "num_statements": 5, "percent_covered": 0.0, "percent_covered_display": "0", "missing_lines": 5, "excluded_lines": 0, "num_branches": 0, "num_partial_branches": 0, "covered_branches": 0, "missing_branches": 0}, "missing_lines": [35, 36, 37, 46, 47], "excluded_lines": [], "executed_branches": [], "missing_branches": []}, "WikidataFetcher._load_overrides": {"executed_lines": [], "summary": {"covered_lines": 0, "num_statements": 9, "percent_covered": 0.0, "percent_covered_display": "0", "missing_lines": 9, "excluded_lines": 0, "num_branches": 2, "num_partial_branches": 0, "covered_branches": 0, "missing_branches": 2}, "missing_lines": [51, 52, 54, 55, 56, 58, 59, 60, 61], "excluded_lines": [], "executed_branches": [], "missing_branches": [[51, 52], [51, 54]]}, "WikidataFetcher.search_entity": {"executed_lines": [], "summary": {"covered_lines": 0, "num_statements": 16, "percent_covered": 0.0, "percent_covered_display": "0", "missing_lines": 16, "excluded_lines": 0, "num_branches": 2, "num_partial_branches": 0, "covered_branches": 0, "missing_branches": 2}, "missing_lines": [73, 74, 82, 83, 84, 85, 86, 88, 89, 90, 91, 93, 95, 96, 97, 98], "excluded_lines": [], "executed_branches": [], "missing_branches": [[89, 90], [89, 93]]}, "WikidataFetcher.get_jawiki_title": {"executed_lines": [], "summary": {"covered_lines": 0, "num_statements": 20, "percent_covered": 0.0, "percent_covered_display": "0", "missing_lines": 20, "excluded_lines": 0, "num_branches": 2, "num_partial_branches": 0, "covered_branches": 0, "missing_branches": 2}, "missing_lines": [110, 111, 119, 120, 121, 122, 123, 125, 126, 127, 128, 130, 131, 132, 133, 135, 137, 138, 139, 140], "excluded_lines": [], "executed_branches": [], "missing_branches": [[131, 132], [131, 135]]}, "WikidataFetcher.resolve_person": {"executed_lines": [], "summary": {"covered_lines": 0, "num_statements": 8, "percent_covered": 0.0, "percent_covered_display": "0", "missing_lines": 8, "excluded_lines": 0, "num_branches": 4, "num_partial_branches": 0, "covered_branches": 0, "missing_branches": 4}, "missing_lines": [158, 159, 160, 163, 164, 165, 168, 169], "excluded_lines": [], "executed_branches": [], "missing_branches": [[158, 159], [158, 163], [164, 165], [164, 168]]}, "WikidataFetcher.get_stats": {"executed_lines": [], "summary": {"covered_lines": 0, "num_statements": 1, "percent_covered": 0.0, "percent_covered_display": "0", "missing_lines": 1, "excluded_lines": 0, "num_branches": 0, "num_partial_branches": 0, "covered_branches": 0, "missing_branches": 0}, "missing_lines": [173], "excluded_lines": [], "executed_branches": [], "missing_branches": []}, "": {"executed_lines": [2, 15, 16, 17, 18, 20, 23, 26, 27, 29, 49, 63, 100, 142, 171, 177], "summary": {"covered_lines": 13, "num_statements": 13, "percent_covered": 100.0, "percent_covered_display": "100", "missing_lines": 0, "excluded_lines": 8, "num_branches": 0, "num_partial_branches": 0, "covered_branches": 0, "missing_branches": 0}, "missing_lines": [], "excluded_lines": [177, 178, 180, 189, 191, 192, 193, 195], "executed_branches": [], "missing_branches": []}}, "classes": {"WikidataFetcher": {"executed_lines": [], "summary": {"covered_lines": 0, "num_statements": 59, "percent_covered": 0.0, "percent_covered_display": "0", "missing_lines": 59, "excluded_lines": 0, "num_branches": 10, "num_partial_branches": 0, "covered_branches": 0, "missing_branches": 10}, "missing_lines": [35, 36, 37, 46, 47, 51, 52, 54, 55, 56, 58, 59, 60, 61, 73, 74, 82, 83, 84, 85, 86, 88, 89, 90, 91, 93, 95, 96, 97, 98, 110, 111, 119, 120, 121, 122, 123, 125, 126, 127, 128, 130, 131, 132, 133, 135, 137, 138, 139, 140, 158, 159, 160, 163, 164, 165, 168, 169, 173], "excluded_lines": [], "executed_branches": [], "missing_branches": [[51, 52], [51, 54], [89, 90], [89, 93], [131, 132], [131, 135], [158, 159], [158, 163], [164, 165], [164, 168]]}, "": {"executed_lines": [2, 15, 16, 17, 18, 20, 23, 26, 27, 29, 49, 63, 100, 142, 171, 177], "summary": {"covered_lines": 13, "num_statements": 13, "percent_covered": 100.0, "percent_covered_display": "100", "missing_lines": 0, "excluded_lines": 8, "num_branches": 0, "num_partial_branches": 0, "covered_branches": 0, "missing_branches": 0}, "missing_lines": [], "excluded_lines": [177, 178, 180, 189, 191, 192, 193, 195], "executed_branches": [], "missing_branches": []}}}}, "totals": {"covered_lines": 1572, "num_statements": 8319, "percent_covered": 14.923963351279872, "percent_covered_display": "15", "missing_lines": 6747, "excluded_lines": 500, "num_branches": 2268, "num_partial_branches": 2, "covered_branches": 8, "missing_branches": 2260}}
